GROUND TRUTH
Ground truth is provided in cdr-disease.
Data split file detected, splitting into train/test...
Train/test split of 869/3475...
GROUND TRUTH DONE

PROBLEM FILE
Sampling 3 instances for ground truth...
Writing to file...
PROBLEM FILE DONE

SYNTHESIS
Spinning up Hera for synthesis...
GROUND TRUTH
Ground truth is provided in cdr-disease.
Data split file detected, splitting into train/test...
Train/test split of 869/3475...
GROUND TRUTH DONE

PROBLEM FILE
Sampling 1 instances for ground truth...
Writing to file...
PROBLEM FILE DONE

SYNTHESIS
Spinning up Hera for synthesis...
Synthesized 82 motifs...
SYNTHESIS DONE

EVALUATION
Spinning up Hera for evaluation...
EVALUATION DONE

ANALYSIS
Constructing ensembles...
Extracting target vertices...
Starting evaluation...
Computing disjunction image...
Computing disjunction stats...
{"benchmark": "cdr-disease", "ensemble": "disjunction", "al-step": 0, "examples": 1, "precision": 0.11323763955342903, "recall": 0.05252450527094507, "f1": 0.07176247631080228, "synth-time": 27.631882667541504, "eval-time": 762.1733701229095, "al-time": 0.06754350662231445, "ensemble-time": 20.248297452926636, "run": 1, "threshold": 0}
Computing majority vote image for threshold 0.0...
Computing performance statistics for majority vote at threshold 0.0...
{"benchmark": "cdr-disease", "ensemble": "majority-vote", "al-step": 0, "examples": 1, "precision": 0.11323763955342903, "recall": 0.05252450527094507, "f1": 0.07176247631080228, "synth-time": 27.631882667541504, "eval-time": 762.1733701229095, "al-time": 0.04056215286254883, "ensemble-time": 20.248297452926636, "run": 1, "threshold": 0.0}
Computing majority vote image for threshold 0.003333333333333333...
Computing performance statistics for majority vote at threshold 0.003333333333333333...
{"benchmark": "cdr-disease", "ensemble": "majority-vote", "al-step": 0, "examples": 1, "precision": 0.11323763955342903, "recall": 0.05252450527094507, "f1": 0.07176247631080228, "synth-time": 27.631882667541504, "eval-time": 762.1733701229095, "al-time": 0.02139425277709961, "ensemble-time": 20.248297452926636, "run": 1, "threshold": 0.003333333333333333}
Computing majority vote image for threshold 0.006666666666666666...
Computing performance statistics for majority vote at threshold 0.006666666666666666...
{"benchmark": "cdr-disease", "ensemble": "majority-vote", "al-step": 0, "examples": 1, "precision": 0.11323763955342903, "recall": 0.05252450527094507, "f1": 0.07176247631080228, "synth-time": 27.631882667541504, "eval-time": 762.1733701229095, "al-time": 0.038130998611450195, "ensemble-time": 20.248297452926636, "run": 1, "threshold": 0.006666666666666666}
Computing majority vote image for threshold 0.01...
Computing performance statistics for majority vote at threshold 0.01...
{"benchmark": "cdr-disease", "ensemble": "majority-vote", "al-step": 0, "examples": 1, "precision": 0.11323763955342903, "recall": 0.05252450527094507, "f1": 0.07176247631080228, "synth-time": 27.631882667541504, "eval-time": 762.1733701229095, "al-time": 0.01738882064819336, "ensemble-time": 20.248297452926636, "run": 1, "threshold": 0.01}
Computing majority vote image for threshold 0.013333333333333332...
Computing performance statistics for majority vote at threshold 0.013333333333333332...
{"benchmark": "cdr-disease", "ensemble": "majority-vote", "al-step": 0, "examples": 1, "precision": 0.11323763955342903, "recall": 0.05252450527094507, "f1": 0.07176247631080228, "synth-time": 27.631882667541504, "eval-time": 762.1733701229095, "al-time": 0.033469200134277344, "ensemble-time": 20.248297452926636, "run": 1, "threshold": 0.013333333333333332}
Computing majority vote image for threshold 0.016666666666666666...
Computing performance statistics for majority vote at threshold 0.016666666666666666...
{"benchmark": "cdr-disease", "ensemble": "majority-vote", "al-step": 0, "examples": 1, "precision": 0.11323763955342903, "recall": 0.05252450527094507, "f1": 0.07176247631080228, "synth-time": 27.631882667541504, "eval-time": 762.1733701229095, "al-time": 0.02691054344177246, "ensemble-time": 20.248297452926636, "run": 1, "threshold": 0.016666666666666666}
Computing majority vote image for threshold 0.02...
Computing performance statistics for majority vote at threshold 0.02...
{"benchmark": "cdr-disease", "ensemble": "majority-vote", "al-step": 0, "examples": 1, "precision": 0.11323763955342903, "recall": 0.05252450527094507, "f1": 0.07176247631080228, "synth-time": 27.631882667541504, "eval-time": 762.1733701229095, "al-time": 0.01518559455871582, "ensemble-time": 20.248297452926636, "run": 1, "threshold": 0.02}
Computing majority vote image for threshold 0.023333333333333334...
Computing performance statistics for majority vote at threshold 0.023333333333333334...
{"benchmark": "cdr-disease", "ensemble": "majority-vote", "al-step": 0, "examples": 1, "precision": 0.11323763955342903, "recall": 0.05252450527094507, "f1": 0.07176247631080228, "synth-time": 27.631882667541504, "eval-time": 762.1733701229095, "al-time": 0.03873324394226074, "ensemble-time": 20.248297452926636, "run": 1, "threshold": 0.023333333333333334}
Computing majority vote image for threshold 0.026666666666666665...
Computing performance statistics for majority vote at threshold 0.026666666666666665...
{"benchmark": "cdr-disease", "ensemble": "majority-vote", "al-step": 0, "examples": 1, "precision": 0.1139189731247493, "recall": 0.05252450527094507, "f1": 0.07189873417721519, "synth-time": 27.631882667541504, "eval-time": 762.1733701229095, "al-time": 0.017002582550048828, "ensemble-time": 20.248297452926636, "run": 1, "threshold": 0.026666666666666665}
Computing majority vote image for threshold 0.03...
Computing performance statistics for majority vote at threshold 0.03...
{"benchmark": "cdr-disease", "ensemble": "majority-vote", "al-step": 0, "examples": 1, "precision": 0.1139189731247493, "recall": 0.05252450527094507, "f1": 0.07189873417721519, "synth-time": 27.631882667541504, "eval-time": 762.1733701229095, "al-time": 0.01775360107421875, "ensemble-time": 20.248297452926636, "run": 1, "threshold": 0.03}
Computing image for weighted majority at step 0...
Computing performance statistics for weighted vote at step 0...
{"benchmark": "cdr-disease", "ensemble": "weighted-vote", "al-step": 0, "examples": 1, "precision": 0.0, "recall": 0.0, "f1": 0.0, "synth-time": 27.631882667541504, "eval-time": 762.1733701229095, "al-time": 0.04535961151123047, "ensemble-time": 20.248297452926636, "run": 1, "threshold": 0}
Checking for a candidate split...
Splitting on node 57382...
Computing image for weighted majority at step 1...
Computing performance statistics for weighted vote at step 1...
{"benchmark": "cdr-disease", "ensemble": "weighted-vote", "al-step": 1, "examples": 1, "precision": 0.15149769585253456, "recall": 0.04864065100795265, "f1": 0.07363852722945541, "synth-time": 27.631882667541504, "eval-time": 762.1733701229095, "al-time": 0.02695488929748535, "ensemble-time": 20.248297452926636, "run": 1, "threshold": 0}
Checking for a candidate split...
Splitting on node 115012...
Computing image for weighted majority at step 2...
Computing performance statistics for weighted vote at step 2...
{"benchmark": "cdr-disease", "ensemble": "weighted-vote", "al-step": 2, "examples": 1, "precision": 0.15149769585253456, "recall": 0.04864065100795265, "f1": 0.07363852722945541, "synth-time": 27.631882667541504, "eval-time": 762.1733701229095, "al-time": 0.05527162551879883, "ensemble-time": 20.248297452926636, "run": 1, "threshold": 0}
Checking for a candidate split...
Splitting on node 115012...
Computing image for weighted majority at step 3...
Computing performance statistics for weighted vote at step 3...
{"benchmark": "cdr-disease", "ensemble": "weighted-vote", "al-step": 3, "examples": 1, "precision": 0.15149769585253456, "recall": 0.04864065100795265, "f1": 0.07363852722945541, "synth-time": 27.631882667541504, "eval-time": 762.1733701229095, "al-time": 0.042703866958618164, "ensemble-time": 20.248297452926636, "run": 1, "threshold": 0}
Checking for a candidate split...
Splitting on node 12608...
Computing image for weighted majority at step 4...
Computing performance statistics for weighted vote at step 4...
{"benchmark": "cdr-disease", "ensemble": "weighted-vote", "al-step": 4, "examples": 1, "precision": 0.15149769585253456, "recall": 0.04864065100795265, "f1": 0.07363852722945541, "synth-time": 27.631882667541504, "eval-time": 762.1733701229095, "al-time": 0.03567075729370117, "ensemble-time": 20.248297452926636, "run": 1, "threshold": 0}
Checking for a candidate split...
Splitting on node 115012...
Computing image for weighted majority at step 5...
Computing performance statistics for weighted vote at step 5...
{"benchmark": "cdr-disease", "ensemble": "weighted-vote", "al-step": 5, "examples": 1, "precision": 0.15149769585253456, "recall": 0.04864065100795265, "f1": 0.07363852722945541, "synth-time": 27.631882667541504, "eval-time": 762.1733701229095, "al-time": 0.04875969886779785, "ensemble-time": 20.248297452926636, "run": 1, "threshold": 0}
Checking for a candidate split...
Splitting on node 115012...
Computing image for weighted majority at step 6...
Computing performance statistics for weighted vote at step 6...
{"benchmark": "cdr-disease", "ensemble": "weighted-vote", "al-step": 6, "examples": 1, "precision": 0.15149769585253456, "recall": 0.04864065100795265, "f1": 0.07363852722945541, "synth-time": 27.631882667541504, "eval-time": 762.1733701229095, "al-time": 0.056020498275756836, "ensemble-time": 20.248297452926636, "run": 1, "threshold": 0}
Checking for a candidate split...
Splitting on node 115012...
Computing image for weighted majority at step 7...
Computing performance statistics for weighted vote at step 7...
{"benchmark": "cdr-disease", "ensemble": "weighted-vote", "al-step": 7, "examples": 1, "precision": 0.15149769585253456, "recall": 0.04864065100795265, "f1": 0.07363852722945541, "synth-time": 27.631882667541504, "eval-time": 762.1733701229095, "al-time": 0.012727022171020508, "ensemble-time": 20.248297452926636, "run": 1, "threshold": 0}
Checking for a candidate split...
Splitting on node 115012...
Computing image for weighted majority at step 8...
Computing performance statistics for weighted vote at step 8...
{"benchmark": "cdr-disease", "ensemble": "weighted-vote", "al-step": 8, "examples": 1, "precision": 0.15149769585253456, "recall": 0.04864065100795265, "f1": 0.07363852722945541, "synth-time": 27.631882667541504, "eval-time": 762.1733701229095, "al-time": 0.030577659606933594, "ensemble-time": 20.248297452926636, "run": 1, "threshold": 0}
Checking for a candidate split...
Splitting on node 115012...
Computing image for weighted majority at step 9...
Computing performance statistics for weighted vote at step 9...
{"benchmark": "cdr-disease", "ensemble": "weighted-vote", "al-step": 9, "examples": 1, "precision": 0.15149769585253456, "recall": 0.04864065100795265, "f1": 0.07363852722945541, "synth-time": 27.631882667541504, "eval-time": 762.1733701229095, "al-time": 0.018030643463134766, "ensemble-time": 20.248297452926636, "run": 1, "threshold": 0}
Checking for a candidate split...
Splitting on node 115012...
Computing image for weighted majority at step 10...
Computing performance statistics for weighted vote at step 10...
{"benchmark": "cdr-disease", "ensemble": "weighted-vote", "al-step": 10, "examples": 1, "precision": 0.15149769585253456, "recall": 0.04864065100795265, "f1": 0.07363852722945541, "synth-time": 27.631882667541504, "eval-time": 762.1733701229095, "al-time": 0.029890060424804688, "ensemble-time": 20.248297452926636, "run": 1, "threshold": 0}
Checking for a candidate split...
Splitting on node 115012...
EVALUATION DONE
GROUND TRUTH
Ground truth is provided in cdr-disease.
Data split file detected, splitting into train/test...
Train/test split of 869/3475...
GROUND TRUTH DONE

PROBLEM FILE
Sampling 1 instances for ground truth...
Writing to file...
PROBLEM FILE DONE

SYNTHESIS
Spinning up Hera for synthesis...
Synthesized 208 motifs...
SYNTHESIS DONE

EVALUATION
Spinning up Hera for evaluation...
EVALUATION DONE

ANALYSIS
Constructing ensembles...
Extracting target vertices...
Starting evaluation...
Computing disjunction image...
Computing disjunction stats...
{"benchmark": "cdr-disease", "ensemble": "disjunction", "al-step": 0, "examples": 1, "precision": 0.36631779257849667, "recall": 0.35601997410763825, "f1": 0.36109547927218155, "synth-time": 21.494144201278687, "eval-time": 1170.4103088378906, "al-time": 0.10256719589233398, "ensemble-time": 34.80316424369812, "run": 2, "threshold": 0}
Computing majority vote image for threshold 0.0...
Computing performance statistics for majority vote at threshold 0.0...
{"benchmark": "cdr-disease", "ensemble": "majority-vote", "al-step": 0, "examples": 1, "precision": 0.36631779257849667, "recall": 0.35601997410763825, "f1": 0.36109547927218155, "synth-time": 21.494144201278687, "eval-time": 1170.4103088378906, "al-time": 0.11470508575439453, "ensemble-time": 34.80316424369812, "run": 2, "threshold": 0.0}
Computing majority vote image for threshold 0.003333333333333333...
Computing performance statistics for majority vote at threshold 0.003333333333333333...
{"benchmark": "cdr-disease", "ensemble": "majority-vote", "al-step": 0, "examples": 1, "precision": 0.36631779257849667, "recall": 0.35601997410763825, "f1": 0.36109547927218155, "synth-time": 21.494144201278687, "eval-time": 1170.4103088378906, "al-time": 0.14751172065734863, "ensemble-time": 34.80316424369812, "run": 2, "threshold": 0.003333333333333333}
Computing majority vote image for threshold 0.006666666666666666...
Computing performance statistics for majority vote at threshold 0.006666666666666666...
{"benchmark": "cdr-disease", "ensemble": "majority-vote", "al-step": 0, "examples": 1, "precision": 0.3671562082777036, "recall": 0.35601997410763825, "f1": 0.3615023474178404, "synth-time": 21.494144201278687, "eval-time": 1170.4103088378906, "al-time": 0.17007708549499512, "ensemble-time": 34.80316424369812, "run": 2, "threshold": 0.006666666666666666}
Computing majority vote image for threshold 0.01...
Computing performance statistics for majority vote at threshold 0.01...
{"benchmark": "cdr-disease", "ensemble": "majority-vote", "al-step": 0, "examples": 1, "precision": 0.358356940509915, "recall": 0.3275383761790272, "f1": 0.342255290366219, "synth-time": 21.494144201278687, "eval-time": 1170.4103088378906, "al-time": 0.1394810676574707, "ensemble-time": 34.80316424369812, "run": 2, "threshold": 0.01}
Computing majority vote image for threshold 0.013333333333333332...
Computing performance statistics for majority vote at threshold 0.013333333333333332...
{"benchmark": "cdr-disease", "ensemble": "majority-vote", "al-step": 0, "examples": 1, "precision": 0.358356940509915, "recall": 0.3275383761790272, "f1": 0.342255290366219, "synth-time": 21.494144201278687, "eval-time": 1170.4103088378906, "al-time": 0.11462879180908203, "ensemble-time": 34.80316424369812, "run": 2, "threshold": 0.013333333333333332}
Computing majority vote image for threshold 0.016666666666666666...
Computing performance statistics for majority vote at threshold 0.016666666666666666...
{"benchmark": "cdr-disease", "ensemble": "majority-vote", "al-step": 0, "examples": 1, "precision": 0.3584599797365755, "recall": 0.32716848529683745, "f1": 0.34210017404757304, "synth-time": 21.494144201278687, "eval-time": 1170.4103088378906, "al-time": 0.11893725395202637, "ensemble-time": 34.80316424369812, "run": 2, "threshold": 0.016666666666666666}
Computing majority vote image for threshold 0.02...
Computing performance statistics for majority vote at threshold 0.02...
{"benchmark": "cdr-disease", "ensemble": "majority-vote", "al-step": 0, "examples": 1, "precision": 0.38650306748466257, "recall": 0.3029406325134085, "f1": 0.33965785381026437, "synth-time": 21.494144201278687, "eval-time": 1170.4103088378906, "al-time": 0.08986926078796387, "ensemble-time": 34.80316424369812, "run": 2, "threshold": 0.02}
Computing majority vote image for threshold 0.023333333333333334...
Computing performance statistics for majority vote at threshold 0.023333333333333334...
{"benchmark": "cdr-disease", "ensemble": "majority-vote", "al-step": 0, "examples": 1, "precision": 0.38650306748466257, "recall": 0.3029406325134085, "f1": 0.33965785381026437, "synth-time": 21.494144201278687, "eval-time": 1170.4103088378906, "al-time": 0.03972768783569336, "ensemble-time": 34.80316424369812, "run": 2, "threshold": 0.023333333333333334}
Computing majority vote image for threshold 0.026666666666666665...
Computing performance statistics for majority vote at threshold 0.026666666666666665...
{"benchmark": "cdr-disease", "ensemble": "majority-vote", "al-step": 0, "examples": 1, "precision": 0.38650306748466257, "recall": 0.3029406325134085, "f1": 0.33965785381026437, "synth-time": 21.494144201278687, "eval-time": 1170.4103088378906, "al-time": 0.09975194931030273, "ensemble-time": 34.80316424369812, "run": 2, "threshold": 0.026666666666666665}
Computing majority vote image for threshold 0.03...
Computing performance statistics for majority vote at threshold 0.03...
{"benchmark": "cdr-disease", "ensemble": "majority-vote", "al-step": 0, "examples": 1, "precision": 0.3248788828726133, "recall": 0.21083780284815978, "f1": 0.25572005383580076, "synth-time": 21.494144201278687, "eval-time": 1170.4103088378906, "al-time": 0.0819098949432373, "ensemble-time": 34.80316424369812, "run": 2, "threshold": 0.03}
Computing image for weighted majority at step 0...
Computing performance statistics for weighted vote at step 0...
{"benchmark": "cdr-disease", "ensemble": "weighted-vote", "al-step": 0, "examples": 1, "precision": 0.0, "recall": 0.0, "f1": 0.0, "synth-time": 21.494144201278687, "eval-time": 1170.4103088378906, "al-time": 0.1636502742767334, "ensemble-time": 34.80316424369812, "run": 2, "threshold": 0}
Checking for a candidate split...
Splitting on node 94525...
Computing image for weighted majority at step 1...
Computing performance statistics for weighted vote at step 1...
{"benchmark": "cdr-disease", "ensemble": "weighted-vote", "al-step": 1, "examples": 1, "precision": 0.5634051571882727, "recall": 0.29498797854632886, "f1": 0.38722991017237196, "synth-time": 21.494144201278687, "eval-time": 1170.4103088378906, "al-time": 0.36621809005737305, "ensemble-time": 34.80316424369812, "run": 2, "threshold": 0}
Checking for a candidate split...
Splitting on node 17101...
Computing image for weighted majority at step 2...
Computing performance statistics for weighted vote at step 2...
{"benchmark": "cdr-disease", "ensemble": "weighted-vote", "al-step": 2, "examples": 1, "precision": 0.6580310880829016, "recall": 0.2818568522285926, "f1": 0.39466528551081187, "synth-time": 21.494144201278687, "eval-time": 1170.4103088378906, "al-time": 0.46143269538879395, "ensemble-time": 34.80316424369812, "run": 2, "threshold": 0}
Checking for a candidate split...
Splitting on node 114784...
Computing image for weighted majority at step 3...
Computing performance statistics for weighted vote at step 3...
{"benchmark": "cdr-disease", "ensemble": "weighted-vote", "al-step": 3, "examples": 1, "precision": 0.15973292244478685, "recall": 0.1150360643610135, "f1": 0.13374905924094185, "synth-time": 21.494144201278687, "eval-time": 1170.4103088378906, "al-time": 0.3810603618621826, "ensemble-time": 34.80316424369812, "run": 2, "threshold": 0}
Checking for a candidate split...
Splitting on node 91372...
Computing image for weighted majority at step 4...
Computing performance statistics for weighted vote at step 4...
{"benchmark": "cdr-disease", "ensemble": "weighted-vote", "al-step": 4, "examples": 1, "precision": 0.10851648351648352, "recall": 0.07305344923247642, "f1": 0.087321764120703, "synth-time": 21.494144201278687, "eval-time": 1170.4103088378906, "al-time": 0.3999946117401123, "ensemble-time": 34.80316424369812, "run": 2, "threshold": 0}
Checking for a candidate split...
Splitting on node 49906...
Computing image for weighted majority at step 5...
Computing performance statistics for weighted vote at step 5...
{"benchmark": "cdr-disease", "ensemble": "weighted-vote", "al-step": 5, "examples": 1, "precision": 0.10851648351648352, "recall": 0.07305344923247642, "f1": 0.087321764120703, "synth-time": 21.494144201278687, "eval-time": 1170.4103088378906, "al-time": 0.23431611061096191, "ensemble-time": 34.80316424369812, "run": 2, "threshold": 0}
Checking for a candidate split...
Splitting on node 49906...
Computing image for weighted majority at step 6...
Computing performance statistics for weighted vote at step 6...
{"benchmark": "cdr-disease", "ensemble": "weighted-vote", "al-step": 6, "examples": 1, "precision": 0.10851648351648352, "recall": 0.07305344923247642, "f1": 0.087321764120703, "synth-time": 21.494144201278687, "eval-time": 1170.4103088378906, "al-time": 0.4370546340942383, "ensemble-time": 34.80316424369812, "run": 2, "threshold": 0}
Checking for a candidate split...
Splitting on node 49906...
Computing image for weighted majority at step 7...
Computing performance statistics for weighted vote at step 7...
{"benchmark": "cdr-disease", "ensemble": "weighted-vote", "al-step": 7, "examples": 1, "precision": 0.10851648351648352, "recall": 0.07305344923247642, "f1": 0.087321764120703, "synth-time": 21.494144201278687, "eval-time": 1170.4103088378906, "al-time": 0.4439513683319092, "ensemble-time": 34.80316424369812, "run": 2, "threshold": 0}
Checking for a candidate split...
Splitting on node 49906...
Computing image for weighted majority at step 8...
Computing performance statistics for weighted vote at step 8...
{"benchmark": "cdr-disease", "ensemble": "weighted-vote", "al-step": 8, "examples": 1, "precision": 0.10851648351648352, "recall": 0.07305344923247642, "f1": 0.087321764120703, "synth-time": 21.494144201278687, "eval-time": 1170.4103088378906, "al-time": 0.4837620258331299, "ensemble-time": 34.80316424369812, "run": 2, "threshold": 0}
Checking for a candidate split...
Splitting on node 49906...
Computing image for weighted majority at step 9...
Computing performance statistics for weighted vote at step 9...
{"benchmark": "cdr-disease", "ensemble": "weighted-vote", "al-step": 9, "examples": 1, "precision": 0.10851648351648352, "recall": 0.07305344923247642, "f1": 0.087321764120703, "synth-time": 21.494144201278687, "eval-time": 1170.4103088378906, "al-time": 0.4092428684234619, "ensemble-time": 34.80316424369812, "run": 2, "threshold": 0}
Checking for a candidate split...
Splitting on node 49906...
Computing image for weighted majority at step 10...
Computing performance statistics for weighted vote at step 10...
{"benchmark": "cdr-disease", "ensemble": "weighted-vote", "al-step": 10, "examples": 1, "precision": 0.10851648351648352, "recall": 0.07305344923247642, "f1": 0.087321764120703, "synth-time": 21.494144201278687, "eval-time": 1170.4103088378906, "al-time": 0.3887820243835449, "ensemble-time": 34.80316424369812, "run": 2, "threshold": 0}
Checking for a candidate split...
Splitting on node 49906...
EVALUATION DONE
GROUND TRUTH
Ground truth is provided in cdr-disease.
Data split file detected, splitting into train/test...
Train/test split of 869/3475...
GROUND TRUTH DONE

PROBLEM FILE
Sampling 2 instances for ground truth...
Writing to file...
PROBLEM FILE DONE

SYNTHESIS
Spinning up Hera for synthesis...
Synthesized 225 motifs...
SYNTHESIS DONE

EVALUATION
Spinning up Hera for evaluation...
EVALUATION DONE

ANALYSIS
Constructing ensembles...
Extracting target vertices...
Starting evaluation...
Computing disjunction image...
Computing disjunction stats...
{"benchmark": "cdr-disease", "ensemble": "disjunction", "al-step": 0, "examples": 2, "precision": 0.07739174922096646, "recall": 0.923247641945626, "f1": 0.14281218709769702, "synth-time": 63.28274464607239, "eval-time": 1262.7053723335266, "al-time": 0.8816606998443604, "ensemble-time": 67.41457176208496, "run": 1, "threshold": 0}
Computing majority vote image for threshold 0.0...
Computing performance statistics for majority vote at threshold 0.0...
{"benchmark": "cdr-disease", "ensemble": "majority-vote", "al-step": 0, "examples": 2, "precision": 0.07739174922096646, "recall": 0.923247641945626, "f1": 0.14281218709769702, "synth-time": 63.28274464607239, "eval-time": 1262.7053723335266, "al-time": 0.8774211406707764, "ensemble-time": 67.41457176208496, "run": 1, "threshold": 0.0}
Computing majority vote image for threshold 0.003333333333333333...
Computing performance statistics for majority vote at threshold 0.003333333333333333...
{"benchmark": "cdr-disease", "ensemble": "majority-vote", "al-step": 0, "examples": 2, "precision": 0.07739174922096646, "recall": 0.923247641945626, "f1": 0.14281218709769702, "synth-time": 63.28274464607239, "eval-time": 1262.7053723335266, "al-time": 0.916325569152832, "ensemble-time": 67.41457176208496, "run": 1, "threshold": 0.003333333333333333}
Computing majority vote image for threshold 0.006666666666666666...
Computing performance statistics for majority vote at threshold 0.006666666666666666...
{"benchmark": "cdr-disease", "ensemble": "majority-vote", "al-step": 0, "examples": 2, "precision": 0.07913954595967614, "recall": 0.9219530238579619, "f1": 0.14576662719125105, "synth-time": 63.28274464607239, "eval-time": 1262.7053723335266, "al-time": 1.007657527923584, "ensemble-time": 67.41457176208496, "run": 1, "threshold": 0.006666666666666666}
Computing majority vote image for threshold 0.01...
Computing performance statistics for majority vote at threshold 0.01...
{"benchmark": "cdr-disease", "ensemble": "majority-vote", "al-step": 0, "examples": 2, "precision": 0.08273660598740402, "recall": 0.8868133900499353, "f1": 0.15135254568984566, "synth-time": 63.28274464607239, "eval-time": 1262.7053723335266, "al-time": 1.0175566673278809, "ensemble-time": 67.41457176208496, "run": 1, "threshold": 0.01}
Computing majority vote image for threshold 0.013333333333333332...
Computing performance statistics for majority vote at threshold 0.013333333333333332...
{"benchmark": "cdr-disease", "ensemble": "majority-vote", "al-step": 0, "examples": 2, "precision": 0.07955274334749068, "recall": 0.8487146291843906, "f1": 0.14547010714512143, "synth-time": 63.28274464607239, "eval-time": 1262.7053723335266, "al-time": 0.8137269020080566, "ensemble-time": 67.41457176208496, "run": 1, "threshold": 0.013333333333333332}
Computing majority vote image for threshold 0.016666666666666666...
Computing performance statistics for majority vote at threshold 0.016666666666666666...
{"benchmark": "cdr-disease", "ensemble": "majority-vote", "al-step": 0, "examples": 2, "precision": 0.07955274334749068, "recall": 0.8487146291843906, "f1": 0.14547010714512143, "synth-time": 63.28274464607239, "eval-time": 1262.7053723335266, "al-time": 0.5624096393585205, "ensemble-time": 67.41457176208496, "run": 1, "threshold": 0.016666666666666666}
Computing majority vote image for threshold 0.02...
Computing performance statistics for majority vote at threshold 0.02...
{"benchmark": "cdr-disease", "ensemble": "majority-vote", "al-step": 0, "examples": 2, "precision": 0.24543141337034466, "recall": 0.392454226003329, "f1": 0.30199957304490144, "synth-time": 63.28274464607239, "eval-time": 1262.7053723335266, "al-time": 0.544074535369873, "ensemble-time": 67.41457176208496, "run": 1, "threshold": 0.02}
Computing majority vote image for threshold 0.023333333333333334...
Computing performance statistics for majority vote at threshold 0.023333333333333334...
{"benchmark": "cdr-disease", "ensemble": "majority-vote", "al-step": 0, "examples": 2, "precision": 0.247024504084014, "recall": 0.39152949879785465, "f1": 0.30292623595907564, "synth-time": 63.28274464607239, "eval-time": 1262.7053723335266, "al-time": 0.6206347942352295, "ensemble-time": 67.41457176208496, "run": 1, "threshold": 0.023333333333333334}
Computing majority vote image for threshold 0.026666666666666665...
Computing performance statistics for majority vote at threshold 0.026666666666666665...
{"benchmark": "cdr-disease", "ensemble": "majority-vote", "al-step": 0, "examples": 2, "precision": 0.24847130761994354, "recall": 0.39078971703347515, "f1": 0.3037883689166846, "synth-time": 63.28274464607239, "eval-time": 1262.7053723335266, "al-time": 0.760725736618042, "ensemble-time": 67.41457176208496, "run": 1, "threshold": 0.026666666666666665}
Computing majority vote image for threshold 0.03...
Computing performance statistics for majority vote at threshold 0.03...
{"benchmark": "cdr-disease", "ensemble": "majority-vote", "al-step": 0, "examples": 2, "precision": 0.24847130761994354, "recall": 0.39078971703347515, "f1": 0.3037883689166846, "synth-time": 63.28274464607239, "eval-time": 1262.7053723335266, "al-time": 0.5621423721313477, "ensemble-time": 67.41457176208496, "run": 1, "threshold": 0.03}
Computing image for weighted majority at step 0...
Computing performance statistics for weighted vote at step 0...
{"benchmark": "cdr-disease", "ensemble": "weighted-vote", "al-step": 0, "examples": 2, "precision": 0.0, "recall": 0.0, "f1": 0.0, "synth-time": 63.28274464607239, "eval-time": 1262.7053723335266, "al-time": 1.1682860851287842, "ensemble-time": 67.41457176208496, "run": 1, "threshold": 0}
Checking for a candidate split...
Splitting on node 79321...
Computing image for weighted majority at step 1...
Computing performance statistics for weighted vote at step 1...
{"benchmark": "cdr-disease", "ensemble": "weighted-vote", "al-step": 1, "examples": 2, "precision": 0.11447368421052631, "recall": 0.0482707601257629, "f1": 0.06790685573045402, "synth-time": 63.28274464607239, "eval-time": 1262.7053723335266, "al-time": 1.5447123050689697, "ensemble-time": 67.41457176208496, "run": 1, "threshold": 0}
Checking for a candidate split...
Splitting on node 13048...
Computing image for weighted majority at step 2...
Computing performance statistics for weighted vote at step 2...
{"benchmark": "cdr-disease", "ensemble": "weighted-vote", "al-step": 2, "examples": 2, "precision": 0.3803680981595092, "recall": 0.045866469391529496, "f1": 0.08186169334873741, "synth-time": 63.28274464607239, "eval-time": 1262.7053723335266, "al-time": 1.654919147491455, "ensemble-time": 67.41457176208496, "run": 1, "threshold": 0}
Checking for a candidate split...
Splitting on node 57008...
Computing image for weighted majority at step 3...
Computing performance statistics for weighted vote at step 3...
{"benchmark": "cdr-disease", "ensemble": "weighted-vote", "al-step": 3, "examples": 2, "precision": 0.07699583806280741, "recall": 0.07527279452561494, "f1": 0.07612456747404844, "synth-time": 63.28274464607239, "eval-time": 1262.7053723335266, "al-time": 1.6830151081085205, "ensemble-time": 67.41457176208496, "run": 1, "threshold": 0}
Checking for a candidate split...
Splitting on node 25373...
Computing image for weighted majority at step 4...
Computing performance statistics for weighted vote at step 4...
{"benchmark": "cdr-disease", "ensemble": "weighted-vote", "al-step": 4, "examples": 2, "precision": 0.11447368421052631, "recall": 0.0482707601257629, "f1": 0.06790685573045402, "synth-time": 63.28274464607239, "eval-time": 1262.7053723335266, "al-time": 1.706099033355713, "ensemble-time": 67.41457176208496, "run": 1, "threshold": 0}
Checking for a candidate split...
Splitting on node 27832...
Computing image for weighted majority at step 5...
Computing performance statistics for weighted vote at step 5...
{"benchmark": "cdr-disease", "ensemble": "weighted-vote", "al-step": 5, "examples": 2, "precision": 0.3803680981595092, "recall": 0.045866469391529496, "f1": 0.08186169334873741, "synth-time": 63.28274464607239, "eval-time": 1262.7053723335266, "al-time": 1.7056424617767334, "ensemble-time": 67.41457176208496, "run": 1, "threshold": 0}
Checking for a candidate split...
Splitting on node 57008...
Computing image for weighted majority at step 6...
Computing performance statistics for weighted vote at step 6...
{"benchmark": "cdr-disease", "ensemble": "weighted-vote", "al-step": 6, "examples": 2, "precision": 0.05842387000728517, "recall": 0.6822637321990013, "f1": 0.10763103765189865, "synth-time": 63.28274464607239, "eval-time": 1262.7053723335266, "al-time": 1.423539161682129, "ensemble-time": 67.41457176208496, "run": 1, "threshold": 0}
Checking for a candidate split...
Splitting on node 13683...
Computing image for weighted majority at step 7...
Computing performance statistics for weighted vote at step 7...
{"benchmark": "cdr-disease", "ensemble": "weighted-vote", "al-step": 7, "examples": 2, "precision": 0.05505024806004325, "recall": 0.6402811170704642, "f1": 0.10138370305293212, "synth-time": 63.28274464607239, "eval-time": 1262.7053723335266, "al-time": 1.6970806121826172, "ensemble-time": 67.41457176208496, "run": 1, "threshold": 0}
Checking for a candidate split...
Splitting on node 7907...
Computing image for weighted majority at step 8...
Computing performance statistics for weighted vote at step 8...
{"benchmark": "cdr-disease", "ensemble": "weighted-vote", "al-step": 8, "examples": 2, "precision": 0.05505024806004325, "recall": 0.6402811170704642, "f1": 0.10138370305293212, "synth-time": 63.28274464607239, "eval-time": 1262.7053723335266, "al-time": 1.763167381286621, "ensemble-time": 67.41457176208496, "run": 1, "threshold": 0}
Checking for a candidate split...
Splitting on node 7907...
Computing image for weighted majority at step 9...
Computing performance statistics for weighted vote at step 9...
{"benchmark": "cdr-disease", "ensemble": "weighted-vote", "al-step": 9, "examples": 2, "precision": 0.05505024806004325, "recall": 0.6402811170704642, "f1": 0.10138370305293212, "synth-time": 63.28274464607239, "eval-time": 1262.7053723335266, "al-time": 1.9527103900909424, "ensemble-time": 67.41457176208496, "run": 1, "threshold": 0}
Checking for a candidate split...
Splitting on node 7907...
Computing image for weighted majority at step 10...
Computing performance statistics for weighted vote at step 10...
{"benchmark": "cdr-disease", "ensemble": "weighted-vote", "al-step": 10, "examples": 2, "precision": 0.05505024806004325, "recall": 0.6402811170704642, "f1": 0.10138370305293212, "synth-time": 63.28274464607239, "eval-time": 1262.7053723335266, "al-time": 1.5623257160186768, "ensemble-time": 67.41457176208496, "run": 1, "threshold": 0}
Checking for a candidate split...
Splitting on node 7907...
EVALUATION DONE
GROUND TRUTH
Ground truth is provided in cdr-disease.
Data split file detected, splitting into train/test...
Train/test split of 869/3475...
GROUND TRUTH DONE

PROBLEM FILE
Sampling 1 instances for ground truth...
Writing to file...
PROBLEM FILE DONE

SYNTHESIS
Spinning up Hera for synthesis...
Synthesized 366 motifs...
SYNTHESIS DONE

EVALUATION
Spinning up Hera for evaluation...
EVALUATION DONE

ANALYSIS
Constructing ensembles...
Extracting target vertices...
Starting evaluation...
Computing disjunction image...
Computing disjunction stats...
{"benchmark": "cdr-disease", "ensemble": "disjunction", "al-step": 0, "examples": 1, "precision": 0.07121677646143319, "recall": 0.9816904013316071, "f1": 0.1327995996997748, "synth-time": 2.189021348953247, "eval-time": 1579.819834470749, "al-time": 0.7553741931915283, "ensemble-time": 58.33192181587219, "run": 3, "threshold": 0}
Computing majority vote image for threshold 0.0...
Computing performance statistics for majority vote at threshold 0.0...
{"benchmark": "cdr-disease", "ensemble": "majority-vote", "al-step": 0, "examples": 1, "precision": 0.07121677646143319, "recall": 0.9816904013316071, "f1": 0.1327995996997748, "synth-time": 2.189021348953247, "eval-time": 1579.819834470749, "al-time": 0.7392637729644775, "ensemble-time": 58.33192181587219, "run": 3, "threshold": 0.0}
Computing majority vote image for threshold 0.003333333333333333...
Computing performance statistics for majority vote at threshold 0.003333333333333333...
{"benchmark": "cdr-disease", "ensemble": "majority-vote", "al-step": 0, "examples": 1, "precision": 0.07758889582033687, "recall": 0.9201035694470131, "f1": 0.14310987098537262, "synth-time": 2.189021348953247, "eval-time": 1579.819834470749, "al-time": 0.7997503280639648, "ensemble-time": 58.33192181587219, "run": 3, "threshold": 0.003333333333333333}
Computing majority vote image for threshold 0.006666666666666666...
Computing performance statistics for majority vote at threshold 0.006666666666666666...
{"benchmark": "cdr-disease", "ensemble": "majority-vote", "al-step": 0, "examples": 1, "precision": 0.07741595295922281, "recall": 0.8960606621046792, "f1": 0.14251886279066348, "synth-time": 2.189021348953247, "eval-time": 1579.819834470749, "al-time": 0.7329332828521729, "ensemble-time": 58.33192181587219, "run": 3, "threshold": 0.006666666666666666}
Computing majority vote image for threshold 0.01...
Computing performance statistics for majority vote at threshold 0.01...
{"benchmark": "cdr-disease", "ensemble": "majority-vote", "al-step": 0, "examples": 1, "precision": 0.07613284322380777, "recall": 0.8771962271130017, "f1": 0.14010575133666145, "synth-time": 2.189021348953247, "eval-time": 1579.819834470749, "al-time": 0.6894900798797607, "ensemble-time": 58.33192181587219, "run": 3, "threshold": 0.01}
Computing majority vote image for threshold 0.013333333333333332...
Computing performance statistics for majority vote at threshold 0.013333333333333332...
{"benchmark": "cdr-disease", "ensemble": "majority-vote", "al-step": 0, "examples": 1, "precision": 0.0774279526903215, "recall": 0.8596264102089883, "f1": 0.14206030227547106, "synth-time": 2.189021348953247, "eval-time": 1579.819834470749, "al-time": 0.6606769561767578, "ensemble-time": 58.33192181587219, "run": 3, "threshold": 0.013333333333333332}
Computing majority vote image for threshold 0.016666666666666666...
Computing performance statistics for majority vote at threshold 0.016666666666666666...
{"benchmark": "cdr-disease", "ensemble": "majority-vote", "al-step": 0, "examples": 1, "precision": 0.0781782041310172, "recall": 0.8365082300721287, "f1": 0.1429926338086055, "synth-time": 2.189021348953247, "eval-time": 1579.819834470749, "al-time": 0.7185986042022705, "ensemble-time": 58.33192181587219, "run": 3, "threshold": 0.016666666666666666}
Computing majority vote image for threshold 0.02...
Computing performance statistics for majority vote at threshold 0.02...
{"benchmark": "cdr-disease", "ensemble": "majority-vote", "al-step": 0, "examples": 1, "precision": 0.07805072000276592, "recall": 0.8350286665433697, "f1": 0.14275777025958833, "synth-time": 2.189021348953247, "eval-time": 1579.819834470749, "al-time": 0.7788245677947998, "ensemble-time": 58.33192181587219, "run": 3, "threshold": 0.02}
Computing majority vote image for threshold 0.023333333333333334...
Computing performance statistics for majority vote at threshold 0.023333333333333334...
{"benchmark": "cdr-disease", "ensemble": "majority-vote", "al-step": 0, "examples": 1, "precision": 0.07936451959868109, "recall": 0.8324394303680415, "f1": 0.1449130714745654, "synth-time": 2.189021348953247, "eval-time": 1579.819834470749, "al-time": 0.6733167171478271, "ensemble-time": 58.33192181587219, "run": 3, "threshold": 0.023333333333333334}
Computing majority vote image for threshold 0.026666666666666665...
Computing performance statistics for majority vote at threshold 0.026666666666666665...
{"benchmark": "cdr-disease", "ensemble": "majority-vote", "al-step": 0, "examples": 1, "precision": 0.07936451959868109, "recall": 0.8324394303680415, "f1": 0.1449130714745654, "synth-time": 2.189021348953247, "eval-time": 1579.819834470749, "al-time": 0.8394622802734375, "ensemble-time": 58.33192181587219, "run": 3, "threshold": 0.026666666666666665}
Computing majority vote image for threshold 0.03...
Computing performance statistics for majority vote at threshold 0.03...
{"benchmark": "cdr-disease", "ensemble": "majority-vote", "al-step": 0, "examples": 1, "precision": 0.25026109660574414, "recall": 0.35454041057887925, "f1": 0.29341088237544966, "synth-time": 2.189021348953247, "eval-time": 1579.819834470749, "al-time": 0.7320306301116943, "ensemble-time": 58.33192181587219, "run": 3, "threshold": 0.03}
Computing image for weighted majority at step 0...
Computing performance statistics for weighted vote at step 0...
{"benchmark": "cdr-disease", "ensemble": "weighted-vote", "al-step": 0, "examples": 1, "precision": 0.0, "recall": 0.0, "f1": 0.0, "synth-time": 2.189021348953247, "eval-time": 1579.819834470749, "al-time": 1.6562244892120361, "ensemble-time": 58.33192181587219, "run": 3, "threshold": 0}
Checking for a candidate split...
Splitting on node 21546...
Computing image for weighted majority at step 1...
Computing performance statistics for weighted vote at step 1...
{"benchmark": "cdr-disease", "ensemble": "weighted-vote", "al-step": 1, "examples": 1, "precision": 0.047205536693653696, "recall": 0.1337155539115961, "f1": 0.06977754186169956, "synth-time": 2.189021348953247, "eval-time": 1579.819834470749, "al-time": 1.3124980926513672, "ensemble-time": 58.33192181587219, "run": 3, "threshold": 0}
Checking for a candidate split...
Splitting on node 7536...
Computing image for weighted majority at step 2...
Computing performance statistics for weighted vote at step 2...
{"benchmark": "cdr-disease", "ensemble": "weighted-vote", "al-step": 2, "examples": 1, "precision": 0.047205536693653696, "recall": 0.1337155539115961, "f1": 0.06977754186169956, "synth-time": 2.189021348953247, "eval-time": 1579.819834470749, "al-time": 1.194934606552124, "ensemble-time": 58.33192181587219, "run": 3, "threshold": 0}
Checking for a candidate split...
Splitting on node 10236...
Computing image for weighted majority at step 3...
Computing performance statistics for weighted vote at step 3...
{"benchmark": "cdr-disease", "ensemble": "weighted-vote", "al-step": 3, "examples": 1, "precision": 0.04650519796505198, "recall": 0.15553911596079156, "f1": 0.07160189008556468, "synth-time": 2.189021348953247, "eval-time": 1579.819834470749, "al-time": 0.9244489669799805, "ensemble-time": 58.33192181587219, "run": 3, "threshold": 0}
Checking for a candidate split...
Splitting on node 7421...
Computing image for weighted majority at step 4...
Computing performance statistics for weighted vote at step 4...
{"benchmark": "cdr-disease", "ensemble": "weighted-vote", "al-step": 4, "examples": 1, "precision": 0.04650519796505198, "recall": 0.15553911596079156, "f1": 0.07160189008556468, "synth-time": 2.189021348953247, "eval-time": 1579.819834470749, "al-time": 0.9331226348876953, "ensemble-time": 58.33192181587219, "run": 3, "threshold": 0}GROUND TRUTH
Ground truth is provided in cdr-disease.
Data split file detected, splitting into train/test...
Train/test split of 869/3475...
GROUND TRUTH DONE

PROBLEM FILE
Sampling 2 instances for ground truth...
Writing to file...
PROBLEM FILE DONE

SYNTHESIS
Spinning up Hera for synthesis...
Synthesized 422 motifs...
SYNTHESIS DONE

EVALUATION
Spinning up Hera for evaluation...
EVALUATION DONE

ANALYSIS
Constructing ensembles...
Extracting target vertices...
Starting evaluation...
Computing disjunction image...
Computing disjunction stats...
{"benchmark": "cdr-disease", "ensemble": "disjunction", "al-step": 0, "examples": 2, "precision": 0.0700942498468277, "recall": 0.9944516367671536, "f1": 0.13095788986580284, "synth-time": 5.542226076126099, "eval-time": 1572.2807085514069, "al-time": 0.8618974685668945, "ensemble-time": 58.49666452407837, "run": 3, "threshold": 0}
Computing majority vote image for threshold 0.0...
Computing performance statistics for majority vote at threshold 0.0...
{"benchmark": "cdr-disease", "ensemble": "majority-vote", "al-step": 0, "examples": 2, "precision": 0.0700942498468277, "recall": 0.9944516367671536, "f1": 0.13095788986580284, "synth-time": 5.542226076126099, "eval-time": 1572.2807085514069, "al-time": 0.8437988758087158, "ensemble-time": 58.49666452407837, "run": 3, "threshold": 0.0}
Computing majority vote image for threshold 0.003333333333333333...
Computing performance statistics for majority vote at threshold 0.003333333333333333...
{"benchmark": "cdr-disease", "ensemble": "majority-vote", "al-step": 0, "examples": 2, "precision": 0.08518804243008679, "recall": 0.8169040133160718, "f1": 0.15428681209284453, "synth-time": 5.542226076126099, "eval-time": 1572.2807085514069, "al-time": 0.8134384155273438, "ensemble-time": 58.49666452407837, "run": 3, "threshold": 0.003333333333333333}
Computing majority vote image for threshold 0.006666666666666666...
Computing performance statistics for majority vote at threshold 0.006666666666666666...
{"benchmark": "cdr-disease", "ensemble": "majority-vote", "al-step": 0, "examples": 2, "precision": 0.19754012299385032, "recall": 0.48714629184390607, "f1": 0.2810949255642709, "synth-time": 5.542226076126099, "eval-time": 1572.2807085514069, "al-time": 0.774864912033081, "ensemble-time": 58.49666452407837, "run": 3, "threshold": 0.006666666666666666}
Computing majority vote image for threshold 0.01...
Computing performance statistics for majority vote at threshold 0.01...
{"benchmark": "cdr-disease", "ensemble": "majority-vote", "al-step": 0, "examples": 2, "precision": 0.20442314160780356, "recall": 0.449602367301646, "f1": 0.28105670848025893, "synth-time": 5.542226076126099, "eval-time": 1572.2807085514069, "al-time": 0.780097246170044, "ensemble-time": 58.49666452407837, "run": 3, "threshold": 0.01}
Computing majority vote image for threshold 0.013333333333333332...
Computing performance statistics for majority vote at threshold 0.013333333333333332...
{"benchmark": "cdr-disease", "ensemble": "majority-vote", "al-step": 0, "examples": 2, "precision": 0.22008932813836357, "recall": 0.42833364157573517, "f1": 0.29077212806026365, "synth-time": 5.542226076126099, "eval-time": 1572.2807085514069, "al-time": 0.928727388381958, "ensemble-time": 58.49666452407837, "run": 3, "threshold": 0.013333333333333332}
Computing majority vote image for threshold 0.016666666666666666...
Computing performance statistics for majority vote at threshold 0.016666666666666666...
{"benchmark": "cdr-disease", "ensemble": "majority-vote", "al-step": 0, "examples": 2, "precision": 0.2418825246260489, "recall": 0.3678564823377104, "f1": 0.2918561995597946, "synth-time": 5.542226076126099, "eval-time": 1572.2807085514069, "al-time": 0.9199795722961426, "ensemble-time": 58.49666452407837, "run": 3, "threshold": 0.016666666666666666}
Computing majority vote image for threshold 0.02...
Computing performance statistics for majority vote at threshold 0.02...
{"benchmark": "cdr-disease", "ensemble": "majority-vote", "al-step": 0, "examples": 2, "precision": 0.30247524752475247, "recall": 0.33900499352690955, "f1": 0.3197000087206767, "synth-time": 5.542226076126099, "eval-time": 1572.2807085514069, "al-time": 0.8899168968200684, "ensemble-time": 58.49666452407837, "run": 3, "threshold": 0.02}
Computing majority vote image for threshold 0.023333333333333334...
Computing performance statistics for majority vote at threshold 0.023333333333333334...
{"benchmark": "cdr-disease", "ensemble": "majority-vote", "al-step": 0, "examples": 2, "precision": 0.30658159838818, "recall": 0.3377103754392454, "f1": 0.3213939980638916, "synth-time": 5.542226076126099, "eval-time": 1572.2807085514069, "al-time": 0.7884378433227539, "ensemble-time": 58.49666452407837, "run": 3, "threshold": 0.023333333333333334}
Computing majority vote image for threshold 0.026666666666666665...
Computing performance statistics for majority vote at threshold 0.026666666666666665...
{"benchmark": "cdr-disease", "ensemble": "majority-vote", "al-step": 0, "examples": 2, "precision": 0.2607566765578635, "recall": 0.2600332901793971, "f1": 0.2603944809704602, "synth-time": 5.542226076126099, "eval-time": 1572.2807085514069, "al-time": 0.9202451705932617, "ensemble-time": 58.49666452407837, "run": 3, "threshold": 0.026666666666666665}
Computing majority vote image for threshold 0.03...
Computing performance statistics for majority vote at threshold 0.03...
{"benchmark": "cdr-disease", "ensemble": "majority-vote", "al-step": 0, "examples": 2, "precision": 0.26106696935300794, "recall": 0.2552247087109303, "f1": 0.2581127840643412, "synth-time": 5.542226076126099, "eval-time": 1572.2807085514069, "al-time": 0.8885858058929443, "ensemble-time": 58.49666452407837, "run": 3, "threshold": 0.03}
Computing image for weighted majority at step 0...
Computing performance statistics for weighted vote at step 0...
{"benchmark": "cdr-disease", "ensemble": "weighted-vote", "al-step": 0, "examples": 2, "precision": 0.0, "recall": 0.0, "f1": 0.0, "synth-time": 5.542226076126099, "eval-time": 1572.2807085514069, "al-time": 1.9311368465423584, "ensemble-time": 58.49666452407837, "run": 3, "threshold": 0}
Checking for a candidate split...
Splitting on node 20794...
Computing image for weighted majority at step 1...
Computing performance statistics for weighted vote at step 1...
{"benchmark": "cdr-disease", "ensemble": "weighted-vote", "al-step": 1, "examples": 2, "precision": 0.816, "recall": 0.018864434991677455, "f1": 0.036876355748373106, "synth-time": 5.542226076126099, "eval-time": 1572.2807085514069, "al-time": 2.7802557945251465, "ensemble-time": 58.49666452407837, "run": 3, "threshold": 0}
Checking for a candidate split...
Splitting on node 14840...
Computing image for weighted majority at step 2...
Computing performance statistics for weighted vote at step 2...
{"benchmark": "cdr-disease", "ensemble": "weighted-vote", "al-step": 2, "examples": 2, "precision": 0.816, "recall": 0.018864434991677455, "f1": 0.036876355748373106, "synth-time": 5.542226076126099, "eval-time": 1572.2807085514069, "al-time": 2.616495370864868, "ensemble-time": 58.49666452407837, "run": 3, "threshold": 0}
Checking for a candidate split...
Splitting on node 14840...
Computing image for weighted majority at step 3...
Computing performance statistics for weighted vote at step 3...
{"benchmark": "cdr-disease", "ensemble": "weighted-vote", "al-step": 3, "examples": 2, "precision": 0.816, "recall": 0.018864434991677455, "f1": 0.036876355748373106, "synth-time": 5.542226076126099, "eval-time": 1572.2807085514069, "al-time": 2.8378610610961914, "ensemble-time": 58.49666452407837, "run": 3, "threshold": 0}
Checking for a candidate split...
Splitting on node 14840...
Computing image for weighted majority at step 4...
Computing performance statistics for weighted vote at step 4...
{"benchmark": "cdr-disease", "ensemble": "weighted-vote", "al-step": 4, "examples": 2, "precision": 0.816, "recall": 0.018864434991677455, "f1": 0.036876355748373106, "synth-time": 5.542226076126099, "eval-time": 1572.2807085514069, "al-time": 4.243300676345825, "ensemble-time": 58.49666452407837, "run": 3, "threshold": 0}
Checking for a candidate split...
Splitting on node 14558...
Computing image for weighted majority at step 5...
Computing performance statistics for weighted vote at step 5...
{"benchmark": "cdr-disease", "ensemble": "weighted-vote", "al-step": 5, "examples": 1, "precision": 0.04650519796505198, "recall": 0.15553911596079156, "f1": 0.07160189008556468, "synth-time": 2.189021348953247, "eval-time": 1579.819834470749, "al-time": 0.9095721244812012, "ensemble-time": 58.33192181587219, "run": 3, "threshold": 0}
Checking for a candidate split...
Splitting on node 14558...
Computing image for weighted majority at step 6...
Computing performance statistics for weighted vote at step 6...
{"benchmark": "cdr-disease", "ensemble": "weighted-vote", "al-step": 6, "examples": 1, "precision": 0.035137861466039005, "recall": 0.11596079156648789, "f1": 0.05393316416498216, "synth-time": 2.189021348953247, "eval-time": 1579.819834470749, "al-time": 1.0604023933410645, "ensemble-time": 58.33192181587219, "run": 3, "threshold": 0}
Checking for a candidate split...
Splitting on node 41138...
Computing image for weighted majority at step 7...
Computing performance statistics for weighted vote at step 7...
{"benchmark": "cdr-disease", "ensemble": "weighted-vote", "al-step": 7, "examples": 1, "precision": 0.05181162401601799, "recall": 0.6987238764564454, "f1": 0.09646983721672518, "synth-time": 2.189021348953247, "eval-time": 1579.819834470749, "al-time": 1.4597294330596924, "ensemble-time": 58.33192181587219, "run": 3, "threshold": 0}
Checking for a candidate split...
Splitting on node 7421...
Computing image for weighted majority at step 8...
Computing performance statistics for weighted vote at step 8...
{"benchmark": "cdr-disease", "ensemble": "weighted-vote", "al-step": 8, "examples": 1, "precision": 0.05181162401601799, "recall": 0.6987238764564454, "f1": 0.09646983721672518, "synth-time": 2.189021348953247, "eval-time": 1579.819834470749, "al-time": 1.4233036041259766, "ensemble-time": 58.33192181587219, "run": 3, "threshold": 0}
Checking for a candidate split...
Splitting on node 7421...
Computing image for weighted majority at step 9...
Computing performance statistics for weighted vote at step 9...
{"benchmark": "cdr-disease", "ensemble": "weighted-vote", "al-step": 9, "examples": 1, "precision": 0.05181162401601799, "recall": 0.6987238764564454, "f1": 0.09646983721672518, "synth-time": 2.189021348953247, "eval-time": 1579.819834470749, "al-time": 0.9819908142089844, "ensemble-time": 58.33192181587219, "run": 3, "threshold": 0}
Checking for a candidate split...
Splitting on node 7421...
Computing image for weighted majority at step 10...
Computing performance statistics for weighted vote at step 10...
{"benchmark": "cdr-disease", "ensemble": "weighted-vote", "al-step": 10, "examples": 1, "precision": 0.05181162401601799, "recall": 0.6987238764564454, "f1": 0.09646983721672518, "synth-time": 2.189021348953247, "eval-time": 1579.819834470749, "al-time": 1.3707799911499023, "ensemble-time": 58.33192181587219, "run": 3, "threshold": 0}
Checking for a candidate split...
Splitting on node 7421...
EVALUATION DONE

Checking for a candidate split...
Splitting on node 14840...
Computing image for weighted majority at step 5...
Computing performance statistics for weighted vote at step 5...
{"benchmark": "cdr-disease", "ensemble": "weighted-vote", "al-step": 5, "examples": 2, "precision": 0.816, "recall": 0.018864434991677455, "f1": 0.036876355748373106, "synth-time": 5.542226076126099, "eval-time": 1572.2807085514069, "al-time": 3.216392993927002, "ensemble-time": 58.49666452407837, "run": 3, "threshold": 0}
Checking for a candidate split...
Splitting on node 14840...
Computing image for weighted majority at step 6...
Computing performance statistics for weighted vote at step 6...
{"benchmark": "cdr-disease", "ensemble": "weighted-vote", "al-step": 6, "examples": 2, "precision": 0.816, "recall": 0.018864434991677455, "f1": 0.036876355748373106, "synth-time": 5.542226076126099, "eval-time": 1572.2807085514069, "al-time": 3.1660056114196777, "ensemble-time": 58.49666452407837, "run": 3, "threshold": 0}
Checking for a candidate split...
Splitting on node 14840...
Computing image for weighted majority at step 7...
Computing performance statistics for weighted vote at step 7...
{"benchmark": "cdr-disease", "ensemble": "weighted-vote", "al-step": 7, "examples": 2, "precision": 0.816, "recall": 0.018864434991677455, "f1": 0.036876355748373106, "synth-time": 5.542226076126099, "eval-time": 1572.2807085514069, "al-time": 3.3525760173797607, "ensemble-time": 58.49666452407837, "run": 3, "threshold": 0}
Checking for a candidate split...
Splitting on node 14840...
Computing image for weighted majority at step 8...
Computing performance statistics for weighted vote at step 8...
{"benchmark": "cdr-disease", "ensemble": "weighted-vote", "al-step": 8, "examples": 2, "precision": 0.816, "recall": 0.018864434991677455, "f1": 0.036876355748373106, "synth-time": 5.542226076126099, "eval-time": 1572.2807085514069, "al-time": 2.6845388412475586, "ensemble-time": 58.49666452407837, "run": 3, "threshold": 0}
Checking for a candidate split...
Splitting on node 14840...
Computing image for weighted majority at step 9...
Computing performance statistics for weighted vote at step 9...
{"benchmark": "cdr-disease", "ensemble": "weighted-vote", "al-step": 9, "examples": 2, "precision": 0.816, "recall": 0.018864434991677455, "f1": 0.036876355748373106, "synth-time": 5.542226076126099, "eval-time": 1572.2807085514069, "al-time": 2.432929277420044, "ensemble-time": 58.49666452407837, "run": 3, "threshold": 0}
Checking for a candidate split...
Splitting on node 14840...
Computing image for weighted majority at step 10...
Computing performance statistics for weighted vote at step 10...
{"benchmark": "cdr-disease", "ensemble": "weighted-vote", "al-step": 10, "examples": 2, "precision": 0.816, "recall": 0.018864434991677455, "f1": 0.036876355748373106, "synth-time": 5.542226076126099, "eval-time": 1572.2807085514069, "al-time": 2.6559529304504395, "ensemble-time": 58.49666452407837, "run": 3, "threshold": 0}
Checking for a candidate split...
Splitting on node 14840...
EVALUATION DONE
GROUND TRUTH
Ground truth is provided in cdr-disease.
Data split file detected, splitting into train/test...
Train/test split of 869/3475...
GROUND TRUTH DONE

PROBLEM FILE
Sampling 3 instances for ground truth...
Writing to file...
PROBLEM FILE DONE

SYNTHESIS
Spinning up Hera for synthesis...
Synthesized 1144 motifs...
SYNTHESIS DONE

EVALUATION
Spinning up Hera for evaluation...
EVALUATION DONE

ANALYSIS
Constructing ensembles...
Extracting target vertices...
Starting evaluation...
Computing disjunction image...
Computing disjunction stats...
{"benchmark": "cdr-disease", "ensemble": "disjunction", "al-step": 0, "examples": 3, "precision": 0.07038714884532271, "recall": 1.0, "f1": 0.1315171784737002, "synth-time": 29.241044521331787, "eval-time": 2019.3883123397827, "al-time": 0.48029470443725586, "ensemble-time": 113.27986216545105, "run": 2, "threshold": 0}
Computing majority vote image for threshold 0.0...
Computing performance statistics for majority vote at threshold 0.0...
{"benchmark": "cdr-disease", "ensemble": "majority-vote", "al-step": 0, "examples": 3, "precision": 0.07038714884532271, "recall": 1.0, "f1": 0.1315171784737002, "synth-time": 29.241044521331787, "eval-time": 2019.3883123397827, "al-time": 0.48157501220703125, "ensemble-time": 113.27986216545105, "run": 2, "threshold": 0.0}
Computing majority vote image for threshold 0.003333333333333333...
Computing performance statistics for majority vote at threshold 0.003333333333333333...
{"benchmark": "cdr-disease", "ensemble": "majority-vote", "al-step": 0, "examples": 3, "precision": 0.07769748625779754, "recall": 0.9306454595894211, "f1": 0.14342107138276497, "synth-time": 29.241044521331787, "eval-time": 2019.3883123397827, "al-time": 0.439464807510376, "ensemble-time": 113.27986216545105, "run": 2, "threshold": 0.003333333333333333}
Computing majority vote image for threshold 0.006666666666666666...
Computing performance statistics for majority vote at threshold 0.006666666666666666...
{"benchmark": "cdr-disease", "ensemble": "majority-vote", "al-step": 0, "examples": 3, "precision": 0.08013474557056327, "recall": 0.9151100425374514, "f1": 0.14736497252542702, "synth-time": 29.241044521331787, "eval-time": 2019.3883123397827, "al-time": 0.43959689140319824, "ensemble-time": 113.27986216545105, "run": 2, "threshold": 0.006666666666666666}
Computing majority vote image for threshold 0.01...
Computing performance statistics for majority vote at threshold 0.01...
{"benchmark": "cdr-disease", "ensemble": "majority-vote", "al-step": 0, "examples": 3, "precision": 0.08125975881199961, "recall": 0.9047530978361383, "f1": 0.14912588211983113, "synth-time": 29.241044521331787, "eval-time": 2019.3883123397827, "al-time": 0.43813109397888184, "ensemble-time": 113.27986216545105, "run": 2, "threshold": 0.01}
Computing majority vote image for threshold 0.013333333333333332...
Computing performance statistics for majority vote at threshold 0.013333333333333332...
{"benchmark": "cdr-disease", "ensemble": "majority-vote", "al-step": 0, "examples": 3, "precision": 0.08245038349015577, "recall": 0.771407434806732, "f1": 0.14897758728457897, "synth-time": 29.241044521331787, "eval-time": 2019.3883123397827, "al-time": 0.4407045841217041, "ensemble-time": 113.27986216545105, "run": 2, "threshold": 0.013333333333333332}
Computing majority vote image for threshold 0.016666666666666666...
Computing performance statistics for majority vote at threshold 0.016666666666666666...
{"benchmark": "cdr-disease", "ensemble": "majority-vote", "al-step": 0, "examples": 3, "precision": 0.08446826704486203, "recall": 0.7490290364342519, "f1": 0.15181617123364696, "synth-time": 29.241044521331787, "eval-time": 2019.3883123397827, "al-time": 0.44477367401123047, "ensemble-time": 113.27986216545105, "run": 2, "threshold": 0.016666666666666666}
Computing majority vote image for threshold 0.02...
Computing performance statistics for majority vote at threshold 0.02...
{"benchmark": "cdr-disease", "ensemble": "majority-vote", "al-step": 0, "examples": 3, "precision": 0.08412525641562356, "recall": 0.7432957277603107, "f1": 0.15114420563735168, "synth-time": 29.241044521331787, "eval-time": 2019.3883123397827, "al-time": 0.4358859062194824, "ensemble-time": 113.27986216545105, "run": 2, "threshold": 0.02}
Computing majority vote image for threshold 0.023333333333333334...
Computing performance statistics for majority vote at threshold 0.023333333333333334...
{"benchmark": "cdr-disease", "ensemble": "majority-vote", "al-step": 0, "examples": 3, "precision": 0.08425562299178865, "recall": 0.7420011096726465, "f1": 0.15132770066385035, "synth-time": 29.241044521331787, "eval-time": 2019.3883123397827, "al-time": 0.4405510425567627, "ensemble-time": 113.27986216545105, "run": 2, "threshold": 0.023333333333333334}
Computing majority vote image for threshold 0.026666666666666665...
Computing performance statistics for majority vote at threshold 0.026666666666666665...
{"benchmark": "cdr-disease", "ensemble": "majority-vote", "al-step": 0, "examples": 3, "precision": 0.28852277447044167, "recall": 0.38542629924172367, "f1": 0.3300079176563737, "synth-time": 29.241044521331787, "eval-time": 2019.3883123397827, "al-time": 0.4343581199645996, "ensemble-time": 113.27986216545105, "run": 2, "threshold": 0.026666666666666665}
Computing majority vote image for threshold 0.03...
Computing performance statistics for majority vote at threshold 0.03...
{"benchmark": "cdr-disease", "ensemble": "majority-vote", "al-step": 0, "examples": 3, "precision": 0.3060681889271192, "recall": 0.3619382282226743, "f1": 0.3316668078976358, "synth-time": 29.241044521331787, "eval-time": 2019.3883123397827, "al-time": 0.43430256843566895, "ensemble-time": 113.27986216545105, "run": 2, "threshold": 0.03}
Computing image for weighted majority at step 0...
Computing performance statistics for weighted vote at step 0...
{"benchmark": "cdr-disease", "ensemble": "weighted-vote", "al-step": 0, "examples": 3, "precision": 0.0, "recall": 0.0, "f1": 0.0, "synth-time": 29.241044521331787, "eval-time": 2019.3883123397827, "al-time": 1.0907361507415771, "ensemble-time": 113.27986216545105, "run": 2, "threshold": 0}
Checking for a candidate split...
Splitting on node 122853...
Computing image for weighted majority at step 1...
Computing performance statistics for weighted vote at step 1...
{"benchmark": "cdr-disease", "ensemble": "weighted-vote", "al-step": 1, "examples": 3, "precision": 0.0, "recall": 0.0, "f1": 0.0, "synth-time": 29.241044521331787, "eval-time": 2019.3883123397827, "al-time": 1.1539065837860107, "ensemble-time": 113.27986216545105, "run": 2, "threshold": 0}
Checking for a candidate split...
Splitting on node 25285...
Computing image for weighted majority at step 2...
Computing performance statistics for weighted vote at step 2...
{"benchmark": "cdr-disease", "ensemble": "weighted-vote", "al-step": 2, "examples": 3, "precision": 0.04386067784683945, "recall": 0.13833918993896802, "f1": 0.0666043364053248, "synth-time": 29.241044521331787, "eval-time": 2019.3883123397827, "al-time": 1.2201473712921143, "ensemble-time": 113.27986216545105, "run": 2, "threshold": 0}
Checking for a candidate split...
Splitting on node 25609...
Computing image for weighted majority at step 3...
Computing performance statistics for weighted vote at step 3...
{"benchmark": "cdr-disease", "ensemble": "weighted-vote", "al-step": 3, "examples": 3, "precision": 0.04631723192874272, "recall": 0.12502311818013687, "f1": 0.0675932406759324, "synth-time": 29.241044521331787, "eval-time": 2019.3883123397827, "al-time": 1.1000657081604004, "ensemble-time": 113.27986216545105, "run": 2, "threshold": 0}
Checking for a candidate split...
Splitting on node 25373...
Computing image for weighted majority at step 4...
Computing performance statistics for weighted vote at step 4...
{"benchmark": "cdr-disease", "ensemble": "weighted-vote", "al-step": 4, "examples": 3, "precision": 0.05112979100794324, "recall": 0.12261882744590345, "f1": 0.07216719277239576, "synth-time": 29.241044521331787, "eval-time": 2019.3883123397827, "al-time": 1.352076530456543, "ensemble-time": 113.27986216545105, "run": 2, "threshold": 0}
Checking for a candidate split...
Splitting on node 7571...
Computing image for weighted majority at step 5...
Computing performance statistics for weighted vote at step 5...
{"benchmark": "cdr-disease", "ensemble": "weighted-vote", "al-step": 5, "examples": 3, "precision": 0.04572942463859932, "recall": 0.14684668022933234, "f1": 0.06974088713219148, "synth-time": 29.241044521331787, "eval-time": 2019.3883123397827, "al-time": 2.1608409881591797, "ensemble-time": 113.27986216545105, "run": 2, "threshold": 0}
Checking for a candidate split...
Splitting on node 16911...
Computing image for weighted majority at step 6...
Computing performance statistics for weighted vote at step 6...
{"benchmark": "cdr-disease", "ensemble": "weighted-vote", "al-step": 6, "examples": 3, "precision": 0.04612432321293948, "recall": 0.12446828185685223, "f1": 0.0673067306730673, "synth-time": 29.241044521331787, "eval-time": 2019.3883123397827, "al-time": 1.356757402420044, "ensemble-time": 113.27986216545105, "run": 2, "threshold": 0}
Checking for a candidate split...
Splitting on node 27832...
Computing image for weighted majority at step 7...
Computing performance statistics for weighted vote at step 7...
{"benchmark": "cdr-disease", "ensemble": "weighted-vote", "al-step": 7, "examples": 3, "precision": 0.05112979100794324, "recall": 0.12261882744590345, "f1": 0.07216719277239576, "synth-time": 29.241044521331787, "eval-time": 2019.3883123397827, "al-time": 1.1961987018585205, "ensemble-time": 113.27986216545105, "run": 2, "threshold": 0}
Checking for a candidate split...
Splitting on node 7571...
Computing image for weighted majority at step 8...
Computing performance statistics for weighted vote at step 8...
{"benchmark": "cdr-disease", "ensemble": "weighted-vote", "al-step": 8, "examples": 3, "precision": 0.05438859217832673, "recall": 0.7590160902533752, "f1": 0.10150375939849623, "synth-time": 29.241044521331787, "eval-time": 2019.3883123397827, "al-time": 1.2157096862792969, "ensemble-time": 113.27986216545105, "run": 2, "threshold": 0}
Checking for a candidate split...
Splitting on node 7422...
Computing image for weighted majority at step 9...
Computing performance statistics for weighted vote at step 9...
{"benchmark": "cdr-disease", "ensemble": "weighted-vote", "al-step": 9, "examples": 3, "precision": 0.05438859217832673, "recall": 0.7590160902533752, "f1": 0.10150375939849623, "synth-time": 29.241044521331787, "eval-time": 2019.3883123397827, "al-time": 1.1963143348693848, "ensemble-time": 113.27986216545105, "run": 2, "threshold": 0}
Checking for a candidate split...
Splitting on node 10013...
Computing image for weighted majority at step 10...
Computing performance statistics for weighted vote at step 10...
{"benchmark": "cdr-disease", "ensemble": "weighted-vote", "al-step": 10, "examples": 3, "precision": 0.05155379439650014, "recall": 0.7170334751248382, "f1": 0.09619153951122689, "synth-time": 29.241044521331787, "eval-time": 2019.3883123397827, "al-time": 1.1956367492675781, "ensemble-time": 113.27986216545105, "run": 2, "threshold": 0}
Checking for a candidate split...
Splitting on node 122853...
EVALUATION DONE
GROUND TRUTH
Ground truth is provided in cdr-disease.
Data split file detected, splitting into train/test...
Train/test split of 869/3475...
GROUND TRUTH DONE

PROBLEM FILE
Sampling 2 instances for ground truth...
Writing to file...
PROBLEM FILE DONE

SYNTHESIS
Spinning up Hera for synthesis...
Synthesized 1270 motifs...
SYNTHESIS DONE

EVALUATION
Spinning up Hera for evaluation...
EVALUATION DONE

ANALYSIS
Constructing ensembles...
Extracting target vertices...
Starting evaluation...
Computing disjunction image...
Computing disjunction stats...
{"benchmark": "cdr-disease", "ensemble": "disjunction", "al-step": 0, "examples": 2, "precision": 0.07038714884532271, "recall": 1.0, "f1": 0.1315171784737002, "synth-time": 20.208152770996094, "eval-time": 2079.827951669693, "al-time": 0.7379155158996582, "ensemble-time": 119.65211701393127, "run": 2, "threshold": 0}
Computing majority vote image for threshold 0.0...
Computing performance statistics for majority vote at threshold 0.0...
{"benchmark": "cdr-disease", "ensemble": "majority-vote", "al-step": 0, "examples": 2, "precision": 0.07038714884532271, "recall": 1.0, "f1": 0.1315171784737002, "synth-time": 20.208152770996094, "eval-time": 2079.827951669693, "al-time": 0.9117646217346191, "ensemble-time": 119.65211701393127, "run": 2, "threshold": 0.0}
Computing majority vote image for threshold 0.003333333333333333...
Computing performance statistics for majority vote at threshold 0.003333333333333333...
{"benchmark": "cdr-disease", "ensemble": "majority-vote", "al-step": 0, "examples": 2, "precision": 0.07435260730755587, "recall": 0.9691141113371555, "f1": 0.13810916950001317, "synth-time": 20.208152770996094, "eval-time": 2079.827951669693, "al-time": 0.5950207710266113, "ensemble-time": 119.65211701393127, "run": 2, "threshold": 0.003333333333333333}
Computing majority vote image for threshold 0.006666666666666666...
Computing performance statistics for majority vote at threshold 0.006666666666666666...
{"benchmark": "cdr-disease", "ensemble": "majority-vote", "al-step": 0, "examples": 2, "precision": 0.0815531416119127, "recall": 0.9136304790086924, "f1": 0.14974007668874373, "synth-time": 20.208152770996094, "eval-time": 2079.827951669693, "al-time": 0.6211216449737549, "ensemble-time": 119.65211701393127, "run": 2, "threshold": 0.006666666666666666}
Computing majority vote image for threshold 0.01...
Computing performance statistics for majority vote at threshold 0.01...
{"benchmark": "cdr-disease", "ensemble": "majority-vote", "al-step": 0, "examples": 2, "precision": 0.08174448281038883, "recall": 0.8056223414092842, "f1": 0.14842831587017632, "synth-time": 20.208152770996094, "eval-time": 2079.827951669693, "al-time": 0.8181591033935547, "ensemble-time": 119.65211701393127, "run": 2, "threshold": 0.01}
Computing majority vote image for threshold 0.013333333333333332...
Computing performance statistics for majority vote at threshold 0.013333333333333332...
{"benchmark": "cdr-disease", "ensemble": "majority-vote", "al-step": 0, "examples": 2, "precision": 0.08337322482846657, "recall": 0.773071943776586, "f1": 0.1505140161676539, "synth-time": 20.208152770996094, "eval-time": 2079.827951669693, "al-time": 1.0084948539733887, "ensemble-time": 119.65211701393127, "run": 2, "threshold": 0.013333333333333332}
Computing majority vote image for threshold 0.016666666666666666...
Computing performance statistics for majority vote at threshold 0.016666666666666666...
{"benchmark": "cdr-disease", "ensemble": "majority-vote", "al-step": 0, "examples": 2, "precision": 0.08358598815243248, "recall": 0.6628444608840393, "f1": 0.14845190017603813, "synth-time": 20.208152770996094, "eval-time": 2079.827951669693, "al-time": 0.7600488662719727, "ensemble-time": 119.65211701393127, "run": 2, "threshold": 0.016666666666666666}
Computing majority vote image for threshold 0.02...
Computing performance statistics for majority vote at threshold 0.02...
{"benchmark": "cdr-disease", "ensemble": "majority-vote", "al-step": 0, "examples": 2, "precision": 0.08602202825257117, "recall": 0.6543369705936749, "f1": 0.15205432353446793, "synth-time": 20.208152770996094, "eval-time": 2079.827951669693, "al-time": 0.8617603778839111, "ensemble-time": 119.65211701393127, "run": 2, "threshold": 0.02}
Computing majority vote image for threshold 0.023333333333333334...
Computing performance statistics for majority vote at threshold 0.023333333333333334...
{"benchmark": "cdr-disease", "ensemble": "majority-vote", "al-step": 0, "examples": 2, "precision": 0.22988505747126436, "recall": 0.3292028851488811, "f1": 0.2707224334600761, "synth-time": 20.208152770996094, "eval-time": 2079.827951669693, "al-time": 0.9605627059936523, "ensemble-time": 119.65211701393127, "run": 2, "threshold": 0.023333333333333334}
Computing majority vote image for threshold 0.026666666666666665...
Computing performance statistics for majority vote at threshold 0.026666666666666665...
{"benchmark": "cdr-disease", "ensemble": "majority-vote", "al-step": 0, "examples": 2, "precision": 0.23494486853265478, "recall": 0.3073793230996856, "f1": 0.2663248137168496, "synth-time": 20.208152770996094, "eval-time": 2079.827951669693, "al-time": 0.896625280380249, "ensemble-time": 119.65211701393127, "run": 2, "threshold": 0.026666666666666665}
Computing majority vote image for threshold 0.03...
Computing performance statistics for majority vote at threshold 0.03...
{"benchmark": "cdr-disease", "ensemble": "majority-vote", "al-step": 0, "examples": 2, "precision": 0.2292984262391528, "recall": 0.28832994266691325, "f1": 0.255448140258889, "synth-time": 20.208152770996094, "eval-time": 2079.827951669693, "al-time": 1.269721269607544, "ensemble-time": 119.65211701393127, "run": 2, "threshold": 0.03}
Computing image for weighted majority at step 0...
Computing performance statistics for weighted vote at step 0...
{"benchmark": "cdr-disease", "ensemble": "weighted-vote", "al-step": 0, "examples": 2, "precision": 0.0, "recall": 0.0, "f1": 0.0, "synth-time": 20.208152770996094, "eval-time": 2079.827951669693, "al-time": 2.630934000015259, "ensemble-time": 119.65211701393127, "run": 2, "threshold": 0}
Checking for a candidate split...
Splitting on node 13621...
Computing image for weighted majority at step 1...
Computing performance statistics for weighted vote at step 1...
{"benchmark": "cdr-disease", "ensemble": "weighted-vote", "al-step": 1, "examples": 2, "precision": 0.045766096389443574, "recall": 0.15683373404845571, "f1": 0.07085561497326202, "synth-time": 20.208152770996094, "eval-time": 2079.827951669693, "al-time": 3.901074171066284, "ensemble-time": 119.65211701393127, "run": 2, "threshold": 0}
Checking for a candidate split...
Splitting on node 14840...
Computing image for weighted majority at step 2...
Computing performance statistics for weighted vote at step 2...
{"benchmark": "cdr-disease", "ensemble": "weighted-vote", "al-step": 2, "examples": 2, "precision": 0.04631723192874272, "recall": 0.12502311818013687, "f1": 0.0675932406759324, "synth-time": 20.208152770996094, "eval-time": 2079.827951669693, "al-time": 2.28855562210083, "ensemble-time": 119.65211701393127, "run": 2, "threshold": 0}
Checking for a candidate split...
Splitting on node 72353...
Computing image for weighted majority at step 3...
Computing performance statistics for weighted vote at step 3...
{"benchmark": "cdr-disease", "ensemble": "weighted-vote", "al-step": 3, "examples": 2, "precision": 0.04670189193795807, "recall": 0.15202515257998891, "f1": 0.07145340751043115, "synth-time": 20.208152770996094, "eval-time": 2079.827951669693, "al-time": 1.9829607009887695, "ensemble-time": 119.65211701393127, "run": 2, "threshold": 0}
Checking for a candidate split...
Splitting on node 102472...
Computing image for weighted majority at step 4...
Computing performance statistics for weighted vote at step 4...
{"benchmark": "cdr-disease", "ensemble": "weighted-vote", "al-step": 4, "examples": 2, "precision": 0.04670189193795807, "recall": 0.15202515257998891, "f1": 0.07145340751043115, "synth-time": 20.208152770996094, "eval-time": 2079.827951669693, "al-time": 2.6694557666778564, "ensemble-time": 119.65211701393127, "run": 2, "threshold": 0}
Checking for a candidate split...
Splitting on node 7421...
Computing image for weighted majority at step 5...
Computing performance statistics for weighted vote at step 5...
{"benchmark": "cdr-disease", "ensemble": "weighted-vote", "al-step": 5, "examples": 2, "precision": 0.04670189193795807, "recall": 0.15202515257998891, "f1": 0.07145340751043115, "synth-time": 20.208152770996094, "eval-time": 2079.827951669693, "al-time": 1.3127779960632324, "ensemble-time": 119.65211701393127, "run": 2, "threshold": 0}
Checking for a candidate split...
Splitting on node 102472...
Computing image for weighted majority at step 6...
Computing performance statistics for weighted vote at step 6...
{"benchmark": "cdr-disease", "ensemble": "weighted-vote", "al-step": 6, "examples": 2, "precision": 0.04670189193795807, "recall": 0.15202515257998891, "f1": 0.07145340751043115, "synth-time": 20.208152770996094, "eval-time": 2079.827951669693, "al-time": 3.5487141609191895, "ensemble-time": 119.65211701393127, "run": 2, "threshold": 0}
Checking for a candidate split...
Splitting on node 8188...
Computing image for weighted majority at step 7...
Computing performance statistics for weighted vote at step 7...
{"benchmark": "cdr-disease", "ensemble": "weighted-vote", "al-step": 7, "examples": 2, "precision": 0.04670189193795807, "recall": 0.15202515257998891, "f1": 0.07145340751043115, "synth-time": 20.208152770996094, "eval-time": 2079.827951669693, "al-time": 1.3559799194335938, "ensemble-time": 119.65211701393127, "run": 2, "threshold": 0}
Checking for a candidate split...
Splitting on node 10013...
Computing image for weighted majority at step 8...
Computing performance statistics for weighted vote at step 8...
{"benchmark": "cdr-disease", "ensemble": "weighted-vote", "al-step": 8, "examples": 2, "precision": 0.04670189193795807, "recall": 0.15202515257998891, "f1": 0.07145340751043115, "synth-time": 20.208152770996094, "eval-time": 2079.827951669693, "al-time": 1.313434362411499, "ensemble-time": 119.65211701393127, "run": 2, "threshold": 0}
Checking for a candidate split...
Splitting on node 10013...
Computing image for weighted majority at step 9...
Computing performance statistics for weighted vote at step 9...
{"benchmark": "cdr-disease", "ensemble": "weighted-vote", "al-step": 9, "examples": 2, "precision": 0.0537862703467799, "recall": 0.07027926761605327, "f1": 0.06093649775497113, "synth-time": 20.208152770996094, "eval-time": 2079.827951669693, "al-time": 1.2760827541351318, "ensemble-time": 119.65211701393127, "run": 2, "threshold": 0}
Checking for a candidate split...
Splitting on node 117821...
Computing image for weighted majority at step 10...
Computing performance statistics for weighted vote at step 10...
{"benchmark": "cdr-disease", "ensemble": "weighted-vote", "al-step": 10, "examples": 2, "precision": 0.0537862703467799, "recall": 0.07027926761605327, "f1": 0.06093649775497113, "synth-time": 20.208152770996094, "eval-time": 2079.827951669693, "al-time": 1.2667500972747803, "ensemble-time": 119.65211701393127, "run": 2, "threshold": 0}
Checking for a candidate split...
Splitting on node 117821...
EVALUATION DONE
GROUND TRUTH
Ground truth is provided in cdr-disease.
Data split file detected, splitting into train/test...
Train/test split of 869/3475...
GROUND TRUTH DONE

PROBLEM FILE
Sampling 3 instances for ground truth...
Writing to file...
PROBLEM FILE DONE

SYNTHESIS
Spinning up Hera for synthesis...
Synthesized 2332 motifs...
SYNTHESIS DONE

EVALUATION
Spinning up Hera for evaluation...
EVALUATION DONE

ANALYSIS
Constructing ensembles...
Extracting target vertices...
Starting evaluation...
Computing disjunction image...
Computing disjunction stats...
{"benchmark": "cdr-disease", "ensemble": "disjunction", "al-step": 0, "examples": 3, "precision": 0.0700942498468277, "recall": 0.9944516367671536, "f1": 0.13095788986580284, "synth-time": 32.44016122817993, "eval-time": 2597.85707116127, "al-time": 1.0393342971801758, "ensemble-time": 134.5579924583435, "run": 1, "threshold": 0}
Computing majority vote image for threshold 0.0...
Computing performance statistics for majority vote at threshold 0.0...
{"benchmark": "cdr-disease", "ensemble": "majority-vote", "al-step": 0, "examples": 3, "precision": 0.0700942498468277, "recall": 0.9944516367671536, "f1": 0.13095788986580284, "synth-time": 32.44016122817993, "eval-time": 2597.85707116127, "al-time": 1.0757825374603271, "ensemble-time": 134.5579924583435, "run": 1, "threshold": 0.0}
Computing majority vote image for threshold 0.003333333333333333...
Computing performance statistics for majority vote at threshold 0.003333333333333333...
{"benchmark": "cdr-disease", "ensemble": "majority-vote", "al-step": 0, "examples": 3, "precision": 0.0724398043127716, "recall": 0.980395783243943, "f1": 0.1349112426035503, "synth-time": 32.44016122817993, "eval-time": 2597.85707116127, "al-time": 1.0484809875488281, "ensemble-time": 134.5579924583435, "run": 1, "threshold": 0.003333333333333333}
Computing majority vote image for threshold 0.006666666666666666...
Computing performance statistics for majority vote at threshold 0.006666666666666666...
{"benchmark": "cdr-disease", "ensemble": "majority-vote", "al-step": 0, "examples": 3, "precision": 0.08118259019826168, "recall": 0.9034584797484742, "f1": 0.1489783470570296, "synth-time": 32.44016122817993, "eval-time": 2597.85707116127, "al-time": 1.0452518463134766, "ensemble-time": 134.5579924583435, "run": 1, "threshold": 0.006666666666666666}
Computing majority vote image for threshold 0.01...
Computing performance statistics for majority vote at threshold 0.01...
{"benchmark": "cdr-disease", "ensemble": "majority-vote", "al-step": 0, "examples": 3, "precision": 0.08239333006375674, "recall": 0.7767708525984834, "f1": 0.14898371820793868, "synth-time": 32.44016122817993, "eval-time": 2597.85707116127, "al-time": 1.052344799041748, "ensemble-time": 134.5579924583435, "run": 1, "threshold": 0.01}
Computing majority vote image for threshold 0.013333333333333332...
Computing performance statistics for majority vote at threshold 0.013333333333333332...
{"benchmark": "cdr-disease", "ensemble": "majority-vote", "al-step": 0, "examples": 3, "precision": 0.08574968430583021, "recall": 0.6656186425004623, "f1": 0.15192705475115031, "synth-time": 32.44016122817993, "eval-time": 2597.85707116127, "al-time": 1.063871145248413, "ensemble-time": 134.5579924583435, "run": 1, "threshold": 0.013333333333333332}
Computing majority vote image for threshold 0.016666666666666666...
Computing performance statistics for majority vote at threshold 0.016666666666666666...
{"benchmark": "cdr-disease", "ensemble": "majority-vote", "al-step": 0, "examples": 3, "precision": 0.21330254861912795, "recall": 0.44423894950989457, "f1": 0.2882169426445884, "synth-time": 32.44016122817993, "eval-time": 2597.85707116127, "al-time": 1.091247320175171, "ensemble-time": 134.5579924583435, "run": 1, "threshold": 0.016666666666666666}
Computing majority vote image for threshold 0.02...
Computing performance statistics for majority vote at threshold 0.02...
{"benchmark": "cdr-disease", "ensemble": "majority-vote", "al-step": 0, "examples": 3, "precision": 0.2480037576326914, "recall": 0.3906047715923803, "f1": 0.30338289161818577, "synth-time": 32.44016122817993, "eval-time": 2597.85707116127, "al-time": 1.0557847023010254, "ensemble-time": 134.5579924583435, "run": 1, "threshold": 0.02}
Computing majority vote image for threshold 0.023333333333333334...
Computing performance statistics for majority vote at threshold 0.023333333333333334...
{"benchmark": "cdr-disease", "ensemble": "majority-vote", "al-step": 0, "examples": 3, "precision": 0.26730444569499157, "recall": 0.3513963380802663, "f1": 0.30363563723531767, "synth-time": 32.44016122817993, "eval-time": 2597.85707116127, "al-time": 1.0618672370910645, "ensemble-time": 134.5579924583435, "run": 1, "threshold": 0.023333333333333334}
Computing majority vote image for threshold 0.026666666666666665...
Computing performance statistics for majority vote at threshold 0.026666666666666665...
{"benchmark": "cdr-disease", "ensemble": "majority-vote", "al-step": 0, "examples": 3, "precision": 0.43092380686575493, "recall": 0.28555576105049013, "f1": 0.3434927697441602, "synth-time": 32.44016122817993, "eval-time": 2597.85707116127, "al-time": 1.063469409942627, "ensemble-time": 134.5579924583435, "run": 1, "threshold": 0.026666666666666665}
Computing majority vote image for threshold 0.03...
Computing performance statistics for majority vote at threshold 0.03...
{"benchmark": "cdr-disease", "ensemble": "majority-vote", "al-step": 0, "examples": 3, "precision": 0.4307909604519774, "recall": 0.28204179766968746, "f1": 0.3408963898513468, "synth-time": 32.44016122817993, "eval-time": 2597.85707116127, "al-time": 1.041916847229004, "ensemble-time": 134.5579924583435, "run": 1, "threshold": 0.03}
Computing image for weighted majority at step 0...
Computing performance statistics for weighted vote at step 0...
{"benchmark": "cdr-disease", "ensemble": "weighted-vote", "al-step": 0, "examples": 3, "precision": 0.0, "recall": 0.0, "f1": 0.0, "synth-time": 32.44016122817993, "eval-time": 2597.85707116127, "al-time": 2.5348563194274902, "ensemble-time": 134.5579924583435, "run": 1, "threshold": 0}
Checking for a candidate split...
Splitting on node 75884...
Computing image for weighted majority at step 1...
Computing performance statistics for weighted vote at step 1...
{"benchmark": "cdr-disease", "ensemble": "weighted-vote", "al-step": 1, "examples": 3, "precision": 0.05280953147641282, "recall": 0.06066210467911966, "f1": 0.05646410741952144, "synth-time": 32.44016122817993, "eval-time": 2597.85707116127, "al-time": 2.5501227378845215, "ensemble-time": 134.5579924583435, "run": 1, "threshold": 0}
Checking for a candidate split...
Splitting on node 11546...
Computing image for weighted majority at step 2...
Computing performance statistics for weighted vote at step 2...
{"benchmark": "cdr-disease", "ensemble": "weighted-vote", "al-step": 2, "examples": 3, "precision": 0.051323784722222224, "recall": 0.08747919363787683, "f1": 0.06469260753607331, "synth-time": 32.44016122817993, "eval-time": 2597.85707116127, "al-time": 2.443788528442383, "ensemble-time": 134.5579924583435, "run": 1, "threshold": 0}
Checking for a candidate split...
Splitting on node 64189...
Computing image for weighted majority at step 3...
Computing performance statistics for weighted vote at step 3...
{"benchmark": "cdr-disease", "ensemble": "weighted-vote", "al-step": 3, "examples": 3, "precision": 0.05030181086519115, "recall": 0.06473090438320696, "f1": 0.05661140315406389, "synth-time": 32.44016122817993, "eval-time": 2597.85707116127, "al-time": 2.4126555919647217, "ensemble-time": 134.5579924583435, "run": 1, "threshold": 0}
Checking for a candidate split...
Splitting on node 10013...
Computing image for weighted majority at step 4...
Computing performance statistics for weighted vote at step 4...
{"benchmark": "cdr-disease", "ensemble": "weighted-vote", "al-step": 4, "examples": 3, "precision": 0.05030181086519115, "recall": 0.06473090438320696, "f1": 0.05661140315406389, "synth-time": 32.44016122817993, "eval-time": 2597.85707116127, "al-time": 2.417168378829956, "ensemble-time": 134.5579924583435, "run": 1, "threshold": 0}
Checking for a candidate split...
Splitting on node 7764...
Computing image for weighted majority at step 5...
Computing performance statistics for weighted vote at step 5...
{"benchmark": "cdr-disease", "ensemble": "weighted-vote", "al-step": 5, "examples": 3, "precision": 0.05030181086519115, "recall": 0.06473090438320696, "f1": 0.05661140315406389, "synth-time": 32.44016122817993, "eval-time": 2597.85707116127, "al-time": 2.4396250247955322, "ensemble-time": 134.5579924583435, "run": 1, "threshold": 0}
Checking for a candidate split...
Splitting on node 10013...
Computing image for weighted majority at step 6...
Computing performance statistics for weighted vote at step 6...
{"benchmark": "cdr-disease", "ensemble": "weighted-vote", "al-step": 6, "examples": 3, "precision": 0.05030181086519115, "recall": 0.06473090438320696, "f1": 0.05661140315406389, "synth-time": 32.44016122817993, "eval-time": 2597.85707116127, "al-time": 2.454824447631836, "ensemble-time": 134.5579924583435, "run": 1, "threshold": 0}
Checking for a candidate split...
Splitting on node 7481...
Computing image for weighted majority at step 7...
Computing performance statistics for weighted vote at step 7...
{"benchmark": "cdr-disease", "ensemble": "weighted-vote", "al-step": 7, "examples": 3, "precision": 0.05030181086519115, "recall": 0.06473090438320696, "f1": 0.05661140315406389, "synth-time": 32.44016122817993, "eval-time": 2597.85707116127, "al-time": 2.41664457321167, "ensemble-time": 134.5579924583435, "run": 1, "threshold": 0}
Checking for a candidate split...
Splitting on node 10013...
Computing image for weighted majority at step 8...
Computing performance statistics for weighted vote at step 8...
{"benchmark": "cdr-disease", "ensemble": "weighted-vote", "al-step": 8, "examples": 3, "precision": 0.05030181086519115, "recall": 0.06473090438320696, "f1": 0.05661140315406389, "synth-time": 32.44016122817993, "eval-time": 2597.85707116127, "al-time": 2.412984609603882, "ensemble-time": 134.5579924583435, "run": 1, "threshold": 0}
Checking for a candidate split...
Splitting on node 18203...
Computing image for weighted majority at step 9...
Computing performance statistics for weighted vote at step 9...
{"benchmark": "cdr-disease", "ensemble": "weighted-vote", "al-step": 9, "examples": 3, "precision": 0.05030181086519115, "recall": 0.06473090438320696, "f1": 0.05661140315406389, "synth-time": 32.44016122817993, "eval-time": 2597.85707116127, "al-time": 2.4875731468200684, "ensemble-time": 134.5579924583435, "run": 1, "threshold": 0}
Checking for a candidate split...
Splitting on node 10013...
Computing image for weighted majority at step 10...
Computing performance statistics for weighted vote at step 10...
{"benchmark": "cdr-disease", "ensemble": "weighted-vote", "al-step": 10, "examples": 3, "precision": 0.05030181086519115, "recall": 0.06473090438320696, "f1": 0.05661140315406389, "synth-time": 32.44016122817993, "eval-time": 2597.85707116127, "al-time": 2.405611038208008, "ensemble-time": 134.5579924583435, "run": 1, "threshold": 0}
Checking for a candidate split...
Splitting on node 7481...
EVALUATION DONE
