GROUND TRUTH
Ground truth is provided in hardware-text.
Data split file detected, splitting into train/test...
Train/test split of 4/4...
GROUND TRUTH DONE

PROBLEM FILE
Sampling 1 instances for ground truth...
Writing to file...
PROBLEM FILE DONE

SYNTHESIS
Spinning up Hera for synthesis...
Synthesized 4 motifs...
SYNTHESIS DONE

EVALUATION
Spinning up Hera for evaluation...
EVALUATION DONE

ANALYSIS
Constructing ensembles...
Extracting target vertices...
Starting evaluation...
Computing disjunction image...
Computing disjunction stats...
{"benchmark": "hardware-text", "ensemble": "disjunction", "al-step": 0, "examples": 1, "precision": 0.0011638056444573757, "recall": 1.0, "f1": 0.0023249055507120024, "synth-time": 0.019712209701538086, "eval-time": 0.02148151397705078, "al-time": 0.025488615036010742, "ensemble-time": 0.017247915267944336, "run": 3, "threshold": 0}
Computing majority vote image for threshold 0.0...
Computing performance statistics for majority vote at threshold 0.0...
{"benchmark": "hardware-text", "ensemble": "majority-vote", "al-step": 0, "examples": 1, "precision": 0.0011638056444573757, "recall": 1.0, "f1": 0.0023249055507120024, "synth-time": 0.019712209701538086, "eval-time": 0.02148151397705078, "al-time": 0.008907079696655273, "ensemble-time": 0.017247915267944336, "run": 3, "threshold": 0.0}
Computing majority vote image for threshold 0.003333333333333333...
Computing performance statistics for majority vote at threshold 0.003333333333333333...
{"benchmark": "hardware-text", "ensemble": "majority-vote", "al-step": 0, "examples": 1, "precision": 0.0011638056444573757, "recall": 1.0, "f1": 0.0023249055507120024, "synth-time": 0.019712209701538086, "eval-time": 0.02148151397705078, "al-time": 0.009912729263305664, "ensemble-time": 0.017247915267944336, "run": 3, "threshold": 0.003333333333333333}
Computing majority vote image for threshold 0.006666666666666666...
Computing performance statistics for majority vote at threshold 0.006666666666666666...
{"benchmark": "hardware-text", "ensemble": "majority-vote", "al-step": 0, "examples": 1, "precision": 0.0011638056444573757, "recall": 1.0, "f1": 0.0023249055507120024, "synth-time": 0.019712209701538086, "eval-time": 0.02148151397705078, "al-time": 0.010727405548095703, "ensemble-time": 0.017247915267944336, "run": 3, "threshold": 0.006666666666666666}
Computing majority vote image for threshold 0.01...
Computing performance statistics for majority vote at threshold 0.01...
{"benchmark": "hardware-text", "ensemble": "majority-vote", "al-step": 0, "examples": 1, "precision": 0.0011638056444573757, "recall": 1.0, "f1": 0.0023249055507120024, "synth-time": 0.019712209701538086, "eval-time": 0.02148151397705078, "al-time": 0.01455378532409668, "ensemble-time": 0.017247915267944336, "run": 3, "threshold": 0.01}
Computing majority vote image for threshold 0.013333333333333332...
Computing performance statistics for majority vote at threshold 0.013333333333333332...
{"benchmark": "hardware-text", "ensemble": "majority-vote", "al-step": 0, "examples": 1, "precision": 0.0011638056444573757, "recall": 1.0, "f1": 0.0023249055507120024, "synth-time": 0.019712209701538086, "eval-time": 0.02148151397705078, "al-time": 0.009551286697387695, "ensemble-time": 0.017247915267944336, "run": 3, "threshold": 0.013333333333333332}
Computing majority vote image for threshold 0.016666666666666666...
Computing performance statistics for majority vote at threshold 0.016666666666666666...
{"benchmark": "hardware-text", "ensemble": "majority-vote", "al-step": 0, "examples": 1, "precision": 0.0011638056444573757, "recall": 1.0, "f1": 0.0023249055507120024, "synth-time": 0.019712209701538086, "eval-time": 0.02148151397705078, "al-time": 0.009742259979248047, "ensemble-time": 0.017247915267944336, "run": 3, "threshold": 0.016666666666666666}
Computing majority vote image for threshold 0.02...
Computing performance statistics for majority vote at threshold 0.02...
{"benchmark": "hardware-text", "ensemble": "majority-vote", "al-step": 0, "examples": 1, "precision": 0.0011638056444573757, "recall": 1.0, "f1": 0.0023249055507120024, "synth-time": 0.019712209701538086, "eval-time": 0.02148151397705078, "al-time": 0.010123252868652344, "ensemble-time": 0.017247915267944336, "run": 3, "threshold": 0.02}
Computing majority vote image for threshold 0.023333333333333334...
Computing performance statistics for majority vote at threshold 0.023333333333333334...
{"benchmark": "hardware-text", "ensemble": "majority-vote", "al-step": 0, "examples": 1, "precision": 0.0011638056444573757, "recall": 1.0, "f1": 0.0023249055507120024, "synth-time": 0.019712209701538086, "eval-time": 0.02148151397705078, "al-time": 0.012280702590942383, "ensemble-time": 0.017247915267944336, "run": 3, "threshold": 0.023333333333333334}
Computing majority vote image for threshold 0.026666666666666665...
Computing performance statistics for majority vote at threshold 0.026666666666666665...
{"benchmark": "hardware-text", "ensemble": "majority-vote", "al-step": 0, "examples": 1, "precision": 0.0011638056444573757, "recall": 1.0, "f1": 0.0023249055507120024, "synth-time": 0.019712209701538086, "eval-time": 0.02148151397705078, "al-time": 0.011932373046875, "ensemble-time": 0.017247915267944336, "run": 3, "threshold": 0.026666666666666665}
Computing majority vote image for threshold 0.03...
Computing performance statistics for majority vote at threshold 0.03...
{"benchmark": "hardware-text", "ensemble": "majority-vote", "al-step": 0, "examples": 1, "precision": 0.0011638056444573757, "recall": 1.0, "f1": 0.0023249055507120024, "synth-time": 0.019712209701538086, "eval-time": 0.02148151397705078, "al-time": 0.010963201522827148, "ensemble-time": 0.017247915267944336, "run": 3, "threshold": 0.03}
Computing image for weighted majority at step 0...
Computing performance statistics for weighted vote at step 0...
{"benchmark": "hardware-text", "ensemble": "weighted-vote", "al-step": 0, "examples": 1, "precision": 0.0007607455306200076, "recall": 0.5, "f1": 0.001519179642992784, "synth-time": 0.019712209701538086, "eval-time": 0.02148151397705078, "al-time": 0.021800756454467773, "ensemble-time": 0.017247915267944336, "run": 3, "threshold": 0}
Checking for a candidate split...
Splitting on node 245762...
Computing image for weighted majority at step 1...
Computing performance statistics for weighted vote at step 1...
{"benchmark": "hardware-text", "ensemble": "weighted-vote", "al-step": 1, "examples": 1, "precision": 0.001182033096926714, "recall": 1.0, "f1": 0.0023612750885478157, "synth-time": 0.019712209701538086, "eval-time": 0.02148151397705078, "al-time": 0.022284269332885742, "ensemble-time": 0.017247915267944336, "run": 3, "threshold": 0}
Checking for a candidate split...
Splitting on node 196632...
Computing image for weighted majority at step 2...
Computing performance statistics for weighted vote at step 2...
{"benchmark": "hardware-text", "ensemble": "weighted-vote", "al-step": 2, "examples": 1, "precision": 0.001182033096926714, "recall": 1.0, "f1": 0.0023612750885478157, "synth-time": 0.019712209701538086, "eval-time": 0.02148151397705078, "al-time": 0.018454551696777344, "ensemble-time": 0.017247915267944336, "run": 3, "threshold": 0}
Checking for a candidate split...
Splitting on node 196632...
Computing image for weighted majority at step 3...
Computing performance statistics for weighted vote at step 3...
{"benchmark": "hardware-text", "ensemble": "weighted-vote", "al-step": 3, "examples": 1, "precision": 0.001182033096926714, "recall": 1.0, "f1": 0.0023612750885478157, "synth-time": 0.019712209701538086, "eval-time": 0.02148151397705078, "al-time": 0.02781844139099121, "ensemble-time": 0.017247915267944336, "run": 3, "threshold": 0}
Checking for a candidate split...
Splitting on node 196632...
Computing image for weighted majority at step 4...
Computing performance statistics for weighted vote at step 4...
{"benchmark": "hardware-text", "ensemble": "weighted-vote", "al-step": 4, "examples": 1, "precision": 0.001182033096926714, "recall": 1.0, "f1": 0.0023612750885478157, "synth-time": 0.019712209701538086, "eval-time": 0.02148151397705078, "al-time": 0.023580074310302734, "ensemble-time": 0.017247915267944336, "run": 3, "threshold": 0}GROUND TRUTH
Ground truth is provided in hardware-text.
Data split file detected, splitting into train/test...
Train/test split of 4/4...
GROUND TRUTH DONE

PROBLEM FILE
Sampling 1 instances for ground truth...
Writing to file...
PROBLEM FILE DONE

SYNTHESIS
Spinning up Hera for synthesis...
Synthesized 4 motifs...
SYNTHESIS DONE

EVALUATION
Spinning up Hera for evaluation...
EVALUATION DONE

ANALYSIS
Constructing ensembles...
Extracting target vertices...
Starting evaluation...
Computing disjunction image...
Computing disjunction stats...
{"benchmark": "hardware-text", "ensemble": "disjunction", "al-step": 0, "examples": 1, "precision": 0.0011638056444573757, "recall": 1.0, "f1": 0.0023249055507120024, "synth-time": 0.08927512168884277, "eval-time": 0.05615234375, "al-time": 0.03188729286193848, "ensemble-time": 0.018112897872924805, "run": 1, "threshold": 0}
Computing majority vote image for threshold 0.0...
Computing performance statistics for majority vote at threshold 0.0...
{"benchmark": "hardware-text", "ensemble": "majority-vote", "al-step": 0, "examples": 1, "precision": 0.0011638056444573757, "recall": 1.0, "f1": 0.0023249055507120024, "synth-time": 0.08927512168884277, "eval-time": 0.05615234375, "al-time": 0.010745763778686523, "ensemble-time": 0.018112897872924805, "run": 1, "threshold": 0.0}
Computing majority vote image for threshold 0.003333333333333333...
Computing performance statistics for majority vote at threshold 0.003333333333333333...
{"benchmark": "hardware-text", "ensemble": "majority-vote", "al-step": 0, "examples": 1, "precision": 0.0011638056444573757, "recall": 1.0, "f1": 0.0023249055507120024, "synth-time": 0.08927512168884277, "eval-time": 0.05615234375, "al-time": 0.009019136428833008, "ensemble-time": 0.018112897872924805, "run": 1, "threshold": 0.003333333333333333}
Computing majority vote image for threshold 0.006666666666666666...
Computing performance statistics for majority vote at threshold 0.006666666666666666...
{"benchmark": "hardware-text", "ensemble": "majority-vote", "al-step": 0, "examples": 1, "precision": 0.0011638056444573757, "recall": 1.0, "f1": 0.0023249055507120024, "synth-time": 0.08927512168884277, "eval-time": 0.05615234375, "al-time": 0.007461071014404297, "ensemble-time": 0.018112897872924805, "run": 1, "threshold": 0.006666666666666666}
Computing majority vote image for threshold 0.01...
Computing performance statistics for majority vote at threshold 0.01...
{"benchmark": "hardware-text", "ensemble": "majority-vote", "al-step": 0, "examples": 1, "precision": 0.0011638056444573757, "recall": 1.0, "f1": 0.0023249055507120024, "synth-time": 0.08927512168884277, "eval-time": 0.05615234375, "al-time": 0.011296749114990234, "ensemble-time": 0.018112897872924805, "run": 1, "threshold": 0.01}
Computing majority vote image for threshold 0.013333333333333332...
Computing performance statistics for majority vote at threshold 0.013333333333333332...
{"benchmark": "hardware-text", "ensemble": "majority-vote", "al-step": 0, "examples": 1, "precision": 0.0011638056444573757, "recall": 1.0, "f1": 0.0023249055507120024, "synth-time": 0.08927512168884277, "eval-time": 0.05615234375, "al-time": 0.010185480117797852, "ensemble-time": 0.018112897872924805, "run": 1, "threshold": 0.013333333333333332}
Computing majority vote image for threshold 0.016666666666666666...
Computing performance statistics for majority vote at threshold 0.016666666666666666...
{"benchmark": "hardware-text", "ensemble": "majority-vote", "al-step": 0, "examples": 1, "precision": 0.0011638056444573757, "recall": 1.0, "f1": 0.0023249055507120024, "synth-time": 0.08927512168884277, "eval-time": 0.05615234375, "al-time": 0.014011144638061523, "ensemble-time": 0.018112897872924805, "run": 1, "threshold": 0.016666666666666666}
Computing majority vote image for threshold 0.02...
Computing performance statistics for majority vote at threshold 0.02...
{"benchmark": "hardware-text", "ensemble": "majority-vote", "al-step": 0, "examples": 1, "precision": 0.0011638056444573757, "recall": 1.0, "f1": 0.0023249055507120024, "synth-time": 0.08927512168884277, "eval-time": 0.05615234375, "al-time": 0.010423660278320312, "ensemble-time": 0.018112897872924805, "run": 1, "threshold": 0.02}
Computing majority vote image for threshold 0.023333333333333334...
Computing performance statistics for majority vote at threshold 0.023333333333333334...
{"benchmark": "hardware-text", "ensemble": "majority-vote", "al-step": 0, "examples": 1, "precision": 0.0011638056444573757, "recall": 1.0, "f1": 0.0023249055507120024, "synth-time": 0.08927512168884277, "eval-time": 0.05615234375, "al-time": 0.01742386817932129, "ensemble-time": 0.018112897872924805, "run": 1, "threshold": 0.023333333333333334}
Computing majority vote image for threshold 0.026666666666666665...
Computing performance statistics for majority vote at threshold 0.026666666666666665...
{"benchmark": "hardware-text", "ensemble": "majority-vote", "al-step": 0, "examples": 1, "precision": 0.0011638056444573757, "recall": 1.0, "f1": 0.0023249055507120024, "synth-time": 0.08927512168884277, "eval-time": 0.05615234375, "al-time": 0.0088348388671875, "ensemble-time": 0.018112897872924805, "run": 1, "threshold": 0.026666666666666665}
Computing majority vote image for threshold 0.03...
Computing performance statistics for majority vote at threshold 0.03...
{"benchmark": "hardware-text", "ensemble": "majority-vote", "al-step": 0, "examples": 1, "precision": 0.0011638056444573757, "recall": 1.0, "f1": 0.0023249055507120024, "synth-time": 0.08927512168884277, "eval-time": 0.05615234375, "al-time": 0.01691460609436035, "ensemble-time": 0.018112897872924805, "run": 1, "threshold": 0.03}
Computing image for weighted majority at step 0...
Computing performance statistics for weighted vote at step 0...
{"benchmark": "hardware-text", "ensemble": "weighted-vote", "al-step": 0, "examples": 1, "precision": 0.0007607455306200076, "recall": 0.5, "f1": 0.001519179642992784, "synth-time": 0.08927512168884277, "eval-time": 0.05615234375, "al-time": 0.01784491539001465, "ensemble-time": 0.018112897872924805, "run": 1, "threshold": 0}
Checking for a candidate split...
Splitting on node 245762...
Computing image for weighted majority at step 1...
Computing performance statistics for weighted vote at step 1...
{"benchmark": "hardware-text", "ensemble": "weighted-vote", "al-step": 1, "examples": 1, "precision": 0.001182033096926714, "recall": 1.0, "f1": 0.0023612750885478157, "synth-time": 0.08927512168884277, "eval-time": 0.05615234375, "al-time": 0.021516799926757812, "ensemble-time": 0.018112897872924805, "run": 1, "threshold": 0}
Checking for a candidate split...
Splitting on node 196632...
Computing image for weighted majority at step 2...
Computing performance statistics for weighted vote at step 2...
{"benchmark": "hardware-text", "ensemble": "weighted-vote", "al-step": 2, "examples": 1, "precision": 0.001182033096926714, "recall": 1.0, "f1": 0.0023612750885478157, "synth-time": 0.08927512168884277, "eval-time": 0.05615234375, "al-time": 0.01643967628479004, "ensemble-time": 0.018112897872924805, "run": 1, "threshold": 0}
Checking for a candidate split...
Splitting on node 196632...
Computing image for weighted majority at step 3...
Computing performance statistics for weighted vote at step 3...
{"benchmark": "hardware-text", "ensemble": "weighted-vote", "al-step": 3, "examples": 1, "precision": 0.001182033096926714, "recall": 1.0, "f1": 0.0023612750885478157, "synth-time": 0.08927512168884277, "eval-time": 0.05615234375, "al-time": 0.030961275100708008, "ensemble-time": 0.018112897872924805, "run": 1, "threshold": 0}
Checking for a candidate split...
Splitting on node 196632...
Computing image for weighted majority at step 4...
Computing performance statistics for weighted vote at step 4...
{"benchmark": "hardware-text", "ensemble": "weighted-vote", "al-step": 4, "examples": 1, "precision": 0.001182033096926714, "recall": 1.0, "f1": 0.0023612750885478157, "synth-time": 0.08927512168884277, "eval-time": 0.05615234375, "al-time": 0.03377962112426758, "ensemble-time": 0.018112897872924805, "run": 1, "threshold": 0}
Checking for a candidate split...
Checking for a candidate split...
Splitting on node 196632...
Computing image for weighted majority at step 5...
Computing performance statistics for weighted vote at step 5...
{"benchmark": "hardware-text", "ensemble": "weighted-vote", "al-step": 5, "examples": 1, "precision": 0.001182033096926714, "recall": 1.0, "f1": 0.0023612750885478157, "synth-time": 0.019712209701538086, "eval-time": 0.02148151397705078, "al-time": 0.022553205490112305, "ensemble-time": 0.017247915267944336, "run": 3, "threshold": 0}
Checking for a candidate split...
Splitting on node 196632...
Computing image for weighted majority at step 6...
Computing performance statistics for weighted vote at step 6...
{"benchmark": "hardware-text", "ensemble": "weighted-vote", "al-step": 6, "examples": 1, "precision": 0.001182033096926714, "recall": 1.0, "f1": 0.0023612750885478157, "synth-time": 0.019712209701538086, "eval-time": 0.02148151397705078, "al-time": 0.01851654052734375, "ensemble-time": 0.017247915267944336, "run": 3, "threshold": 0}
Checking for a candidate split...
Splitting on node 196632...
Computing image for weighted majority at step 7...
Computing performance statistics for weighted vote at step 7...
{"benchmark": "hardware-text", "ensemble": "weighted-vote", "al-step": 7, "examples": 1, "precision": 0.001182033096926714, "recall": 1.0, "f1": 0.0023612750885478157, "synth-time": 0.019712209701538086, "eval-time": 0.02148151397705078, "al-time": 0.025536537170410156, "ensemble-time": 0.017247915267944336, "run": 3, "threshold": 0}
Checking for a candidate split...
Splitting on node 196632...
Computing image for weighted majority at step 8...
Computing performance statistics for weighted vote at step 8...
{"benchmark": "hardware-text", "ensemble": "weighted-vote", "al-step": 8, "examples": 1, "precision": 0.001182033096926714, "recall": 1.0, "f1": 0.0023612750885478157, "synth-time": 0.019712209701538086, "eval-time": 0.02148151397705078, "al-time": 0.0204470157623291, "ensemble-time": 0.017247915267944336, "run": 3, "threshold": 0}
Checking for a candidate split...
Splitting on node 196632...
Computing image for weighted majority at step 9...
Computing performance statistics for weighted vote at step 9...
{"benchmark": "hardware-text", "ensemble": "weighted-vote", "al-step": 9, "examples": 1, "precision": 0.001182033096926714, "recall": 1.0, "f1": 0.0023612750885478157, "synth-time": 0.019712209701538086, "eval-time": 0.02148151397705078, "al-time": 0.02882075309753418, "ensemble-time": 0.017247915267944336, "run": 3, "threshold": 0}
Checking for a candidate split...
Splitting on node 196632...
Computing image for weighted majority at step 10...
Computing performance statistics for weighted vote at step 10...
{"benchmark": "hardware-text", "ensemble": "weighted-vote", "al-step": 10, "examples": 1, "precision": 0.001182033096926714, "recall": 1.0, "f1": 0.0023612750885478157, "synth-time": 0.019712209701538086, "eval-time": 0.02148151397705078, "al-time": 0.027774572372436523, "ensemble-time": 0.017247915267944336, "run": 3, "threshold": 0}
Checking for a candidate split...
Splitting on node 196632...
EVALUATION DONE

Splitting on node 196632...
Computing image for weighted majority at step 5...
Computing performance statistics for weighted vote at step 5...
{"benchmark": "hardware-text", "ensemble": "weighted-vote", "al-step": 5, "examples": 1, "precision": 0.001182033096926714, "recall": 1.0, "f1": 0.0023612750885478157, "synth-time": 0.08927512168884277, "eval-time": 0.05615234375, "al-time": 0.03268694877624512, "ensemble-time": 0.018112897872924805, "run": 1, "threshold": 0}
Checking for a candidate split...
Splitting on node 196632...
Computing image for weighted majority at step 6...
Computing performance statistics for weighted vote at step 6...
{"benchmark": "hardware-text", "ensemble": "weighted-vote", "al-step": 6, "examples": 1, "precision": 0.001182033096926714, "recall": 1.0, "f1": 0.0023612750885478157, "synth-time": 0.08927512168884277, "eval-time": 0.05615234375, "al-time": 0.017694711685180664, "ensemble-time": 0.018112897872924805, "run": 1, "threshold": 0}
Checking for a candidate split...
Splitting on node 196632...
Computing image for weighted majority at step 7...
Computing performance statistics for weighted vote at step 7...
{"benchmark": "hardware-text", "ensemble": "weighted-vote", "al-step": 7, "examples": 1, "precision": 0.001182033096926714, "recall": 1.0, "f1": 0.0023612750885478157, "synth-time": 0.08927512168884277, "eval-time": 0.05615234375, "al-time": 0.020720243453979492, "ensemble-time": 0.018112897872924805, "run": 1, "threshold": 0}
Checking for a candidate split...
Splitting on node 196632...
Computing image for weighted majority at step 8...
Computing performance statistics for weighted vote at step 8...
{"benchmark": "hardware-text", "ensemble": "weighted-vote", "al-step": 8, "examples": 1, "precision": 0.001182033096926714, "recall": 1.0, "f1": 0.0023612750885478157, "synth-time": 0.08927512168884277, "eval-time": 0.05615234375, "al-time": 0.02469348907470703, "ensemble-time": 0.018112897872924805, "run": 1, "threshold": 0}
Checking for a candidate split...
Splitting on node 196632...
Computing image for weighted majority at step 9...
Computing performance statistics for weighted vote at step 9...
{"benchmark": "hardware-text", "ensemble": "weighted-vote", "al-step": 9, "examples": 1, "precision": 0.001182033096926714, "recall": 1.0, "f1": 0.0023612750885478157, "synth-time": 0.08927512168884277, "eval-time": 0.05615234375, "al-time": 0.02965235710144043, "ensemble-time": 0.018112897872924805, "run": 1, "threshold": 0}
Checking for a candidate split...
Splitting on node 196632...
Computing image for weighted majority at step 10...
Computing performance statistics for weighted vote at step 10...
{"benchmark": "hardware-text", "ensemble": "weighted-vote", "al-step": 10, "examples": 1, "precision": 0.001182033096926714, "recall": 1.0, "f1": 0.0023612750885478157, "synth-time": 0.08927512168884277, "eval-time": 0.05615234375, "al-time": 0.017780303955078125, "ensemble-time": 0.018112897872924805, "run": 1, "threshold": 0}
Checking for a candidate split...
Splitting on node 196632...
EVALUATION DONE
GROUND TRUTH
Ground truth is provided in hardware-text.
Data split file detected, splitting into train/test...
Train/test split of 4/4...
GROUND TRUTH DONE

PROBLEM FILE
Sampling 1 instances for ground truth...
Writing to file...
PROBLEM FILE DONE

SYNTHESIS
Spinning up Hera for synthesis...
Synthesized 18 motifs...
SYNTHESIS DONE

EVALUATION
Spinning up Hera for evaluation...
EVALUATION DONE

ANALYSIS
Constructing ensembles...
Extracting target vertices...
Starting evaluation...
Computing disjunction image...
Computing disjunction stats...
{"benchmark": "hardware-text", "ensemble": "disjunction", "al-step": 0, "examples": 1, "precision": 0.0, "recall": 0.0, "f1": 0.0, "synth-time": 0.774468183517456, "eval-time": 8.728691816329956, "al-time": 0.04849600791931152, "ensemble-time": 0.08619999885559082, "run": 2, "threshold": 0}
Computing majority vote image for threshold 0.0...
Computing performance statistics for majority vote at threshold 0.0...
{"benchmark": "hardware-text", "ensemble": "majority-vote", "al-step": 0, "examples": 1, "precision": 0.0, "recall": 0.0, "f1": 0.0, "synth-time": 0.774468183517456, "eval-time": 8.728691816329956, "al-time": 0.021514177322387695, "ensemble-time": 0.08619999885559082, "run": 2, "threshold": 0.0}
Computing majority vote image for threshold 0.003333333333333333...
Computing performance statistics for majority vote at threshold 0.003333333333333333...
{"benchmark": "hardware-text", "ensemble": "majority-vote", "al-step": 0, "examples": 1, "precision": 0.0, "recall": 0.0, "f1": 0.0, "synth-time": 0.774468183517456, "eval-time": 8.728691816329956, "al-time": 0.017069339752197266, "ensemble-time": 0.08619999885559082, "run": 2, "threshold": 0.003333333333333333}
Computing majority vote image for threshold 0.006666666666666666...
Computing performance statistics for majority vote at threshold 0.006666666666666666...
{"benchmark": "hardware-text", "ensemble": "majority-vote", "al-step": 0, "examples": 1, "precision": 0.0, "recall": 0.0, "f1": 0.0, "synth-time": 0.774468183517456, "eval-time": 8.728691816329956, "al-time": 0.014666557312011719, "ensemble-time": 0.08619999885559082, "run": 2, "threshold": 0.006666666666666666}
Computing majority vote image for threshold 0.01...
Computing performance statistics for majority vote at threshold 0.01...
{"benchmark": "hardware-text", "ensemble": "majority-vote", "al-step": 0, "examples": 1, "precision": 0.0, "recall": 0.0, "f1": 0.0, "synth-time": 0.774468183517456, "eval-time": 8.728691816329956, "al-time": 0.024917125701904297, "ensemble-time": 0.08619999885559082, "run": 2, "threshold": 0.01}
Computing majority vote image for threshold 0.013333333333333332...
Computing performance statistics for majority vote at threshold 0.013333333333333332...
{"benchmark": "hardware-text", "ensemble": "majority-vote", "al-step": 0, "examples": 1, "precision": 0.0, "recall": 0.0, "f1": 0.0, "synth-time": 0.774468183517456, "eval-time": 8.728691816329956, "al-time": 0.0071871280670166016, "ensemble-time": 0.08619999885559082, "run": 2, "threshold": 0.013333333333333332}
Computing majority vote image for threshold 0.016666666666666666...
Computing performance statistics for majority vote at threshold 0.016666666666666666...
{"benchmark": "hardware-text", "ensemble": "majority-vote", "al-step": 0, "examples": 1, "precision": 0.0, "recall": 0.0, "f1": 0.0, "synth-time": 0.774468183517456, "eval-time": 8.728691816329956, "al-time": 0.005614280700683594, "ensemble-time": 0.08619999885559082, "run": 2, "threshold": 0.016666666666666666}
Computing majority vote image for threshold 0.02...
Computing performance statistics for majority vote at threshold 0.02...
{"benchmark": "hardware-text", "ensemble": "majority-vote", "al-step": 0, "examples": 1, "precision": 0.0, "recall": 0.0, "f1": 0.0, "synth-time": 0.774468183517456, "eval-time": 8.728691816329956, "al-time": 0.028026580810546875, "ensemble-time": 0.08619999885559082, "run": 2, "threshold": 0.02}
Computing majority vote image for threshold 0.023333333333333334...
Computing performance statistics for majority vote at threshold 0.023333333333333334...
{"benchmark": "hardware-text", "ensemble": "majority-vote", "al-step": 0, "examples": 1, "precision": 0.0, "recall": 0.0, "f1": 0.0, "synth-time": 0.774468183517456, "eval-time": 8.728691816329956, "al-time": 0.02396368980407715, "ensemble-time": 0.08619999885559082, "run": 2, "threshold": 0.023333333333333334}
Computing majority vote image for threshold 0.026666666666666665...
Computing performance statistics for majority vote at threshold 0.026666666666666665...
{"benchmark": "hardware-text", "ensemble": "majority-vote", "al-step": 0, "examples": 1, "precision": 0.0, "recall": 0.0, "f1": 0.0, "synth-time": 0.774468183517456, "eval-time": 8.728691816329956, "al-time": 0.023895978927612305, "ensemble-time": 0.08619999885559082, "run": 2, "threshold": 0.026666666666666665}
Computing majority vote image for threshold 0.03...
Computing performance statistics for majority vote at threshold 0.03...
{"benchmark": "hardware-text", "ensemble": "majority-vote", "al-step": 0, "examples": 1, "precision": 0.0, "recall": 0.0, "f1": 0.0, "synth-time": 0.774468183517456, "eval-time": 8.728691816329956, "al-time": 0.012897253036499023, "ensemble-time": 0.08619999885559082, "run": 2, "threshold": 0.03}
Computing image for weighted majority at step 0...
Computing performance statistics for weighted vote at step 0...
{"benchmark": "hardware-text", "ensemble": "weighted-vote", "al-step": 0, "examples": 1, "precision": 0.0, "recall": 0.0, "f1": 0.0, "synth-time": 0.774468183517456, "eval-time": 8.728691816329956, "al-time": 0.026621103286743164, "ensemble-time": 0.08619999885559082, "run": 2, "threshold": 0}
Checking for a candidate split...
Splitting on node 237973...
Computing image for weighted majority at step 1...
Computing performance statistics for weighted vote at step 1...
{"benchmark": "hardware-text", "ensemble": "weighted-vote", "al-step": 1, "examples": 1, "precision": 0.0, "recall": 0.0, "f1": 0.0, "synth-time": 0.774468183517456, "eval-time": 8.728691816329956, "al-time": 0.03540802001953125, "ensemble-time": 0.08619999885559082, "run": 2, "threshold": 0}
Checking for a candidate split...
Splitting on node 245803...
Computing image for weighted majority at step 2...
Computing performance statistics for weighted vote at step 2...
{"benchmark": "hardware-text", "ensemble": "weighted-vote", "al-step": 2, "examples": 1, "precision": 0.0, "recall": 0.0, "f1": 0.0, "synth-time": 0.774468183517456, "eval-time": 8.728691816329956, "al-time": 0.04851698875427246, "ensemble-time": 0.08619999885559082, "run": 2, "threshold": 0}
Checking for a candidate split...
Splitting on node 245803...
Computing image for weighted majority at step 3...
Computing performance statistics for weighted vote at step 3...
{"benchmark": "hardware-text", "ensemble": "weighted-vote", "al-step": 3, "examples": 1, "precision": 0.0, "recall": 0.0, "f1": 0.0, "synth-time": 0.774468183517456, "eval-time": 8.728691816329956, "al-time": 0.03554177284240723, "ensemble-time": 0.08619999885559082, "run": 2, "threshold": 0}
Checking for a candidate split...
Splitting on node 245803...
Computing image for weighted majority at step 4...
Computing performance statistics for weighted vote at step 4...
{"benchmark": "hardware-text", "ensemble": "weighted-vote", "al-step": 4, "examples": 1, "precision": 0.0, "recall": 0.0, "f1": 0.0, "synth-time": 0.774468183517456, "eval-time": 8.728691816329956, "al-time": 0.05551481246948242, "ensemble-time": 0.08619999885559082, "run": 2, "threshold": 0}
Checking for a candidate split...
Splitting on node 245803...
Computing image for weighted majority at step 5...
Computing performance statistics for weighted vote at step 5...
{"benchmark": "hardware-text", "ensemble": "weighted-vote", "al-step": 5, "examples": 1, "precision": 0.0, "recall": 0.0, "f1": 0.0, "synth-time": 0.774468183517456, "eval-time": 8.728691816329956, "al-time": 0.01954936981201172, "ensemble-time": 0.08619999885559082, "run": 2, "threshold": 0}
Checking for a candidate split...
Splitting on node 245803...
Computing image for weighted majority at step 6...
Computing performance statistics for weighted vote at step 6...
{"benchmark": "hardware-text", "ensemble": "weighted-vote", "al-step": 6, "examples": 1, "precision": 0.0, "recall": 0.0, "f1": 0.0, "synth-time": 0.774468183517456, "eval-time": 8.728691816329956, "al-time": 0.05552387237548828, "ensemble-time": 0.08619999885559082, "run": 2, "threshold": 0}
Checking for a candidate split...
Splitting on node 245803...
Computing image for weighted majority at step 7...
Computing performance statistics for weighted vote at step 7...
{"benchmark": "hardware-text", "ensemble": "weighted-vote", "al-step": 7, "examples": 1, "precision": 0.0, "recall": 0.0, "f1": 0.0, "synth-time": 0.774468183517456, "eval-time": 8.728691816329956, "al-time": 0.014884233474731445, "ensemble-time": 0.08619999885559082, "run": 2, "threshold": 0}
Checking for a candidate split...
Splitting on node 245803...
Computing image for weighted majority at step 8...
Computing performance statistics for weighted vote at step 8...
{"benchmark": "hardware-text", "ensemble": "weighted-vote", "al-step": 8, "examples": 1, "precision": 0.0, "recall": 0.0, "f1": 0.0, "synth-time": 0.774468183517456, "eval-time": 8.728691816329956, "al-time": 0.010426998138427734, "ensemble-time": 0.08619999885559082, "run": 2, "threshold": 0}
Checking for a candidate split...
Splitting on node 245803...
Computing image for weighted majority at step 9...
Computing performance statistics for weighted vote at step 9...
{"benchmark": "hardware-text", "ensemble": "weighted-vote", "al-step": 9, "examples": 1, "precision": 0.0, "recall": 0.0, "f1": 0.0, "synth-time": 0.774468183517456, "eval-time": 8.728691816329956, "al-time": 0.036547183990478516, "ensemble-time": 0.08619999885559082, "run": 2, "threshold": 0}
Checking for a candidate split...
Splitting on node 245803...
Computing image for weighted majority at step 10...
Computing performance statistics for weighted vote at step 10...
{"benchmark": "hardware-text", "ensemble": "weighted-vote", "al-step": 10, "examples": 1, "precision": 0.0, "recall": 0.0, "f1": 0.0, "synth-time": 0.774468183517456, "eval-time": 8.728691816329956, "al-time": 0.014523506164550781, "ensemble-time": 0.08619999885559082, "run": 2, "threshold": 0}
Checking for a candidate split...
Splitting on node 245803...
EVALUATION DONE
GROUND TRUTH
Ground truth is provided in hardware-text.
Data split file detected, splitting into train/test...
Train/test split of 4/4...
GROUND TRUTH DONE

PROBLEM FILE
Sampling 2 instances for ground truth...
Writing to file...
PROBLEM FILE DONE

SYNTHESIS
Spinning up Hera for synthesis...
Synthesized 22 motifs...
SYNTHESIS DONE

EVALUATION
Spinning up Hera for evaluation...
EVALUATION DONE

ANALYSIS
Constructing ensembles...
Extracting target vertices...
Starting evaluation...
Computing disjunction image...
Computing disjunction stats...
{"benchmark": "hardware-text", "ensemble": "disjunction", "al-step": 0, "examples": 2, "precision": 0.0011638056444573757, "recall": 1.0, "f1": 0.0023249055507120024, "synth-time": 0.6371991634368896, "eval-time": 9.478199005126953, "al-time": 0.06165719032287598, "ensemble-time": 0.42793703079223633, "run": 3, "threshold": 0}
Computing majority vote image for threshold 0.0...
Computing performance statistics for majority vote at threshold 0.0...
{"benchmark": "hardware-text", "ensemble": "majority-vote", "al-step": 0, "examples": 2, "precision": 0.0011638056444573757, "recall": 1.0, "f1": 0.0023249055507120024, "synth-time": 0.6371991634368896, "eval-time": 9.478199005126953, "al-time": 0.029672622680664062, "ensemble-time": 0.42793703079223633, "run": 3, "threshold": 0.0}
Computing majority vote image for threshold 0.003333333333333333...
Computing performance statistics for majority vote at threshold 0.003333333333333333...
{"benchmark": "hardware-text", "ensemble": "majority-vote", "al-step": 0, "examples": 2, "precision": 0.0011638056444573757, "recall": 1.0, "f1": 0.0023249055507120024, "synth-time": 0.6371991634368896, "eval-time": 9.478199005126953, "al-time": 0.04086422920227051, "ensemble-time": 0.42793703079223633, "run": 3, "threshold": 0.003333333333333333}
Computing majority vote image for threshold 0.006666666666666666...
Computing performance statistics for majority vote at threshold 0.006666666666666666...
{"benchmark": "hardware-text", "ensemble": "majority-vote", "al-step": 0, "examples": 2, "precision": 0.0011638056444573757, "recall": 1.0, "f1": 0.0023249055507120024, "synth-time": 0.6371991634368896, "eval-time": 9.478199005126953, "al-time": 0.026209354400634766, "ensemble-time": 0.42793703079223633, "run": 3, "threshold": 0.006666666666666666}
Computing majority vote image for threshold 0.01...
Computing performance statistics for majority vote at threshold 0.01...
{"benchmark": "hardware-text", "ensemble": "majority-vote", "al-step": 0, "examples": 2, "precision": 0.0011638056444573757, "recall": 1.0, "f1": 0.0023249055507120024, "synth-time": 0.6371991634368896, "eval-time": 9.478199005126953, "al-time": 0.039992332458496094, "ensemble-time": 0.42793703079223633, "run": 3, "threshold": 0.01}
Computing majority vote image for threshold 0.013333333333333332...
Computing performance statistics for majority vote at threshold 0.013333333333333332...
{"benchmark": "hardware-text", "ensemble": "majority-vote", "al-step": 0, "examples": 2, "precision": 0.0011638056444573757, "recall": 1.0, "f1": 0.0023249055507120024, "synth-time": 0.6371991634368896, "eval-time": 9.478199005126953, "al-time": 0.024218082427978516, "ensemble-time": 0.42793703079223633, "run": 3, "threshold": 0.013333333333333332}
Computing majority vote image for threshold 0.016666666666666666...
Computing performance statistics for majority vote at threshold 0.016666666666666666...
{"benchmark": "hardware-text", "ensemble": "majority-vote", "al-step": 0, "examples": 2, "precision": 0.0011638056444573757, "recall": 1.0, "f1": 0.0023249055507120024, "synth-time": 0.6371991634368896, "eval-time": 9.478199005126953, "al-time": 0.030369281768798828, "ensemble-time": 0.42793703079223633, "run": 3, "threshold": 0.016666666666666666}
Computing majority vote image for threshold 0.02...
Computing performance statistics for majority vote at threshold 0.02...
{"benchmark": "hardware-text", "ensemble": "majority-vote", "al-step": 0, "examples": 2, "precision": 0.0011638056444573757, "recall": 1.0, "f1": 0.0023249055507120024, "synth-time": 0.6371991634368896, "eval-time": 9.478199005126953, "al-time": 0.028941631317138672, "ensemble-time": 0.42793703079223633, "run": 3, "threshold": 0.02}
Computing majority vote image for threshold 0.023333333333333334...
Computing performance statistics for majority vote at threshold 0.023333333333333334...
{"benchmark": "hardware-text", "ensemble": "majority-vote", "al-step": 0, "examples": 2, "precision": 0.0011638056444573757, "recall": 1.0, "f1": 0.0023249055507120024, "synth-time": 0.6371991634368896, "eval-time": 9.478199005126953, "al-time": 0.02792954444885254, "ensemble-time": 0.42793703079223633, "run": 3, "threshold": 0.023333333333333334}
Computing majority vote image for threshold 0.026666666666666665...
Computing performance statistics for majority vote at threshold 0.026666666666666665...
{"benchmark": "hardware-text", "ensemble": "majority-vote", "al-step": 0, "examples": 2, "precision": 0.0011638056444573757, "recall": 1.0, "f1": 0.0023249055507120024, "synth-time": 0.6371991634368896, "eval-time": 9.478199005126953, "al-time": 0.04942822456359863, "ensemble-time": 0.42793703079223633, "run": 3, "threshold": 0.026666666666666665}
Computing majority vote image for threshold 0.03...
Computing performance statistics for majority vote at threshold 0.03...
{"benchmark": "hardware-text", "ensemble": "majority-vote", "al-step": 0, "examples": 2, "precision": 0.0011638056444573757, "recall": 1.0, "f1": 0.0023249055507120024, "synth-time": 0.6371991634368896, "eval-time": 9.478199005126953, "al-time": 0.03244924545288086, "ensemble-time": 0.42793703079223633, "run": 3, "threshold": 0.03}
Computing image for weighted majority at step 0...
Computing performance statistics for weighted vote at step 0...
{"benchmark": "hardware-text", "ensemble": "weighted-vote", "al-step": 0, "examples": 2, "precision": 0.0, "recall": 0.0, "f1": 0.0, "synth-time": 0.6371991634368896, "eval-time": 9.478199005126953, "al-time": 0.037795066833496094, "ensemble-time": 0.42793703079223633, "run": 3, "threshold": 0}
Checking for a candidate split...
Splitting on node 182103...
Computing image for weighted majority at step 1...
Computing performance statistics for weighted vote at step 1...
{"benchmark": "hardware-text", "ensemble": "weighted-vote", "al-step": 1, "examples": 2, "precision": 0.0007347538574577516, "recall": 0.5, "f1": 0.0014673514306676445, "synth-time": 0.6371991634368896, "eval-time": 9.478199005126953, "al-time": 0.07102656364440918, "ensemble-time": 0.42793703079223633, "run": 3, "threshold": 0}
Checking for a candidate split...
Splitting on node 245765...
Computing image for weighted majority at step 2...
Computing performance statistics for weighted vote at step 2...
{"benchmark": "hardware-text", "ensemble": "weighted-vote", "al-step": 2, "examples": 2, "precision": 0.0007347538574577516, "recall": 0.5, "f1": 0.0014673514306676445, "synth-time": 0.6371991634368896, "eval-time": 9.478199005126953, "al-time": 0.05603194236755371, "ensemble-time": 0.42793703079223633, "run": 3, "threshold": 0}
Checking for a candidate split...
Splitting on node 245765...
Computing image for weighted majority at step 3...
Computing performance statistics for weighted vote at step 3...
{"benchmark": "hardware-text", "ensemble": "weighted-vote", "al-step": 3, "examples": 2, "precision": 0.0007347538574577516, "recall": 0.5, "f1": 0.0014673514306676445, "synth-time": 0.6371991634368896, "eval-time": 9.478199005126953, "al-time": 0.04995465278625488, "ensemble-time": 0.42793703079223633, "run": 3, "threshold": 0}
Checking for a candidate split...
Splitting on node 245765...
Computing image for weighted majority at step 4...
Computing performance statistics for weighted vote at step 4...
{"benchmark": "hardware-text", "ensemble": "weighted-vote", "al-step": 4, "examples": 2, "precision": 0.0007347538574577516, "recall": 0.5, "f1": 0.0014673514306676445, "synth-time": 0.6371991634368896, "eval-time": 9.478199005126953, "al-time": 0.05170726776123047, "ensemble-time": 0.42793703079223633, "run": 3, "threshold": 0}
Checking for a candidate split...
Splitting on node 245765...
Computing image for weighted majority at step 5...
Computing performance statistics for weighted vote at step 5...
{"benchmark": "hardware-text", "ensemble": "weighted-vote", "al-step": 5, "examples": 2, "precision": 0.0007347538574577516, "recall": 0.5, "f1": 0.0014673514306676445, "synth-time": 0.6371991634368896, "eval-time": 9.478199005126953, "al-time": 0.04849576950073242, "ensemble-time": 0.42793703079223633, "run": 3, "threshold": 0}
Checking for a candidate split...
Splitting on node 245765...
Computing image for weighted majority at step 6...
Computing performance statistics for weighted vote at step 6...
{"benchmark": "hardware-text", "ensemble": "weighted-vote", "al-step": 6, "examples": 2, "precision": 0.0007347538574577516, "recall": 0.5, "f1": 0.0014673514306676445, "synth-time": 0.6371991634368896, "eval-time": 9.478199005126953, "al-time": 0.04045915603637695, "ensemble-time": 0.42793703079223633, "run": 3, "threshold": 0}
Checking for a candidate split...
Splitting on node 245765...
Computing image for weighted majority at step 7...
Computing performance statistics for weighted vote at step 7...
{"benchmark": "hardware-text", "ensemble": "weighted-vote", "al-step": 7, "examples": 2, "precision": 0.0007347538574577516, "recall": 0.5, "f1": 0.0014673514306676445, "synth-time": 0.6371991634368896, "eval-time": 9.478199005126953, "al-time": 0.04160308837890625, "ensemble-time": 0.42793703079223633, "run": 3, "threshold": 0}
Checking for a candidate split...
Splitting on node 245765...
Computing image for weighted majority at step 8...
Computing performance statistics for weighted vote at step 8...
{"benchmark": "hardware-text", "ensemble": "weighted-vote", "al-step": 8, "examples": 2, "precision": 0.0007347538574577516, "recall": 0.5, "f1": 0.0014673514306676445, "synth-time": 0.6371991634368896, "eval-time": 9.478199005126953, "al-time": 0.05350494384765625, "ensemble-time": 0.42793703079223633, "run": 3, "threshold": 0}
Checking for a candidate split...
Splitting on node 245765...
Computing image for weighted majority at step 9...
Computing performance statistics for weighted vote at step 9...
{"benchmark": "hardware-text", "ensemble": "weighted-vote", "al-step": 9, "examples": 2, "precision": 0.0007347538574577516, "recall": 0.5, "f1": 0.0014673514306676445, "synth-time": 0.6371991634368896, "eval-time": 9.478199005126953, "al-time": 0.05451536178588867, "ensemble-time": 0.42793703079223633, "run": 3, "threshold": 0}
Checking for a candidate split...
Splitting on node 245765...
Computing image for weighted majority at step 10...
Computing performance statistics for weighted vote at step 10...
{"benchmark": "hardware-text", "ensemble": "weighted-vote", "al-step": 10, "examples": 2, "precision": 0.0007347538574577516, "recall": 0.5, "f1": 0.0014673514306676445, "synth-time": 0.6371991634368896, "eval-time": 9.478199005126953, "al-time": 0.05165696144104004, "ensemble-time": 0.42793703079223633, "run": 3, "threshold": 0}
Checking for a candidate split...
Splitting on node 245765...
EVALUATION DONE
GROUND TRUTH
Ground truth is provided in hardware-text.
Data split file detected, splitting into train/test...
Train/test split of 4/4...
GROUND TRUTH DONE

PROBLEM FILE
Sampling 2 instances for ground truth...
Writing to file...
PROBLEM FILE DONE

SYNTHESIS
Spinning up Hera for synthesis...
Synthesized 22 motifs...
SYNTHESIS DONE

EVALUATION
Spinning up Hera for evaluation...
EVALUATION DONE

ANALYSIS
Constructing ensembles...
Extracting target vertices...
Starting evaluation...
Computing disjunction image...
Computing disjunction stats...
{"benchmark": "hardware-text", "ensemble": "disjunction", "al-step": 0, "examples": 2, "precision": 0.0011638056444573757, "recall": 1.0, "f1": 0.0023249055507120024, "synth-time": 2.355135917663574, "eval-time": 13.026570320129395, "al-time": 0.08125495910644531, "ensemble-time": 0.33667707443237305, "run": 2, "threshold": 0}
Computing majority vote image for threshold 0.0...
Computing performance statistics for majority vote at threshold 0.0...
{"benchmark": "hardware-text", "ensemble": "majority-vote", "al-step": 0, "examples": 2, "precision": 0.0011638056444573757, "recall": 1.0, "f1": 0.0023249055507120024, "synth-time": 2.355135917663574, "eval-time": 13.026570320129395, "al-time": 0.025372982025146484, "ensemble-time": 0.33667707443237305, "run": 2, "threshold": 0.0}
Computing majority vote image for threshold 0.003333333333333333...
Computing performance statistics for majority vote at threshold 0.003333333333333333...
{"benchmark": "hardware-text", "ensemble": "majority-vote", "al-step": 0, "examples": 2, "precision": 0.0011638056444573757, "recall": 1.0, "f1": 0.0023249055507120024, "synth-time": 2.355135917663574, "eval-time": 13.026570320129395, "al-time": 0.03684401512145996, "ensemble-time": 0.33667707443237305, "run": 2, "threshold": 0.003333333333333333}
Computing majority vote image for threshold 0.006666666666666666...
Computing performance statistics for majority vote at threshold 0.006666666666666666...
{"benchmark": "hardware-text", "ensemble": "majority-vote", "al-step": 0, "examples": 2, "precision": 0.0011638056444573757, "recall": 1.0, "f1": 0.0023249055507120024, "synth-time": 2.355135917663574, "eval-time": 13.026570320129395, "al-time": 0.030914783477783203, "ensemble-time": 0.33667707443237305, "run": 2, "threshold": 0.006666666666666666}
Computing majority vote image for threshold 0.01...
Computing performance statistics for majority vote at threshold 0.01...
{"benchmark": "hardware-text", "ensemble": "majority-vote", "al-step": 0, "examples": 2, "precision": 0.0011638056444573757, "recall": 1.0, "f1": 0.0023249055507120024, "synth-time": 2.355135917663574, "eval-time": 13.026570320129395, "al-time": 0.02177596092224121, "ensemble-time": 0.33667707443237305, "run": 2, "threshold": 0.01}
Computing majority vote image for threshold 0.013333333333333332...
Computing performance statistics for majority vote at threshold 0.013333333333333332...
{"benchmark": "hardware-text", "ensemble": "majority-vote", "al-step": 0, "examples": 2, "precision": 0.0011638056444573757, "recall": 1.0, "f1": 0.0023249055507120024, "synth-time": 2.355135917663574, "eval-time": 13.026570320129395, "al-time": 0.03193378448486328, "ensemble-time": 0.33667707443237305, "run": 2, "threshold": 0.013333333333333332}
Computing majority vote image for threshold 0.016666666666666666...
Computing performance statistics for majority vote at threshold 0.016666666666666666...
{"benchmark": "hardware-text", "ensemble": "majority-vote", "al-step": 0, "examples": 2, "precision": 0.0011638056444573757, "recall": 1.0, "f1": 0.0023249055507120024, "synth-time": 2.355135917663574, "eval-time": 13.026570320129395, "al-time": 0.0309598445892334, "ensemble-time": 0.33667707443237305, "run": 2, "threshold": 0.016666666666666666}
Computing majority vote image for threshold 0.02...
Computing performance statistics for majority vote at threshold 0.02...
{"benchmark": "hardware-text", "ensemble": "majority-vote", "al-step": 0, "examples": 2, "precision": 0.0011638056444573757, "recall": 1.0, "f1": 0.0023249055507120024, "synth-time": 2.355135917663574, "eval-time": 13.026570320129395, "al-time": 0.025888442993164062, "ensemble-time": 0.33667707443237305, "run": 2, "threshold": 0.02}
Computing majority vote image for threshold 0.023333333333333334...
Computing performance statistics for majority vote at threshold 0.023333333333333334...
{"benchmark": "hardware-text", "ensemble": "majority-vote", "al-step": 0, "examples": 2, "precision": 0.0011638056444573757, "recall": 1.0, "f1": 0.0023249055507120024, "synth-time": 2.355135917663574, "eval-time": 13.026570320129395, "al-time": 0.017903804779052734, "ensemble-time": 0.33667707443237305, "run": 2, "threshold": 0.023333333333333334}
Computing majority vote image for threshold 0.026666666666666665...
Computing performance statistics for majority vote at threshold 0.026666666666666665...
{"benchmark": "hardware-text", "ensemble": "majority-vote", "al-step": 0, "examples": 2, "precision": 0.0011638056444573757, "recall": 1.0, "f1": 0.0023249055507120024, "synth-time": 2.355135917663574, "eval-time": 13.026570320129395, "al-time": 0.03498578071594238, "ensemble-time": 0.33667707443237305, "run": 2, "threshold": 0.026666666666666665}
Computing majority vote image for threshold 0.03...
Computing performance statistics for majority vote at threshold 0.03...
{"benchmark": "hardware-text", "ensemble": "majority-vote", "al-step": 0, "examples": 2, "precision": 0.0011638056444573757, "recall": 1.0, "f1": 0.0023249055507120024, "synth-time": 2.355135917663574, "eval-time": 13.026570320129395, "al-time": 0.021819591522216797, "ensemble-time": 0.33667707443237305, "run": 2, "threshold": 0.03}
Computing image for weighted majority at step 0...
Computing performance statistics for weighted vote at step 0...
{"benchmark": "hardware-text", "ensemble": "weighted-vote", "al-step": 0, "examples": 2, "precision": 0.0, "recall": 0.0, "f1": 0.0, "synth-time": 2.355135917663574, "eval-time": 13.026570320129395, "al-time": 0.029463768005371094, "ensemble-time": 0.33667707443237305, "run": 2, "threshold": 0}
Checking for a candidate split...
Splitting on node 182103...
Computing image for weighted majority at step 1...
Computing performance statistics for weighted vote at step 1...
{"benchmark": "hardware-text", "ensemble": "weighted-vote", "al-step": 1, "examples": 2, "precision": 0.0007347538574577516, "recall": 0.5, "f1": 0.0014673514306676445, "synth-time": 2.355135917663574, "eval-time": 13.026570320129395, "al-time": 0.014366388320922852, "ensemble-time": 0.33667707443237305, "run": 2, "threshold": 0}
Checking for a candidate split...
Splitting on node 245765...
Computing image for weighted majority at step 2...
Computing performance statistics for weighted vote at step 2...
{"benchmark": "hardware-text", "ensemble": "weighted-vote", "al-step": 2, "examples": 2, "precision": 0.0007347538574577516, "recall": 0.5, "f1": 0.0014673514306676445, "synth-time": 2.355135917663574, "eval-time": 13.026570320129395, "al-time": 0.060547828674316406, "ensemble-time": 0.33667707443237305, "run": 2, "threshold": 0}
Checking for a candidate split...
Splitting on node 245765...
Computing image for weighted majority at step 3...
Computing performance statistics for weighted vote at step 3...
{"benchmark": "hardware-text", "ensemble": "weighted-vote", "al-step": 3, "examples": 2, "precision": 0.0007347538574577516, "recall": 0.5, "f1": 0.0014673514306676445, "synth-time": 2.355135917663574, "eval-time": 13.026570320129395, "al-time": 0.053537845611572266, "ensemble-time": 0.33667707443237305, "run": 2, "threshold": 0}
Checking for a candidate split...
Splitting on node 245765...
Computing image for weighted majority at step 4...
Computing performance statistics for weighted vote at step 4...
{"benchmark": "hardware-text", "ensemble": "weighted-vote", "al-step": 4, "examples": 2, "precision": 0.0007347538574577516, "recall": 0.5, "f1": 0.0014673514306676445, "synth-time": 2.355135917663574, "eval-time": 13.026570320129395, "al-time": 0.03252410888671875, "ensemble-time": 0.33667707443237305, "run": 2, "threshold": 0}
Checking for a candidate split...
Splitting on node 245765...
Computing image for weighted majority at step 5...
Computing performance statistics for weighted vote at step 5...
{"benchmark": "hardware-text", "ensemble": "weighted-vote", "al-step": 5, "examples": 2, "precision": 0.0007347538574577516, "recall": 0.5, "f1": 0.0014673514306676445, "synth-time": 2.355135917663574, "eval-time": 13.026570320129395, "al-time": 0.041506290435791016, "ensemble-time": 0.33667707443237305, "run": 2, "threshold": 0}
Checking for a candidate split...
Splitting on node 245765...
Computing image for weighted majority at step 6...
Computing performance statistics for weighted vote at step 6...
{"benchmark": "hardware-text", "ensemble": "weighted-vote", "al-step": 6, "examples": 2, "precision": 0.0007347538574577516, "recall": 0.5, "f1": 0.0014673514306676445, "synth-time": 2.355135917663574, "eval-time": 13.026570320129395, "al-time": 0.05256795883178711, "ensemble-time": 0.33667707443237305, "run": 2, "threshold": 0}
Checking for a candidate split...
Splitting on node 245765...
Computing image for weighted majority at step 7...
Computing performance statistics for weighted vote at step 7...
{"benchmark": "hardware-text", "ensemble": "weighted-vote", "al-step": 7, "examples": 2, "precision": 0.0007347538574577516, "recall": 0.5, "f1": 0.0014673514306676445, "synth-time": 2.355135917663574, "eval-time": 13.026570320129395, "al-time": 0.049579620361328125, "ensemble-time": 0.33667707443237305, "run": 2, "threshold": 0}
Checking for a candidate split...
Splitting on node 245765...
Computing image for weighted majority at step 8...
Computing performance statistics for weighted vote at step 8...
{"benchmark": "hardware-text", "ensemble": "weighted-vote", "al-step": 8, "examples": 2, "precision": 0.0007347538574577516, "recall": 0.5, "f1": 0.0014673514306676445, "synth-time": 2.355135917663574, "eval-time": 13.026570320129395, "al-time": 0.05895805358886719, "ensemble-time": 0.33667707443237305, "run": 2, "threshold": 0}
Checking for a candidate split...
Splitting on node 245765...
Computing image for weighted majority at step 9...
Computing performance statistics for weighted vote at step 9...
{"benchmark": "hardware-text", "ensemble": "weighted-vote", "al-step": 9, "examples": 2, "precision": 0.0007347538574577516, "recall": 0.5, "f1": 0.0014673514306676445, "synth-time": 2.355135917663574, "eval-time": 13.026570320129395, "al-time": 0.03550457954406738, "ensemble-time": 0.33667707443237305, "run": 2, "threshold": 0}
Checking for a candidate split...
Splitting on node 245765...
Computing image for weighted majority at step 10...
Computing performance statistics for weighted vote at step 10...
{"benchmark": "hardware-text", "ensemble": "weighted-vote", "al-step": 10, "examples": 2, "precision": 0.0007347538574577516, "recall": 0.5, "f1": 0.0014673514306676445, "synth-time": 2.355135917663574, "eval-time": 13.026570320129395, "al-time": 0.02848029136657715, "ensemble-time": 0.33667707443237305, "run": 2, "threshold": 0}
Checking for a candidate split...
Splitting on node 245765...
EVALUATION DONE
GROUND TRUTH
Ground truth is provided in hardware-text.
Data split file detected, splitting into train/test...
Train/test split of 4/4...
GROUND TRUTH DONE

PROBLEM FILE
Sampling 2 instances for ground truth...
Writing to file...
PROBLEM FILE DONE

SYNTHESIS
Spinning up Hera for synthesis...
Synthesized 22 motifs...
SYNTHESIS DONE

EVALUATION
Spinning up Hera for evaluation...
EVALUATION DONE

ANALYSIS
Constructing ensembles...
Extracting target vertices...
Starting evaluation...
Computing disjunction image...
Computing disjunction stats...
{"benchmark": "hardware-text", "ensemble": "disjunction", "al-step": 0, "examples": 2, "precision": 0.0011638056444573757, "recall": 1.0, "f1": 0.0023249055507120024, "synth-time": 4.481861114501953, "eval-time": 12.804094314575195, "al-time": 0.06920289993286133, "ensemble-time": 0.3616340160369873, "run": 1, "threshold": 0}
Computing majority vote image for threshold 0.0...
Computing performance statistics for majority vote at threshold 0.0...
{"benchmark": "hardware-text", "ensemble": "majority-vote", "al-step": 0, "examples": 2, "precision": 0.0011638056444573757, "recall": 1.0, "f1": 0.0023249055507120024, "synth-time": 4.481861114501953, "eval-time": 12.804094314575195, "al-time": 0.019319534301757812, "ensemble-time": 0.3616340160369873, "run": 1, "threshold": 0.0}
Computing majority vote image for threshold 0.003333333333333333...
Computing performance statistics for majority vote at threshold 0.003333333333333333...
{"benchmark": "hardware-text", "ensemble": "majority-vote", "al-step": 0, "examples": 2, "precision": 0.0011638056444573757, "recall": 1.0, "f1": 0.0023249055507120024, "synth-time": 4.481861114501953, "eval-time": 12.804094314575195, "al-time": 0.031694889068603516, "ensemble-time": 0.3616340160369873, "run": 1, "threshold": 0.003333333333333333}
Computing majority vote image for threshold 0.006666666666666666...
Computing performance statistics for majority vote at threshold 0.006666666666666666...
{"benchmark": "hardware-text", "ensemble": "majority-vote", "al-step": 0, "examples": 2, "precision": 0.0011638056444573757, "recall": 1.0, "f1": 0.0023249055507120024, "synth-time": 4.481861114501953, "eval-time": 12.804094314575195, "al-time": 0.028098344802856445, "ensemble-time": 0.3616340160369873, "run": 1, "threshold": 0.006666666666666666}
Computing majority vote image for threshold 0.01...
Computing performance statistics for majority vote at threshold 0.01...
{"benchmark": "hardware-text", "ensemble": "majority-vote", "al-step": 0, "examples": 2, "precision": 0.0011638056444573757, "recall": 1.0, "f1": 0.0023249055507120024, "synth-time": 4.481861114501953, "eval-time": 12.804094314575195, "al-time": 0.007831096649169922, "ensemble-time": 0.3616340160369873, "run": 1, "threshold": 0.01}
Computing majority vote image for threshold 0.013333333333333332...
Computing performance statistics for majority vote at threshold 0.013333333333333332...
{"benchmark": "hardware-text", "ensemble": "majority-vote", "al-step": 0, "examples": 2, "precision": 0.0011638056444573757, "recall": 1.0, "f1": 0.0023249055507120024, "synth-time": 4.481861114501953, "eval-time": 12.804094314575195, "al-time": 0.025951385498046875, "ensemble-time": 0.3616340160369873, "run": 1, "threshold": 0.013333333333333332}
Computing majority vote image for threshold 0.016666666666666666...
Computing performance statistics for majority vote at threshold 0.016666666666666666...
{"benchmark": "hardware-text", "ensemble": "majority-vote", "al-step": 0, "examples": 2, "precision": 0.0011638056444573757, "recall": 1.0, "f1": 0.0023249055507120024, "synth-time": 4.481861114501953, "eval-time": 12.804094314575195, "al-time": 0.0219879150390625, "ensemble-time": 0.3616340160369873, "run": 1, "threshold": 0.016666666666666666}
Computing majority vote image for threshold 0.02...
Computing performance statistics for majority vote at threshold 0.02...
{"benchmark": "hardware-text", "ensemble": "majority-vote", "al-step": 0, "examples": 2, "precision": 0.0011638056444573757, "recall": 1.0, "f1": 0.0023249055507120024, "synth-time": 4.481861114501953, "eval-time": 12.804094314575195, "al-time": 0.03699827194213867, "ensemble-time": 0.3616340160369873, "run": 1, "threshold": 0.02}
Computing majority vote image for threshold 0.023333333333333334...
Computing performance statistics for majority vote at threshold 0.023333333333333334...
{"benchmark": "hardware-text", "ensemble": "majority-vote", "al-step": 0, "examples": 2, "precision": 0.0011638056444573757, "recall": 1.0, "f1": 0.0023249055507120024, "synth-time": 4.481861114501953, "eval-time": 12.804094314575195, "al-time": 0.019937753677368164, "ensemble-time": 0.3616340160369873, "run": 1, "threshold": 0.023333333333333334}
Computing majority vote image for threshold 0.026666666666666665...
Computing performance statistics for majority vote at threshold 0.026666666666666665...
{"benchmark": "hardware-text", "ensemble": "majority-vote", "al-step": 0, "examples": 2, "precision": 0.0011638056444573757, "recall": 1.0, "f1": 0.0023249055507120024, "synth-time": 4.481861114501953, "eval-time": 12.804094314575195, "al-time": 0.025877714157104492, "ensemble-time": 0.3616340160369873, "run": 1, "threshold": 0.026666666666666665}
Computing majority vote image for threshold 0.03...
Computing performance statistics for majority vote at threshold 0.03...
{"benchmark": "hardware-text", "ensemble": "majority-vote", "al-step": 0, "examples": 2, "precision": 0.0011638056444573757, "recall": 1.0, "f1": 0.0023249055507120024, "synth-time": 4.481861114501953, "eval-time": 12.804094314575195, "al-time": 0.020216941833496094, "ensemble-time": 0.3616340160369873, "run": 1, "threshold": 0.03}
Computing image for weighted majority at step 0...
Computing performance statistics for weighted vote at step 0...
{"benchmark": "hardware-text", "ensemble": "weighted-vote", "al-step": 0, "examples": 2, "precision": 0.0, "recall": 0.0, "f1": 0.0, "synth-time": 4.481861114501953, "eval-time": 12.804094314575195, "al-time": 0.03738999366760254, "ensemble-time": 0.3616340160369873, "run": 1, "threshold": 0}
Checking for a candidate split...
Splitting on node 182103...
Computing image for weighted majority at step 1...
Computing performance statistics for weighted vote at step 1...
{"benchmark": "hardware-text", "ensemble": "weighted-vote", "al-step": 1, "examples": 2, "precision": 0.0007347538574577516, "recall": 0.5, "f1": 0.0014673514306676445, "synth-time": 4.481861114501953, "eval-time": 12.804094314575195, "al-time": 0.047505855560302734, "ensemble-time": 0.3616340160369873, "run": 1, "threshold": 0}
Checking for a candidate split...
Splitting on node 245765...
Computing image for weighted majority at step 2...
Computing performance statistics for weighted vote at step 2...
{"benchmark": "hardware-text", "ensemble": "weighted-vote", "al-step": 2, "examples": 2, "precision": 0.0007347538574577516, "recall": 0.5, "f1": 0.0014673514306676445, "synth-time": 4.481861114501953, "eval-time": 12.804094314575195, "al-time": 0.06765556335449219, "ensemble-time": 0.3616340160369873, "run": 1, "threshold": 0}
Checking for a candidate split...
Splitting on node 245765...
Computing image for weighted majority at step 3...
Computing performance statistics for weighted vote at step 3...
{"benchmark": "hardware-text", "ensemble": "weighted-vote", "al-step": 3, "examples": 2, "precision": 0.0007347538574577516, "recall": 0.5, "f1": 0.0014673514306676445, "synth-time": 4.481861114501953, "eval-time": 12.804094314575195, "al-time": 0.039670467376708984, "ensemble-time": 0.3616340160369873, "run": 1, "threshold": 0}
Checking for a candidate split...
Splitting on node 245765...
Computing image for weighted majority at step 4...
Computing performance statistics for weighted vote at step 4...
{"benchmark": "hardware-text", "ensemble": "weighted-vote", "al-step": 4, "examples": 2, "precision": 0.0007347538574577516, "recall": 0.5, "f1": 0.0014673514306676445, "synth-time": 4.481861114501953, "eval-time": 12.804094314575195, "al-time": 0.04260444641113281, "ensemble-time": 0.3616340160369873, "run": 1, "threshold": 0}
Checking for a candidate split...
Splitting on node 245765...
Computing image for weighted majority at step 5...
Computing performance statistics for weighted vote at step 5...
{"benchmark": "hardware-text", "ensemble": "weighted-vote", "al-step": 5, "examples": 2, "precision": 0.0007347538574577516, "recall": 0.5, "f1": 0.0014673514306676445, "synth-time": 4.481861114501953, "eval-time": 12.804094314575195, "al-time": 0.05266737937927246, "ensemble-time": 0.3616340160369873, "run": 1, "threshold": 0}
Checking for a candidate split...
Splitting on node 245765...
Computing image for weighted majority at step 6...
Computing performance statistics for weighted vote at step 6...
{"benchmark": "hardware-text", "ensemble": "weighted-vote", "al-step": 6, "examples": 2, "precision": 0.0007347538574577516, "recall": 0.5, "f1": 0.0014673514306676445, "synth-time": 4.481861114501953, "eval-time": 12.804094314575195, "al-time": 0.08160281181335449, "ensemble-time": 0.3616340160369873, "run": 1, "threshold": 0}
Checking for a candidate split...
Splitting on node 245765...
Computing image for weighted majority at step 7...
Computing performance statistics for weighted vote at step 7...
{"benchmark": "hardware-text", "ensemble": "weighted-vote", "al-step": 7, "examples": 2, "precision": 0.0007347538574577516, "recall": 0.5, "f1": 0.0014673514306676445, "synth-time": 4.481861114501953, "eval-time": 12.804094314575195, "al-time": 0.04207301139831543, "ensemble-time": 0.3616340160369873, "run": 1, "threshold": 0}
Checking for a candidate split...
Splitting on node 245765...
Computing image for weighted majority at step 8...
Computing performance statistics for weighted vote at step 8...
{"benchmark": "hardware-text", "ensemble": "weighted-vote", "al-step": 8, "examples": 2, "precision": 0.0007347538574577516, "recall": 0.5, "f1": 0.0014673514306676445, "synth-time": 4.481861114501953, "eval-time": 12.804094314575195, "al-time": 0.03655719757080078, "ensemble-time": 0.3616340160369873, "run": 1, "threshold": 0}
Checking for a candidate split...
Splitting on node 245765...
Computing image for weighted majority at step 9...
Computing performance statistics for weighted vote at step 9...
{"benchmark": "hardware-text", "ensemble": "weighted-vote", "al-step": 9, "examples": 2, "precision": 0.0007347538574577516, "recall": 0.5, "f1": 0.0014673514306676445, "synth-time": 4.481861114501953, "eval-time": 12.804094314575195, "al-time": 0.04630088806152344, "ensemble-time": 0.3616340160369873, "run": 1, "threshold": 0}
Checking for a candidate split...
Splitting on node 245765...
Computing image for weighted majority at step 10...
Computing performance statistics for weighted vote at step 10...
{"benchmark": "hardware-text", "ensemble": "weighted-vote", "al-step": 10, "examples": 2, "precision": 0.0007347538574577516, "recall": 0.5, "f1": 0.0014673514306676445, "synth-time": 4.481861114501953, "eval-time": 12.804094314575195, "al-time": 0.055307626724243164, "ensemble-time": 0.3616340160369873, "run": 1, "threshold": 0}
Checking for a candidate split...
Splitting on node 245765...
EVALUATION DONE
GROUND TRUTH
Ground truth is provided in hardware-text.
Data split file detected, splitting into train/test...
Train/test split of 4/4...
GROUND TRUTH DONE

PROBLEM FILE
Sampling 3 instances for ground truth...
Writing to file...
PROBLEM FILE DONE

SYNTHESIS
Spinning up Hera for synthesis...
Synthesized 40 motifs...
SYNTHESIS DONE

EVALUATION
Spinning up Hera for evaluation...
EVALUATION DONE

ANALYSIS
Constructing ensembles...
Extracting target vertices...
Starting evaluation...
Computing disjunction image...
Computing disjunction stats...
{"benchmark": "hardware-text", "ensemble": "disjunction", "al-step": 0, "examples": 3, "precision": 0.0011638056444573757, "recall": 1.0, "f1": 0.0023249055507120024, "synth-time": 3.861262321472168, "eval-time": 33.14021682739258, "al-time": 0.14438104629516602, "ensemble-time": 0.8898005485534668, "run": 2, "threshold": 0}
Computing majority vote image for threshold 0.0...
Computing performance statistics for majority vote at threshold 0.0...
{"benchmark": "hardware-text", "ensemble": "majority-vote", "al-step": 0, "examples": 3, "precision": 0.0011638056444573757, "recall": 1.0, "f1": 0.0023249055507120024, "synth-time": 3.861262321472168, "eval-time": 33.14021682739258, "al-time": 0.07419490814208984, "ensemble-time": 0.8898005485534668, "run": 2, "threshold": 0.0}
Computing majority vote image for threshold 0.003333333333333333...
Computing performance statistics for majority vote at threshold 0.003333333333333333...
{"benchmark": "hardware-text", "ensemble": "majority-vote", "al-step": 0, "examples": 3, "precision": 0.0011638056444573757, "recall": 1.0, "f1": 0.0023249055507120024, "synth-time": 3.861262321472168, "eval-time": 33.14021682739258, "al-time": 0.08183765411376953, "ensemble-time": 0.8898005485534668, "run": 2, "threshold": 0.003333333333333333}
Computing majority vote image for threshold 0.006666666666666666...
Computing performance statistics for majority vote at threshold 0.006666666666666666...
{"benchmark": "hardware-text", "ensemble": "majority-vote", "al-step": 0, "examples": 3, "precision": 0.0011638056444573757, "recall": 1.0, "f1": 0.0023249055507120024, "synth-time": 3.861262321472168, "eval-time": 33.14021682739258, "al-time": 0.08162760734558105, "ensemble-time": 0.8898005485534668, "run": 2, "threshold": 0.006666666666666666}
Computing majority vote image for threshold 0.01...
Computing performance statistics for majority vote at threshold 0.01...
{"benchmark": "hardware-text", "ensemble": "majority-vote", "al-step": 0, "examples": 3, "precision": 0.0011638056444573757, "recall": 1.0, "f1": 0.0023249055507120024, "synth-time": 3.861262321472168, "eval-time": 33.14021682739258, "al-time": 0.08609390258789062, "ensemble-time": 0.8898005485534668, "run": 2, "threshold": 0.01}
Computing majority vote image for threshold 0.013333333333333332...
Computing performance statistics for majority vote at threshold 0.013333333333333332...
{"benchmark": "hardware-text", "ensemble": "majority-vote", "al-step": 0, "examples": 3, "precision": 0.0011638056444573757, "recall": 1.0, "f1": 0.0023249055507120024, "synth-time": 3.861262321472168, "eval-time": 33.14021682739258, "al-time": 0.09640908241271973, "ensemble-time": 0.8898005485534668, "run": 2, "threshold": 0.013333333333333332}
Computing majority vote image for threshold 0.016666666666666666...
Computing performance statistics for majority vote at threshold 0.016666666666666666...
{"benchmark": "hardware-text", "ensemble": "majority-vote", "al-step": 0, "examples": 3, "precision": 0.0011638056444573757, "recall": 1.0, "f1": 0.0023249055507120024, "synth-time": 3.861262321472168, "eval-time": 33.14021682739258, "al-time": 0.08609414100646973, "ensemble-time": 0.8898005485534668, "run": 2, "threshold": 0.016666666666666666}
Computing majority vote image for threshold 0.02...
Computing performance statistics for majority vote at threshold 0.02...
{"benchmark": "hardware-text", "ensemble": "majority-vote", "al-step": 0, "examples": 3, "precision": 0.0011638056444573757, "recall": 1.0, "f1": 0.0023249055507120024, "synth-time": 3.861262321472168, "eval-time": 33.14021682739258, "al-time": 0.1188662052154541, "ensemble-time": 0.8898005485534668, "run": 2, "threshold": 0.02}
Computing majority vote image for threshold 0.023333333333333334...
Computing performance statistics for majority vote at threshold 0.023333333333333334...
{"benchmark": "hardware-text", "ensemble": "majority-vote", "al-step": 0, "examples": 3, "precision": 0.0011638056444573757, "recall": 1.0, "f1": 0.0023249055507120024, "synth-time": 3.861262321472168, "eval-time": 33.14021682739258, "al-time": 0.049256324768066406, "ensemble-time": 0.8898005485534668, "run": 2, "threshold": 0.023333333333333334}
Computing majority vote image for threshold 0.026666666666666665...
Computing performance statistics for majority vote at threshold 0.026666666666666665...
{"benchmark": "hardware-text", "ensemble": "majority-vote", "al-step": 0, "examples": 3, "precision": 0.0007107320540156361, "recall": 0.5, "f1": 0.0014194464158978, "synth-time": 3.861262321472168, "eval-time": 33.14021682739258, "al-time": 0.06386637687683105, "ensemble-time": 0.8898005485534668, "run": 2, "threshold": 0.026666666666666665}
Computing majority vote image for threshold 0.03...
Computing performance statistics for majority vote at threshold 0.03...
{"benchmark": "hardware-text", "ensemble": "majority-vote", "al-step": 0, "examples": 3, "precision": 0.0007107320540156361, "recall": 0.5, "f1": 0.0014194464158978, "synth-time": 3.861262321472168, "eval-time": 33.14021682739258, "al-time": 0.030886173248291016, "ensemble-time": 0.8898005485534668, "run": 2, "threshold": 0.03}
Computing image for weighted majority at step 0...
Computing performance statistics for weighted vote at step 0...
{"benchmark": "hardware-text", "ensemble": "weighted-vote", "al-step": 0, "examples": 3, "precision": 0.0, "recall": 0.0, "f1": 0.0, "synth-time": 3.861262321472168, "eval-time": 33.14021682739258, "al-time": 0.07286429405212402, "ensemble-time": 0.8898005485534668, "run": 2, "threshold": 0}
Checking for a candidate split...
Splitting on node 182103...
Computing image for weighted majority at step 1...
Computing performance statistics for weighted vote at step 1...
{"benchmark": "hardware-text", "ensemble": "weighted-vote", "al-step": 1, "examples": 3, "precision": 0.0, "recall": 0.0, "f1": 0.0, "synth-time": 3.861262321472168, "eval-time": 33.14021682739258, "al-time": 0.1515960693359375, "ensemble-time": 0.8898005485534668, "run": 2, "threshold": 0}
Checking for a candidate split...
Splitting on node 245803...
Computing image for weighted majority at step 2...
Computing performance statistics for weighted vote at step 2...
{"benchmark": "hardware-text", "ensemble": "weighted-vote", "al-step": 2, "examples": 3, "precision": 0.0, "recall": 0.0, "f1": 0.0, "synth-time": 3.861262321472168, "eval-time": 33.14021682739258, "al-time": 0.10703396797180176, "ensemble-time": 0.8898005485534668, "run": 2, "threshold": 0}
Checking for a candidate split...
Splitting on node 245803...
Computing image for weighted majority at step 3...
Computing performance statistics for weighted vote at step 3...
{"benchmark": "hardware-text", "ensemble": "weighted-vote", "al-step": 3, "examples": 3, "precision": 0.0, "recall": 0.0, "f1": 0.0, "synth-time": 3.861262321472168, "eval-time": 33.14021682739258, "al-time": 0.1004781723022461, "ensemble-time": 0.8898005485534668, "run": 2, "threshold": 0}
Checking for a candidate split...
Splitting on node 245803...
Computing image for weighted majority at step 4...
Computing performance statistics for weighted vote at step 4...
{"benchmark": "hardware-text", "ensemble": "weighted-vote", "al-step": 4, "examples": 3, "precision": 0.0, "recall": 0.0, "f1": 0.0, "synth-time": 3.861262321472168, "eval-time": 33.14021682739258, "al-time": 0.10711407661437988, "ensemble-time": 0.8898005485534668, "run": 2, "threshold": 0}
Checking for a candidate split...
Splitting on node 245803...
Computing image for weighted majority at step 5...
Computing performance statistics for weighted vote at step 5...
{"benchmark": "hardware-text", "ensemble": "weighted-vote", "al-step": 5, "examples": 3, "precision": 0.0, "recall": 0.0, "f1": 0.0, "synth-time": 3.861262321472168, "eval-time": 33.14021682739258, "al-time": 0.18253159523010254, "ensemble-time": 0.8898005485534668, "run": 2, "threshold": 0}
Checking for a candidate split...
Splitting on node 245803...
Computing image for weighted majority at step 6...
Computing performance statistics for weighted vote at step 6...
{"benchmark": "hardware-text", "ensemble": "weighted-vote", "al-step": 6, "examples": 3, "precision": 0.0, "recall": 0.0, "f1": 0.0, "synth-time": 3.861262321472168, "eval-time": 33.14021682739258, "al-time": 0.15855169296264648, "ensemble-time": 0.8898005485534668, "run": 2, "threshold": 0}
Checking for a candidate split...
Splitting on node 245803...
Computing image for weighted majority at step 7...
Computing performance statistics for weighted vote at step 7...
{"benchmark": "hardware-text", "ensemble": "weighted-vote", "al-step": 7, "examples": 3, "precision": 0.0, "recall": 0.0, "f1": 0.0, "synth-time": 3.861262321472168, "eval-time": 33.14021682739258, "al-time": 0.15237855911254883, "ensemble-time": 0.8898005485534668, "run": 2, "threshold": 0}
Checking for a candidate split...
Splitting on node 245803...
Computing image for weighted majority at step 8...
Computing performance statistics for weighted vote at step 8...
{"benchmark": "hardware-text", "ensemble": "weighted-vote", "al-step": 8, "examples": 3, "precision": 0.0, "recall": 0.0, "f1": 0.0, "synth-time": 3.861262321472168, "eval-time": 33.14021682739258, "al-time": 0.11434173583984375, "ensemble-time": 0.8898005485534668, "run": 2, "threshold": 0}
Checking for a candidate split...
Splitting on node 245803...
Computing image for weighted majority at step 9...
Computing performance statistics for weighted vote at step 9...
{"benchmark": "hardware-text", "ensemble": "weighted-vote", "al-step": 9, "examples": 3, "precision": 0.0, "recall": 0.0, "f1": 0.0, "synth-time": 3.861262321472168, "eval-time": 33.14021682739258, "al-time": 0.13147616386413574, "ensemble-time": 0.8898005485534668, "run": 2, "threshold": 0}
Checking for a candidate split...
Splitting on node 245803...
Computing image for weighted majority at step 10...
Computing performance statistics for weighted vote at step 10...
{"benchmark": "hardware-text", "ensemble": "weighted-vote", "al-step": 10, "examples": 3, "precision": 0.0, "recall": 0.0, "f1": 0.0, "synth-time": 3.861262321472168, "eval-time": 33.14021682739258, "al-time": 0.11687111854553223, "ensemble-time": 0.8898005485534668, "run": 2, "threshold": 0}
Checking for a candidate split...
Splitting on node 245803...
EVALUATION DONE
GROUND TRUTH
Ground truth is provided in hardware-text.
Data split file detected, splitting into train/test...
Train/test split of 4/4...
GROUND TRUTH DONE

PROBLEM FILE
Sampling 3 instances for ground truth...
Writing to file...
PROBLEM FILE DONE

SYNTHESIS
Spinning up Hera for synthesis...
Synthesized 830 motifs...
SYNTHESIS DONE

EVALUATION
Spinning up Hera for evaluation...
EVALUATION DONE

ANALYSIS
Constructing ensembles...
Extracting target vertices...
Starting evaluation...
Computing disjunction image...
Computing disjunction stats...
{"benchmark": "hardware-text", "ensemble": "disjunction", "al-step": 0, "examples": 3, "precision": 0.0011638056444573757, "recall": 1.0, "f1": 0.0023249055507120024, "synth-time": 2572.1389470100403, "eval-time": 1932.2637288570404, "al-time": 0.14346957206726074, "ensemble-time": 4.61235237121582, "run": 3, "threshold": 0}
Computing majority vote image for threshold 0.0...
Computing performance statistics for majority vote at threshold 0.0...
{"benchmark": "hardware-text", "ensemble": "majority-vote", "al-step": 0, "examples": 3, "precision": 0.0011638056444573757, "recall": 1.0, "f1": 0.0023249055507120024, "synth-time": 2572.1389470100403, "eval-time": 1932.2637288570404, "al-time": 0.18921279907226562, "ensemble-time": 4.61235237121582, "run": 3, "threshold": 0.0}
Computing majority vote image for threshold 0.003333333333333333...
Computing performance statistics for majority vote at threshold 0.003333333333333333...
{"benchmark": "hardware-text", "ensemble": "majority-vote", "al-step": 0, "examples": 3, "precision": 0.0012084592145015106, "recall": 1.0, "f1": 0.0024140012070006035, "synth-time": 2572.1389470100403, "eval-time": 1932.2637288570404, "al-time": 0.15542912483215332, "ensemble-time": 4.61235237121582, "run": 3, "threshold": 0.003333333333333333}
Computing majority vote image for threshold 0.006666666666666666...
Computing performance statistics for majority vote at threshold 0.006666666666666666...
{"benchmark": "hardware-text", "ensemble": "majority-vote", "al-step": 0, "examples": 3, "precision": 0.0004219409282700422, "recall": 0.25, "f1": 0.0008424599831508004, "synth-time": 2572.1389470100403, "eval-time": 1932.2637288570404, "al-time": 0.16550350189208984, "ensemble-time": 4.61235237121582, "run": 3, "threshold": 0.006666666666666666}
Computing majority vote image for threshold 0.01...
Computing performance statistics for majority vote at threshold 0.01...
{"benchmark": "hardware-text", "ensemble": "majority-vote", "al-step": 0, "examples": 3, "precision": 0.0008764241893076249, "recall": 0.25, "f1": 0.0017467248908296944, "synth-time": 2572.1389470100403, "eval-time": 1932.2637288570404, "al-time": 0.11852478981018066, "ensemble-time": 4.61235237121582, "run": 3, "threshold": 0.01}
Computing majority vote image for threshold 0.013333333333333332...
Computing performance statistics for majority vote at threshold 0.013333333333333332...
{"benchmark": "hardware-text", "ensemble": "majority-vote", "al-step": 0, "examples": 3, "precision": 0.0025575447570332483, "recall": 0.25, "f1": 0.005063291139240507, "synth-time": 2572.1389470100403, "eval-time": 1932.2637288570404, "al-time": 0.18573641777038574, "ensemble-time": 4.61235237121582, "run": 3, "threshold": 0.013333333333333332}
Computing majority vote image for threshold 0.016666666666666666...
Computing performance statistics for majority vote at threshold 0.016666666666666666...
{"benchmark": "hardware-text", "ensemble": "majority-vote", "al-step": 0, "examples": 3, "precision": 0.0035087719298245615, "recall": 0.25, "f1": 0.006920415224913495, "synth-time": 2572.1389470100403, "eval-time": 1932.2637288570404, "al-time": 0.15015816688537598, "ensemble-time": 4.61235237121582, "run": 3, "threshold": 0.016666666666666666}
Computing majority vote image for threshold 0.02...
Computing performance statistics for majority vote at threshold 0.02...
{"benchmark": "hardware-text", "ensemble": "majority-vote", "al-step": 0, "examples": 3, "precision": 0.006134969325153374, "recall": 0.25, "f1": 0.011976047904191616, "synth-time": 2572.1389470100403, "eval-time": 1932.2637288570404, "al-time": 0.132401704788208, "ensemble-time": 4.61235237121582, "run": 3, "threshold": 0.02}
Computing majority vote image for threshold 0.023333333333333334...
Computing performance statistics for majority vote at threshold 0.023333333333333334...
{"benchmark": "hardware-text", "ensemble": "majority-vote", "al-step": 0, "examples": 3, "precision": 0.0, "recall": 0.0, "f1": 0.0, "synth-time": 2572.1389470100403, "eval-time": 1932.2637288570404, "al-time": 0.14134645462036133, "ensemble-time": 4.61235237121582, "run": 3, "threshold": 0.023333333333333334}
Computing majority vote image for threshold 0.026666666666666665...
Computing performance statistics for majority vote at threshold 0.026666666666666665...
{"benchmark": "hardware-text", "ensemble": "majority-vote", "al-step": 0, "examples": 3, "precision": 0.0, "recall": 0.0, "f1": 0.0, "synth-time": 2572.1389470100403, "eval-time": 1932.2637288570404, "al-time": 0.14197516441345215, "ensemble-time": 4.61235237121582, "run": 3, "threshold": 0.026666666666666665}
Computing majority vote image for threshold 0.03...
Computing performance statistics for majority vote at threshold 0.03...
{"benchmark": "hardware-text", "ensemble": "majority-vote", "al-step": 0, "examples": 3, "precision": 0.0, "recall": 0.0, "f1": 0.0, "synth-time": 2572.1389470100403, "eval-time": 1932.2637288570404, "al-time": 0.1032876968383789, "ensemble-time": 4.61235237121582, "run": 3, "threshold": 0.03}
Computing image for weighted majority at step 0...
Computing performance statistics for weighted vote at step 0...
{"benchmark": "hardware-text", "ensemble": "weighted-vote", "al-step": 0, "examples": 3, "precision": 0.0, "recall": 0.0, "f1": 0.0, "synth-time": 2572.1389470100403, "eval-time": 1932.2637288570404, "al-time": 0.38567042350769043, "ensemble-time": 4.61235237121582, "run": 3, "threshold": 0}
Checking for a candidate split...
Splitting on node 209057...
Computing image for weighted majority at step 1...
Computing performance statistics for weighted vote at step 1...
{"benchmark": "hardware-text", "ensemble": "weighted-vote", "al-step": 1, "examples": 3, "precision": 0.0, "recall": 0.0, "f1": 0.0, "synth-time": 2572.1389470100403, "eval-time": 1932.2637288570404, "al-time": 0.3406801223754883, "ensemble-time": 4.61235237121582, "run": 3, "threshold": 0}
Checking for a candidate split...
Splitting on node 206471...
Computing image for weighted majority at step 2...
Computing performance statistics for weighted vote at step 2...
{"benchmark": "hardware-text", "ensemble": "weighted-vote", "al-step": 2, "examples": 3, "precision": 0.0, "recall": 0.0, "f1": 0.0, "synth-time": 2572.1389470100403, "eval-time": 1932.2637288570404, "al-time": 0.32562899589538574, "ensemble-time": 4.61235237121582, "run": 3, "threshold": 0}
Checking for a candidate split...
Splitting on node 246668...
Computing image for weighted majority at step 3...
Computing performance statistics for weighted vote at step 3...
{"benchmark": "hardware-text", "ensemble": "weighted-vote", "al-step": 3, "examples": 3, "precision": 0.0, "recall": 0.0, "f1": 0.0, "synth-time": 2572.1389470100403, "eval-time": 1932.2637288570404, "al-time": 0.20845818519592285, "ensemble-time": 4.61235237121582, "run": 3, "threshold": 0}
Checking for a candidate split...
Splitting on node 246668...
Computing image for weighted majority at step 4...
Computing performance statistics for weighted vote at step 4...
{"benchmark": "hardware-text", "ensemble": "weighted-vote", "al-step": 4, "examples": 3, "precision": 0.0, "recall": 0.0, "f1": 0.0, "synth-time": 2572.1389470100403, "eval-time": 1932.2637288570404, "al-time": 0.19737958908081055, "ensemble-time": 4.61235237121582, "run": 3, "threshold": 0}
Checking for a candidate split...
Splitting on node 246668...
Computing image for weighted majority at step 5...
Computing performance statistics for weighted vote at step 5...
{"benchmark": "hardware-text", "ensemble": "weighted-vote", "al-step": 5, "examples": 3, "precision": 0.0, "recall": 0.0, "f1": 0.0, "synth-time": 2572.1389470100403, "eval-time": 1932.2637288570404, "al-time": 0.22925925254821777, "ensemble-time": 4.61235237121582, "run": 3, "threshold": 0}
Checking for a candidate split...
Splitting on node 246668...
Computing image for weighted majority at step 6...
Computing performance statistics for weighted vote at step 6...
{"benchmark": "hardware-text", "ensemble": "weighted-vote", "al-step": 6, "examples": 3, "precision": 0.0, "recall": 0.0, "f1": 0.0, "synth-time": 2572.1389470100403, "eval-time": 1932.2637288570404, "al-time": 0.30068206787109375, "ensemble-time": 4.61235237121582, "run": 3, "threshold": 0}
Checking for a candidate split...
Splitting on node 246668...
Computing image for weighted majority at step 7...
Computing performance statistics for weighted vote at step 7...
{"benchmark": "hardware-text", "ensemble": "weighted-vote", "al-step": 7, "examples": 3, "precision": 0.0, "recall": 0.0, "f1": 0.0, "synth-time": 2572.1389470100403, "eval-time": 1932.2637288570404, "al-time": 0.2293713092803955, "ensemble-time": 4.61235237121582, "run": 3, "threshold": 0}
Checking for a candidate split...
Splitting on node 246668...
Computing image for weighted majority at step 8...
Computing performance statistics for weighted vote at step 8...
{"benchmark": "hardware-text", "ensemble": "weighted-vote", "al-step": 8, "examples": 3, "precision": 0.0, "recall": 0.0, "f1": 0.0, "synth-time": 2572.1389470100403, "eval-time": 1932.2637288570404, "al-time": 0.20392727851867676, "ensemble-time": 4.61235237121582, "run": 3, "threshold": 0}
Checking for a candidate split...
Splitting on node 246668...
Computing image for weighted majority at step 9...
Computing performance statistics for weighted vote at step 9...
{"benchmark": "hardware-text", "ensemble": "weighted-vote", "al-step": 9, "examples": 3, "precision": 0.0, "recall": 0.0, "f1": 0.0, "synth-time": 2572.1389470100403, "eval-time": 1932.2637288570404, "al-time": 0.254741907119751, "ensemble-time": 4.61235237121582, "run": 3, "threshold": 0}
Checking for a candidate split...
Splitting on node 246668...
Computing image for weighted majority at step 10...
Computing performance statistics for weighted vote at step 10...
{"benchmark": "hardware-text", "ensemble": "weighted-vote", "al-step": 10, "examples": 3, "precision": 0.0, "recall": 0.0, "f1": 0.0, "synth-time": 2572.1389470100403, "eval-time": 1932.2637288570404, "al-time": 0.18204784393310547, "ensemble-time": 4.61235237121582, "run": 3, "threshold": 0}
Checking for a candidate split...
Splitting on node 246668...
EVALUATION DONE
GROUND TRUTH
Ground truth is provided in hardware-text.
Data split file detected, splitting into train/test...
Train/test split of 4/4...
GROUND TRUTH DONE

PROBLEM FILE
Sampling 3 instances for ground truth...
Writing to file...
PROBLEM FILE DONE

SYNTHESIS
Spinning up Hera for synthesis...
Synthesized 830 motifs...
SYNTHESIS DONE

EVALUATION
Spinning up Hera for evaluation...
EVALUATION DONE

ANALYSIS
Constructing ensembles...
Extracting target vertices...
Starting evaluation...
Computing disjunction image...
Computing disjunction stats...
{"benchmark": "hardware-text", "ensemble": "disjunction", "al-step": 0, "examples": 3, "precision": 0.0011638056444573757, "recall": 1.0, "f1": 0.0023249055507120024, "synth-time": 2608.5590217113495, "eval-time": 1903.0886187553406, "al-time": 0.08521342277526855, "ensemble-time": 5.016223669052124, "run": 1, "threshold": 0}
Computing majority vote image for threshold 0.0...
Computing performance statistics for majority vote at threshold 0.0...
{"benchmark": "hardware-text", "ensemble": "majority-vote", "al-step": 0, "examples": 3, "precision": 0.0011638056444573757, "recall": 1.0, "f1": 0.0023249055507120024, "synth-time": 2608.5590217113495, "eval-time": 1903.0886187553406, "al-time": 0.07097530364990234, "ensemble-time": 5.016223669052124, "run": 1, "threshold": 0.0}
Computing majority vote image for threshold 0.003333333333333333...
Computing performance statistics for majority vote at threshold 0.003333333333333333...
{"benchmark": "hardware-text", "ensemble": "majority-vote", "al-step": 0, "examples": 3, "precision": 0.0012084592145015106, "recall": 1.0, "f1": 0.0024140012070006035, "synth-time": 2608.5590217113495, "eval-time": 1903.0886187553406, "al-time": 0.10180068016052246, "ensemble-time": 5.016223669052124, "run": 1, "threshold": 0.003333333333333333}
Computing majority vote image for threshold 0.006666666666666666...
Computing performance statistics for majority vote at threshold 0.006666666666666666...
{"benchmark": "hardware-text", "ensemble": "majority-vote", "al-step": 0, "examples": 3, "precision": 0.0004219409282700422, "recall": 0.25, "f1": 0.0008424599831508004, "synth-time": 2608.5590217113495, "eval-time": 1903.0886187553406, "al-time": 0.10734701156616211, "ensemble-time": 5.016223669052124, "run": 1, "threshold": 0.006666666666666666}
Computing majority vote image for threshold 0.01...
Computing performance statistics for majority vote at threshold 0.01...
{"benchmark": "hardware-text", "ensemble": "majority-vote", "al-step": 0, "examples": 3, "precision": 0.0008764241893076249, "recall": 0.25, "f1": 0.0017467248908296944, "synth-time": 2608.5590217113495, "eval-time": 1903.0886187553406, "al-time": 0.14086103439331055, "ensemble-time": 5.016223669052124, "run": 1, "threshold": 0.01}
Computing majority vote image for threshold 0.013333333333333332...
Computing performance statistics for majority vote at threshold 0.013333333333333332...
{"benchmark": "hardware-text", "ensemble": "majority-vote", "al-step": 0, "examples": 3, "precision": 0.0025575447570332483, "recall": 0.25, "f1": 0.005063291139240507, "synth-time": 2608.5590217113495, "eval-time": 1903.0886187553406, "al-time": 0.14670801162719727, "ensemble-time": 5.016223669052124, "run": 1, "threshold": 0.013333333333333332}
Computing majority vote image for threshold 0.016666666666666666...
Computing performance statistics for majority vote at threshold 0.016666666666666666...
{"benchmark": "hardware-text", "ensemble": "majority-vote", "al-step": 0, "examples": 3, "precision": 0.0035087719298245615, "recall": 0.25, "f1": 0.006920415224913495, "synth-time": 2608.5590217113495, "eval-time": 1903.0886187553406, "al-time": 0.16202378273010254, "ensemble-time": 5.016223669052124, "run": 1, "threshold": 0.016666666666666666}
Computing majority vote image for threshold 0.02...
Computing performance statistics for majority vote at threshold 0.02...
{"benchmark": "hardware-text", "ensemble": "majority-vote", "al-step": 0, "examples": 3, "precision": 0.006134969325153374, "recall": 0.25, "f1": 0.011976047904191616, "synth-time": 2608.5590217113495, "eval-time": 1903.0886187553406, "al-time": 0.1408369541168213, "ensemble-time": 5.016223669052124, "run": 1, "threshold": 0.02}
Computing majority vote image for threshold 0.023333333333333334...
Computing performance statistics for majority vote at threshold 0.023333333333333334...
{"benchmark": "hardware-text", "ensemble": "majority-vote", "al-step": 0, "examples": 3, "precision": 0.0, "recall": 0.0, "f1": 0.0, "synth-time": 2608.5590217113495, "eval-time": 1903.0886187553406, "al-time": 0.16059207916259766, "ensemble-time": 5.016223669052124, "run": 1, "threshold": 0.023333333333333334}
Computing majority vote image for threshold 0.026666666666666665...
Computing performance statistics for majority vote at threshold 0.026666666666666665...
{"benchmark": "hardware-text", "ensemble": "majority-vote", "al-step": 0, "examples": 3, "precision": 0.0, "recall": 0.0, "f1": 0.0, "synth-time": 2608.5590217113495, "eval-time": 1903.0886187553406, "al-time": 0.1730799674987793, "ensemble-time": 5.016223669052124, "run": 1, "threshold": 0.026666666666666665}
Computing majority vote image for threshold 0.03...
Computing performance statistics for majority vote at threshold 0.03...
{"benchmark": "hardware-text", "ensemble": "majority-vote", "al-step": 0, "examples": 3, "precision": 0.0, "recall": 0.0, "f1": 0.0, "synth-time": 2608.5590217113495, "eval-time": 1903.0886187553406, "al-time": 0.13283157348632812, "ensemble-time": 5.016223669052124, "run": 1, "threshold": 0.03}
Computing image for weighted majority at step 0...
Computing performance statistics for weighted vote at step 0...
{"benchmark": "hardware-text", "ensemble": "weighted-vote", "al-step": 0, "examples": 3, "precision": 0.0, "recall": 0.0, "f1": 0.0, "synth-time": 2608.5590217113495, "eval-time": 1903.0886187553406, "al-time": 0.33896327018737793, "ensemble-time": 5.016223669052124, "run": 1, "threshold": 0}
Checking for a candidate split...
Splitting on node 209057...
Computing image for weighted majority at step 1...
Computing performance statistics for weighted vote at step 1...
{"benchmark": "hardware-text", "ensemble": "weighted-vote", "al-step": 1, "examples": 3, "precision": 0.0, "recall": 0.0, "f1": 0.0, "synth-time": 2608.5590217113495, "eval-time": 1903.0886187553406, "al-time": 0.4826509952545166, "ensemble-time": 5.016223669052124, "run": 1, "threshold": 0}
Checking for a candidate split...
Splitting on node 206471...
Computing image for weighted majority at step 2...
Computing performance statistics for weighted vote at step 2...
{"benchmark": "hardware-text", "ensemble": "weighted-vote", "al-step": 2, "examples": 3, "precision": 0.0, "recall": 0.0, "f1": 0.0, "synth-time": 2608.5590217113495, "eval-time": 1903.0886187553406, "al-time": 0.4133460521697998, "ensemble-time": 5.016223669052124, "run": 1, "threshold": 0}
Checking for a candidate split...
Splitting on node 246668...
Computing image for weighted majority at step 3...
Computing performance statistics for weighted vote at step 3...
{"benchmark": "hardware-text", "ensemble": "weighted-vote", "al-step": 3, "examples": 3, "precision": 0.0, "recall": 0.0, "f1": 0.0, "synth-time": 2608.5590217113495, "eval-time": 1903.0886187553406, "al-time": 0.5057034492492676, "ensemble-time": 5.016223669052124, "run": 1, "threshold": 0}
Checking for a candidate split...
Splitting on node 246668...
Computing image for weighted majority at step 4...
Computing performance statistics for weighted vote at step 4...
{"benchmark": "hardware-text", "ensemble": "weighted-vote", "al-step": 4, "examples": 3, "precision": 0.0, "recall": 0.0, "f1": 0.0, "synth-time": 2608.5590217113495, "eval-time": 1903.0886187553406, "al-time": 0.4553499221801758, "ensemble-time": 5.016223669052124, "run": 1, "threshold": 0}
Checking for a candidate split...
Splitting on node 246668...
Computing image for weighted majority at step 5...
Computing performance statistics for weighted vote at step 5...
{"benchmark": "hardware-text", "ensemble": "weighted-vote", "al-step": 5, "examples": 3, "precision": 0.0, "recall": 0.0, "f1": 0.0, "synth-time": 2608.5590217113495, "eval-time": 1903.0886187553406, "al-time": 0.4571256637573242, "ensemble-time": 5.016223669052124, "run": 1, "threshold": 0}
Checking for a candidate split...
Splitting on node 246668...
Computing image for weighted majority at step 6...
Computing performance statistics for weighted vote at step 6...
{"benchmark": "hardware-text", "ensemble": "weighted-vote", "al-step": 6, "examples": 3, "precision": 0.0, "recall": 0.0, "f1": 0.0, "synth-time": 2608.5590217113495, "eval-time": 1903.0886187553406, "al-time": 0.4689183235168457, "ensemble-time": 5.016223669052124, "run": 1, "threshold": 0}
Checking for a candidate split...
Splitting on node 246668...
Computing image for weighted majority at step 7...
Computing performance statistics for weighted vote at step 7...
{"benchmark": "hardware-text", "ensemble": "weighted-vote", "al-step": 7, "examples": 3, "precision": 0.0, "recall": 0.0, "f1": 0.0, "synth-time": 2608.5590217113495, "eval-time": 1903.0886187553406, "al-time": 0.4480917453765869, "ensemble-time": 5.016223669052124, "run": 1, "threshold": 0}
Checking for a candidate split...
Splitting on node 246668...
Computing image for weighted majority at step 8...
Computing performance statistics for weighted vote at step 8...
{"benchmark": "hardware-text", "ensemble": "weighted-vote", "al-step": 8, "examples": 3, "precision": 0.0, "recall": 0.0, "f1": 0.0, "synth-time": 2608.5590217113495, "eval-time": 1903.0886187553406, "al-time": 0.49223804473876953, "ensemble-time": 5.016223669052124, "run": 1, "threshold": 0}
Checking for a candidate split...
Splitting on node 246668...
Computing image for weighted majority at step 9...
Computing performance statistics for weighted vote at step 9...
{"benchmark": "hardware-text", "ensemble": "weighted-vote", "al-step": 9, "examples": 3, "precision": 0.0, "recall": 0.0, "f1": 0.0, "synth-time": 2608.5590217113495, "eval-time": 1903.0886187553406, "al-time": 0.5032007694244385, "ensemble-time": 5.016223669052124, "run": 1, "threshold": 0}
Checking for a candidate split...
Splitting on node 246668...
Computing image for weighted majority at step 10...
Computing performance statistics for weighted vote at step 10...
{"benchmark": "hardware-text", "ensemble": "weighted-vote", "al-step": 10, "examples": 3, "precision": 0.0, "recall": 0.0, "f1": 0.0, "synth-time": 2608.5590217113495, "eval-time": 1903.0886187553406, "al-time": 0.40493083000183105, "ensemble-time": 5.016223669052124, "run": 1, "threshold": 0}
Checking for a candidate split...
Splitting on node 246668...
EVALUATION DONE
