GROUND TRUTH
Ground truth is provided in wiki-cell.
Data split file detected, splitting into train/test...
Train/test split of 15/63...
GROUND TRUTH DONE

PROBLEM FILE
Sampling 1 instances for ground truth...
Writing to file...
PROBLEM FILE DONE

SYNTHESIS
Spinning up Hera for synthesis...
Synthesized 842 motifs...
SYNTHESIS DONE

EVALUATION
Spinning up Hera for evaluation...
EVALUATION DONE

ANALYSIS
Constructing ensembles...
Extracting target vertices...
Starting evaluation...
Computing disjunction image...
Computing disjunction stats...
{"benchmark": "wiki-cell", "ensemble": "disjunction", "al-step": 0, "examples": 1, "precision": 0.014820042342978124, "recall": 1.0, "f1": 0.029207232267037555, "synth-time": 46.93159317970276, "eval-time": 523.8238446712494, "al-time": 0.09928250312805176, "ensemble-time": 3.700482130050659, "run": 2, "threshold": 0}
Computing majority vote image for threshold 0.0...
Computing performance statistics for majority vote at threshold 0.0...
{"benchmark": "wiki-cell", "ensemble": "majority-vote", "al-step": 0, "examples": 1, "precision": 0.014820042342978124, "recall": 1.0, "f1": 0.029207232267037555, "synth-time": 46.93159317970276, "eval-time": 523.8238446712494, "al-time": 0.14823150634765625, "ensemble-time": 3.700482130050659, "run": 2, "threshold": 0.0}
Computing majority vote image for threshold 0.003333333333333333...
Computing performance statistics for majority vote at threshold 0.003333333333333333...
{"benchmark": "wiki-cell", "ensemble": "majority-vote", "al-step": 0, "examples": 1, "precision": 0.014921837991473235, "recall": 1.0, "f1": 0.0294049008168028, "synth-time": 46.93159317970276, "eval-time": 523.8238446712494, "al-time": 0.13683843612670898, "ensemble-time": 3.700482130050659, "run": 2, "threshold": 0.003333333333333333}
Computing majority vote image for threshold 0.006666666666666666...
Computing performance statistics for majority vote at threshold 0.006666666666666666...
{"benchmark": "wiki-cell", "ensemble": "majority-vote", "al-step": 0, "examples": 1, "precision": 0.015570934256055362, "recall": 1.0, "f1": 0.030664395229982964, "synth-time": 46.93159317970276, "eval-time": 523.8238446712494, "al-time": 0.15730524063110352, "ensemble-time": 3.700482130050659, "run": 2, "threshold": 0.006666666666666666}
Computing majority vote image for threshold 0.01...
Computing performance statistics for majority vote at threshold 0.01...
{"benchmark": "wiki-cell", "ensemble": "majority-vote", "al-step": 0, "examples": 1, "precision": 0.23333333333333334, "recall": 1.0, "f1": 0.37837837837837834, "synth-time": 46.93159317970276, "eval-time": 523.8238446712494, "al-time": 0.13567066192626953, "ensemble-time": 3.700482130050659, "run": 2, "threshold": 0.01}
Computing majority vote image for threshold 0.013333333333333332...
Computing performance statistics for majority vote at threshold 0.013333333333333332...
{"benchmark": "wiki-cell", "ensemble": "majority-vote", "al-step": 0, "examples": 1, "precision": 0.23333333333333334, "recall": 1.0, "f1": 0.37837837837837834, "synth-time": 46.93159317970276, "eval-time": 523.8238446712494, "al-time": 0.18113160133361816, "ensemble-time": 3.700482130050659, "run": 2, "threshold": 0.013333333333333332}
Computing majority vote image for threshold 0.016666666666666666...
Computing performance statistics for majority vote at threshold 0.016666666666666666...
{"benchmark": "wiki-cell", "ensemble": "majority-vote", "al-step": 0, "examples": 1, "precision": 0.45652173913043476, "recall": 1.0, "f1": 0.626865671641791, "synth-time": 46.93159317970276, "eval-time": 523.8238446712494, "al-time": 0.1533031463623047, "ensemble-time": 3.700482130050659, "run": 2, "threshold": 0.016666666666666666}
Computing majority vote image for threshold 0.02...
Computing performance statistics for majority vote at threshold 0.02...
{"benchmark": "wiki-cell", "ensemble": "majority-vote", "al-step": 0, "examples": 1, "precision": 0.45652173913043476, "recall": 1.0, "f1": 0.626865671641791, "synth-time": 46.93159317970276, "eval-time": 523.8238446712494, "al-time": 0.09904742240905762, "ensemble-time": 3.700482130050659, "run": 2, "threshold": 0.02}
Computing majority vote image for threshold 0.023333333333333334...
Computing performance statistics for majority vote at threshold 0.023333333333333334...
{"benchmark": "wiki-cell", "ensemble": "majority-vote", "al-step": 0, "examples": 1, "precision": 0.5833333333333334, "recall": 1.0, "f1": 0.7368421052631579, "synth-time": 46.93159317970276, "eval-time": 523.8238446712494, "al-time": 0.16013693809509277, "ensemble-time": 3.700482130050659, "run": 2, "threshold": 0.023333333333333334}
Computing majority vote image for threshold 0.026666666666666665...
Computing performance statistics for majority vote at threshold 0.026666666666666665...
{"benchmark": "wiki-cell", "ensemble": "majority-vote", "al-step": 0, "examples": 1, "precision": 0.5833333333333334, "recall": 1.0, "f1": 0.7368421052631579, "synth-time": 46.93159317970276, "eval-time": 523.8238446712494, "al-time": 0.15605950355529785, "ensemble-time": 3.700482130050659, "run": 2, "threshold": 0.026666666666666665}
Computing majority vote image for threshold 0.03...
Computing performance statistics for majority vote at threshold 0.03...
{"benchmark": "wiki-cell", "ensemble": "majority-vote", "al-step": 0, "examples": 1, "precision": 0.5833333333333334, "recall": 1.0, "f1": 0.7368421052631579, "synth-time": 46.93159317970276, "eval-time": 523.8238446712494, "al-time": 0.16613435745239258, "ensemble-time": 3.700482130050659, "run": 2, "threshold": 0.03}
Computing image for weighted majority at step 0...
Computing performance statistics for weighted vote at step 0...
{"benchmark": "wiki-cell", "ensemble": "weighted-vote", "al-step": 0, "examples": 1, "precision": 0.0, "recall": 0.0, "f1": 0.0, "synth-time": 46.93159317970276, "eval-time": 523.8238446712494, "al-time": 0.3717045783996582, "ensemble-time": 3.700482130050659, "run": 2, "threshold": 0}
Checking for a candidate split...
Splitting on node 103440...
Computing image for weighted majority at step 1...
Computing performance statistics for weighted vote at step 1...
{"benchmark": "wiki-cell", "ensemble": "weighted-vote", "al-step": 1, "examples": 1, "precision": 1.0, "recall": 0.047619047619047616, "f1": 0.0909090909090909, "synth-time": 46.93159317970276, "eval-time": 523.8238446712494, "al-time": 0.4616975784301758, "ensemble-time": 3.700482130050659, "run": 2, "threshold": 0}
Checking for a candidate split...
Splitting on node 131674...
Computing image for weighted majority at step 2...
Computing performance statistics for weighted vote at step 2...
{"benchmark": "wiki-cell", "ensemble": "weighted-vote", "al-step": 2, "examples": 1, "precision": 1.0, "recall": 0.7301587301587301, "f1": 0.8440366972477064, "synth-time": 46.93159317970276, "eval-time": 523.8238446712494, "al-time": 0.409116268157959, "ensemble-time": 3.700482130050659, "run": 2, "threshold": 0}
Checking for a candidate split...
Splitting on node 114719...
Computing image for weighted majority at step 3...
Computing performance statistics for weighted vote at step 3...
{"benchmark": "wiki-cell", "ensemble": "weighted-vote", "al-step": 3, "examples": 1, "precision": 1.0, "recall": 1.0, "f1": 1.0, "synth-time": 46.93159317970276, "eval-time": 523.8238446712494, "al-time": 0.47760987281799316, "ensemble-time": 3.700482130050659, "run": 2, "threshold": 0}
Checking for a candidate split...
Splitting on node 135490...
Computing image for weighted majority at step 4...
Computing performance statistics for weighted vote at step 4...
{"benchmark": "wiki-cell", "ensemble": "weighted-vote", "al-step": 4, "examples": 1, "precision": 1.0, "recall": 1.0, "f1": 1.0, "synth-time": 46.93159317970276, "eval-time": 523.8238446712494, "al-time": 0.4006028175354004, "ensemble-time": 3.700482130050659, "run": 2, "threshold": 0}
Checking for a candidate split...
Splitting on node 114719...
Computing image for weighted majority at step 5...
Computing performance statistics for weighted vote at step 5...
{"benchmark": "wiki-cell", "ensemble": "weighted-vote", "al-step": 5, "examples": 1, "precision": 1.0, "recall": 1.0, "f1": 1.0, "synth-time": 46.93159317970276, "eval-time": 523.8238446712494, "al-time": 0.47783875465393066, "ensemble-time": 3.700482130050659, "run": 2, "threshold": 0}
Checking for a candidate split...
Splitting on node 135490...
Computing image for weighted majority at step 6...
Computing performance statistics for weighted vote at step 6...
{"benchmark": "wiki-cell", "ensemble": "weighted-vote", "al-step": 6, "examples": 1, "precision": 1.0, "recall": 1.0, "f1": 1.0, "synth-time": 46.93159317970276, "eval-time": 523.8238446712494, "al-time": 0.4986155033111572, "ensemble-time": 3.700482130050659, "run": 2, "threshold": 0}
Checking for a candidate split...
Splitting on node 114719...
Computing image for weighted majority at step 7...
Computing performance statistics for weighted vote at step 7...
{"benchmark": "wiki-cell", "ensemble": "weighted-vote", "al-step": 7, "examples": 1, "precision": 1.0, "recall": 1.0, "f1": 1.0, "synth-time": 46.93159317970276, "eval-time": 523.8238446712494, "al-time": 0.6352834701538086, "ensemble-time": 3.700482130050659, "run": 2, "threshold": 0}
Checking for a candidate split...
Splitting on node 114719...
Computing image for weighted majority at step 8...
Computing performance statistics for weighted vote at step 8...
{"benchmark": "wiki-cell", "ensemble": "weighted-vote", "al-step": 8, "examples": 1, "precision": 1.0, "recall": 1.0, "f1": 1.0, "synth-time": 46.93159317970276, "eval-time": 523.8238446712494, "al-time": 0.47040724754333496, "ensemble-time": 3.700482130050659, "run": 2, "threshold": 0}
Checking for a candidate split...
Splitting on node 114719...
Computing image for weighted majority at step 9...
Computing performance statistics for weighted vote at step 9...
{"benchmark": "wiki-cell", "ensemble": "weighted-vote", "al-step": 9, "examples": 1, "precision": 1.0, "recall": 1.0, "f1": 1.0, "synth-time": 46.93159317970276, "eval-time": 523.8238446712494, "al-time": 0.4978761672973633, "ensemble-time": 3.700482130050659, "run": 2, "threshold": 0}
Checking for a candidate split...
Splitting on node 114719...
Computing image for weighted majority at step 10...
Computing performance statistics for weighted vote at step 10...
{"benchmark": "wiki-cell", "ensemble": "weighted-vote", "al-step": 10, "examples": 1, "precision": 1.0, "recall": 1.0, "f1": 1.0, "synth-time": 46.93159317970276, "eval-time": 523.8238446712494, "al-time": 0.5735950469970703, "ensemble-time": 3.700482130050659, "run": 2, "threshold": 0}
Checking for a candidate split...
Splitting on node 135490...
EVALUATION DONE
GROUND TRUTH
Ground truth is provided in wiki-cell.
Data split file detected, splitting into train/test...
Train/test split of 15/63...
GROUND TRUTH DONE

PROBLEM FILE
Sampling 1 instances for ground truth...
Writing to file...
PROBLEM FILE DONE

SYNTHESIS
Spinning up Hera for synthesis...
Synthesized 2876 motifs...
SYNTHESIS DONE

EVALUATION
Spinning up Hera for evaluation...
EVALUATION DONE

ANALYSIS
Constructing ensembles...
Extracting target vertices...
Starting evaluation...
Computing disjunction image...
Computing disjunction stats...
{"benchmark": "wiki-cell", "ensemble": "disjunction", "al-step": 0, "examples": 1, "precision": 0.014651162790697675, "recall": 1.0, "f1": 0.028879211551684617, "synth-time": 173.0984377861023, "eval-time": 1818.7204008102417, "al-time": 0.3133871555328369, "ensemble-time": 12.820527791976929, "run": 3, "threshold": 0}
Computing majority vote image for threshold 0.0...
Computing performance statistics for majority vote at threshold 0.0...
{"benchmark": "wiki-cell", "ensemble": "majority-vote", "al-step": 0, "examples": 1, "precision": 0.014651162790697675, "recall": 1.0, "f1": 0.028879211551684617, "synth-time": 173.0984377861023, "eval-time": 1818.7204008102417, "al-time": 0.3728969097137451, "ensemble-time": 12.820527791976929, "run": 3, "threshold": 0.0}
Computing majority vote image for threshold 0.003333333333333333...
Computing performance statistics for majority vote at threshold 0.003333333333333333...
{"benchmark": "wiki-cell", "ensemble": "majority-vote", "al-step": 0, "examples": 1, "precision": 0.022613065326633167, "recall": 1.0, "f1": 0.044226044226044224, "synth-time": 173.0984377861023, "eval-time": 1818.7204008102417, "al-time": 0.3757352828979492, "ensemble-time": 12.820527791976929, "run": 3, "threshold": 0.003333333333333333}
Computing majority vote image for threshold 0.006666666666666666...
Computing performance statistics for majority vote at threshold 0.006666666666666666...
{"benchmark": "wiki-cell", "ensemble": "majority-vote", "al-step": 0, "examples": 1, "precision": 0.024110218140068886, "recall": 1.0, "f1": 0.04708520179372197, "synth-time": 173.0984377861023, "eval-time": 1818.7204008102417, "al-time": 0.3196706771850586, "ensemble-time": 12.820527791976929, "run": 3, "threshold": 0.006666666666666666}
Computing majority vote image for threshold 0.01...
Computing performance statistics for majority vote at threshold 0.01...
{"benchmark": "wiki-cell", "ensemble": "majority-vote", "al-step": 0, "examples": 1, "precision": 0.25609756097560976, "recall": 1.0, "f1": 0.4077669902912621, "synth-time": 173.0984377861023, "eval-time": 1818.7204008102417, "al-time": 0.32437801361083984, "ensemble-time": 12.820527791976929, "run": 3, "threshold": 0.01}
Computing majority vote image for threshold 0.013333333333333332...
Computing performance statistics for majority vote at threshold 0.013333333333333332...
{"benchmark": "wiki-cell", "ensemble": "majority-vote", "al-step": 0, "examples": 1, "precision": 0.4846153846153846, "recall": 1.0, "f1": 0.6528497409326425, "synth-time": 173.0984377861023, "eval-time": 1818.7204008102417, "al-time": 0.3509995937347412, "ensemble-time": 12.820527791976929, "run": 3, "threshold": 0.013333333333333332}
Computing majority vote image for threshold 0.016666666666666666...
Computing performance statistics for majority vote at threshold 0.016666666666666666...
{"benchmark": "wiki-cell", "ensemble": "majority-vote", "al-step": 0, "examples": 1, "precision": 0.4883720930232558, "recall": 1.0, "f1": 0.65625, "synth-time": 173.0984377861023, "eval-time": 1818.7204008102417, "al-time": 0.22963166236877441, "ensemble-time": 12.820527791976929, "run": 3, "threshold": 0.016666666666666666}
Computing majority vote image for threshold 0.02...
Computing performance statistics for majority vote at threshold 0.02...
{"benchmark": "wiki-cell", "ensemble": "majority-vote", "al-step": 0, "examples": 1, "precision": 0.4883720930232558, "recall": 1.0, "f1": 0.65625, "synth-time": 173.0984377861023, "eval-time": 1818.7204008102417, "al-time": 0.1869800090789795, "ensemble-time": 12.820527791976929, "run": 3, "threshold": 0.02}
Computing majority vote image for threshold 0.023333333333333334...
Computing performance statistics for majority vote at threshold 0.023333333333333334...
{"benchmark": "wiki-cell", "ensemble": "majority-vote", "al-step": 0, "examples": 1, "precision": 0.39285714285714285, "recall": 0.5238095238095238, "f1": 0.4489795918367347, "synth-time": 173.0984377861023, "eval-time": 1818.7204008102417, "al-time": 0.24036312103271484, "ensemble-time": 12.820527791976929, "run": 3, "threshold": 0.023333333333333334}
Computing majority vote image for threshold 0.026666666666666665...
Computing performance statistics for majority vote at threshold 0.026666666666666665...
{"benchmark": "wiki-cell", "ensemble": "majority-vote", "al-step": 0, "examples": 1, "precision": 0.4230769230769231, "recall": 0.5238095238095238, "f1": 0.4680851063829788, "synth-time": 173.0984377861023, "eval-time": 1818.7204008102417, "al-time": 0.23244833946228027, "ensemble-time": 12.820527791976929, "run": 3, "threshold": 0.026666666666666665}
Computing majority vote image for threshold 0.03...
Computing performance statistics for majority vote at threshold 0.03...
{"benchmark": "wiki-cell", "ensemble": "majority-vote", "al-step": 0, "examples": 1, "precision": 0.4230769230769231, "recall": 0.5238095238095238, "f1": 0.4680851063829788, "synth-time": 173.0984377861023, "eval-time": 1818.7204008102417, "al-time": 0.21955084800720215, "ensemble-time": 12.820527791976929, "run": 3, "threshold": 0.03}
Computing image for weighted majority at step 0...
Computing performance statistics for weighted vote at step 0...
{"benchmark": "wiki-cell", "ensemble": "weighted-vote", "al-step": 0, "examples": 1, "precision": 0.0, "recall": 0.0, "f1": 0.0, "synth-time": 173.0984377861023, "eval-time": 1818.7204008102417, "al-time": 0.4500315189361572, "ensemble-time": 12.820527791976929, "run": 3, "threshold": 0}
Checking for a candidate split...
Splitting on node 135490...
Computing image for weighted majority at step 1...
Computing performance statistics for weighted vote at step 1...
{"benchmark": "wiki-cell", "ensemble": "weighted-vote", "al-step": 1, "examples": 1, "precision": 0.2857142857142857, "recall": 0.031746031746031744, "f1": 0.057142857142857134, "synth-time": 173.0984377861023, "eval-time": 1818.7204008102417, "al-time": 0.456831693649292, "ensemble-time": 12.820527791976929, "run": 3, "threshold": 0}
Checking for a candidate split...
Splitting on node 131699...
Computing image for weighted majority at step 2...
Computing performance statistics for weighted vote at step 2...
{"benchmark": "wiki-cell", "ensemble": "weighted-vote", "al-step": 2, "examples": 1, "precision": 1.0, "recall": 0.031746031746031744, "f1": 0.06153846153846154, "synth-time": 173.0984377861023, "eval-time": 1818.7204008102417, "al-time": 0.5064091682434082, "ensemble-time": 12.820527791976929, "run": 3, "threshold": 0}
Checking for a candidate split...
Splitting on node 114719...
Computing image for weighted majority at step 3...
Computing performance statistics for weighted vote at step 3...
{"benchmark": "wiki-cell", "ensemble": "weighted-vote", "al-step": 3, "examples": 1, "precision": 1.0, "recall": 0.19047619047619047, "f1": 0.32, "synth-time": 173.0984377861023, "eval-time": 1818.7204008102417, "al-time": 0.47813963890075684, "ensemble-time": 12.820527791976929, "run": 3, "threshold": 0}
Checking for a candidate split...
Splitting on node 100982...
Computing image for weighted majority at step 4...
Computing performance statistics for weighted vote at step 4...
{"benchmark": "wiki-cell", "ensemble": "weighted-vote", "al-step": 4, "examples": 1, "precision": 1.0, "recall": 1.0, "f1": 1.0, "synth-time": 173.0984377861023, "eval-time": 1818.7204008102417, "al-time": 0.8450334072113037, "ensemble-time": 12.820527791976929, "run": 3, "threshold": 0}
Checking for a candidate split...
Splitting on node 98812...
Computing image for weighted majority at step 5...
Computing performance statistics for weighted vote at step 5...
{"benchmark": "wiki-cell", "ensemble": "weighted-vote", "al-step": 5, "examples": 1, "precision": 1.0, "recall": 1.0, "f1": 1.0, "synth-time": 173.0984377861023, "eval-time": 1818.7204008102417, "al-time": 0.8442919254302979, "ensemble-time": 12.820527791976929, "run": 3, "threshold": 0}
Checking for a candidate split...
Splitting on node 119832...
Computing image for weighted majority at step 6...
Computing performance statistics for weighted vote at step 6...
{"benchmark": "wiki-cell", "ensemble": "weighted-vote", "al-step": 6, "examples": 1, "precision": 1.0, "recall": 1.0, "f1": 1.0, "synth-time": 173.0984377861023, "eval-time": 1818.7204008102417, "al-time": 0.856001615524292, "ensemble-time": 12.820527791976929, "run": 3, "threshold": 0}
Checking for a candidate split...
Splitting on node 88810...
Computing image for weighted majority at step 7...
Computing performance statistics for weighted vote at step 7...
{"benchmark": "wiki-cell", "ensemble": "weighted-vote", "al-step": 7, "examples": 1, "precision": 1.0, "recall": 1.0, "f1": 1.0, "synth-time": 173.0984377861023, "eval-time": 1818.7204008102417, "al-time": 0.8625071048736572, "ensemble-time": 12.820527791976929, "run": 3, "threshold": 0}
Checking for a candidate split...
Splitting on node 98812...
Computing image for weighted majority at step 8...
Computing performance statistics for weighted vote at step 8...
{"benchmark": "wiki-cell", "ensemble": "weighted-vote", "al-step": 8, "examples": 1, "precision": 1.0, "recall": 1.0, "f1": 1.0, "synth-time": 173.0984377861023, "eval-time": 1818.7204008102417, "al-time": 0.8508296012878418, "ensemble-time": 12.820527791976929, "run": 3, "threshold": 0}
Checking for a candidate split...
Splitting on node 119832...
Computing image for weighted majority at step 9...
Computing performance statistics for weighted vote at step 9...
{"benchmark": "wiki-cell", "ensemble": "weighted-vote", "al-step": 9, "examples": 1, "precision": 1.0, "recall": 1.0, "f1": 1.0, "synth-time": 173.0984377861023, "eval-time": 1818.7204008102417, "al-time": 0.8676719665527344, "ensemble-time": 12.820527791976929, "run": 3, "threshold": 0}
Checking for a candidate split...
Splitting on node 114711...
Computing image for weighted majority at step 10...
Computing performance statistics for weighted vote at step 10...
{"benchmark": "wiki-cell", "ensemble": "weighted-vote", "al-step": 10, "examples": 1, "precision": 1.0, "recall": 1.0, "f1": 1.0, "synth-time": 173.0984377861023, "eval-time": 1818.7204008102417, "al-time": 0.8554582595825195, "ensemble-time": 12.820527791976929, "run": 3, "threshold": 0}
Checking for a candidate split...
Splitting on node 98812...
EVALUATION DONE
GROUND TRUTH
Ground truth is provided in wiki-cell.
Data split file detected, splitting into train/test...
Train/test split of 15/63...
GROUND TRUTH DONE

PROBLEM FILE
Sampling 1 instances for ground truth...
Writing to file...
PROBLEM FILE DONE

SYNTHESIS
Spinning up Hera for synthesis...
Synthesized 3335 motifs...
SYNTHESIS DONE

EVALUATION
Spinning up Hera for evaluation...
EVALUATION DONE

ANALYSIS
Constructing ensembles...
Extracting target vertices...
Starting evaluation...
Computing disjunction image...
Computing disjunction stats...
{"benchmark": "wiki-cell", "ensemble": "disjunction", "al-step": 0, "examples": 1, "precision": 0.014586709886547812, "recall": 1.0, "f1": 0.028753993610223644, "synth-time": 196.96345949172974, "eval-time": 2279.7745089530945, "al-time": 0.4302637577056885, "ensemble-time": 20.25116515159607, "run": 1, "threshold": 0}
Computing majority vote image for threshold 0.0...
Computing performance statistics for majority vote at threshold 0.0...
{"benchmark": "wiki-cell", "ensemble": "majority-vote", "al-step": 0, "examples": 1, "precision": 0.014586709886547812, "recall": 1.0, "f1": 0.028753993610223644, "synth-time": 196.96345949172974, "eval-time": 2279.7745089530945, "al-time": 0.46085667610168457, "ensemble-time": 20.25116515159607, "run": 1, "threshold": 0.0}
Computing majority vote image for threshold 0.003333333333333333...
Computing performance statistics for majority vote at threshold 0.003333333333333333...
{"benchmark": "wiki-cell", "ensemble": "majority-vote", "al-step": 0, "examples": 1, "precision": 0.023001095290251915, "recall": 1.0, "f1": 0.0449678800856531, "synth-time": 196.96345949172974, "eval-time": 2279.7745089530945, "al-time": 0.496046781539917, "ensemble-time": 20.25116515159607, "run": 1, "threshold": 0.003333333333333333}
Computing majority vote image for threshold 0.006666666666666666...
Computing performance statistics for majority vote at threshold 0.006666666666666666...
{"benchmark": "wiki-cell", "ensemble": "majority-vote", "al-step": 0, "examples": 1, "precision": 0.2490118577075099, "recall": 1.0, "f1": 0.3987341772151899, "synth-time": 196.96345949172974, "eval-time": 2279.7745089530945, "al-time": 0.5172479152679443, "ensemble-time": 20.25116515159607, "run": 1, "threshold": 0.006666666666666666}
Computing majority vote image for threshold 0.01...
Computing performance statistics for majority vote at threshold 0.01...
{"benchmark": "wiki-cell", "ensemble": "majority-vote", "al-step": 0, "examples": 1, "precision": 0.5625, "recall": 1.0, "f1": 0.72, "synth-time": 196.96345949172974, "eval-time": 2279.7745089530945, "al-time": 0.5619890689849854, "ensemble-time": 20.25116515159607, "run": 1, "threshold": 0.01}
Computing majority vote image for threshold 0.013333333333333332...
Computing performance statistics for majority vote at threshold 0.013333333333333332...
{"benchmark": "wiki-cell", "ensemble": "majority-vote", "al-step": 0, "examples": 1, "precision": 0.7325581395348837, "recall": 1.0, "f1": 0.8456375838926175, "synth-time": 196.96345949172974, "eval-time": 2279.7745089530945, "al-time": 0.5368249416351318, "ensemble-time": 20.25116515159607, "run": 1, "threshold": 0.013333333333333332}
Computing majority vote image for threshold 0.016666666666666666...
Computing performance statistics for majority vote at threshold 0.016666666666666666...
{"benchmark": "wiki-cell", "ensemble": "majority-vote", "al-step": 0, "examples": 1, "precision": 0.9264705882352942, "recall": 1.0, "f1": 0.9618320610687023, "synth-time": 196.96345949172974, "eval-time": 2279.7745089530945, "al-time": 0.5221853256225586, "ensemble-time": 20.25116515159607, "run": 1, "threshold": 0.016666666666666666}
Computing majority vote image for threshold 0.02...
Computing performance statistics for majority vote at threshold 0.02...
{"benchmark": "wiki-cell", "ensemble": "majority-vote", "al-step": 0, "examples": 1, "precision": 0.9830508474576272, "recall": 0.9206349206349206, "f1": 0.9508196721311476, "synth-time": 196.96345949172974, "eval-time": 2279.7745089530945, "al-time": 0.8182098865509033, "ensemble-time": 20.25116515159607, "run": 1, "threshold": 0.02}
Computing majority vote image for threshold 0.023333333333333334...
Computing performance statistics for majority vote at threshold 0.023333333333333334...
{"benchmark": "wiki-cell", "ensemble": "majority-vote", "al-step": 0, "examples": 1, "precision": 0.9830508474576272, "recall": 0.9206349206349206, "f1": 0.9508196721311476, "synth-time": 196.96345949172974, "eval-time": 2279.7745089530945, "al-time": 0.5564184188842773, "ensemble-time": 20.25116515159607, "run": 1, "threshold": 0.023333333333333334}
Computing majority vote image for threshold 0.026666666666666665...
Computing performance statistics for majority vote at threshold 0.026666666666666665...
{"benchmark": "wiki-cell", "ensemble": "majority-vote", "al-step": 0, "examples": 1, "precision": 0.9830508474576272, "recall": 0.9206349206349206, "f1": 0.9508196721311476, "synth-time": 196.96345949172974, "eval-time": 2279.7745089530945, "al-time": 0.5621635913848877, "ensemble-time": 20.25116515159607, "run": 1, "threshold": 0.026666666666666665}
Computing majority vote image for threshold 0.03...
Computing performance statistics for majority vote at threshold 0.03...
{"benchmark": "wiki-cell", "ensemble": "majority-vote", "al-step": 0, "examples": 1, "precision": 1.0, "recall": 0.9206349206349206, "f1": 0.9586776859504132, "synth-time": 196.96345949172974, "eval-time": 2279.7745089530945, "al-time": 0.5670485496520996, "ensemble-time": 20.25116515159607, "run": 1, "threshold": 0.03}
Computing image for weighted majority at step 0...
Computing performance statistics for weighted vote at step 0...
{"benchmark": "wiki-cell", "ensemble": "weighted-vote", "al-step": 0, "examples": 1, "precision": 0.0, "recall": 0.0, "f1": 0.0, "synth-time": 196.96345949172974, "eval-time": 2279.7745089530945, "al-time": 1.170494794845581, "ensemble-time": 20.25116515159607, "run": 1, "threshold": 0}
Checking for a candidate split...
Splitting on node 77512...
Computing image for weighted majority at step 1...
Computing performance statistics for weighted vote at step 1...
{"benchmark": "wiki-cell", "ensemble": "weighted-vote", "al-step": 1, "examples": 1, "precision": 1.0, "recall": 0.015873015873015872, "f1": 0.03125, "synth-time": 196.96345949172974, "eval-time": 2279.7745089530945, "al-time": 1.410815954208374, "ensemble-time": 20.25116515159607, "run": 1, "threshold": 0}
Checking for a candidate split...
Splitting on node 131674...
Computing image for weighted majority at step 2...
Computing performance statistics for weighted vote at step 2...
{"benchmark": "wiki-cell", "ensemble": "weighted-vote", "al-step": 2, "examples": 1, "precision": 1.0, "recall": 1.0, "f1": 1.0, "synth-time": 196.96345949172974, "eval-time": 2279.7745089530945, "al-time": 1.454280138015747, "ensemble-time": 20.25116515159607, "run": 1, "threshold": 0}
Checking for a candidate split...
Splitting on node 98812...
Computing image for weighted majority at step 3...
Computing performance statistics for weighted vote at step 3...
{"benchmark": "wiki-cell", "ensemble": "weighted-vote", "al-step": 3, "examples": 1, "precision": 1.0, "recall": 1.0, "f1": 1.0, "synth-time": 196.96345949172974, "eval-time": 2279.7745089530945, "al-time": 0.7481410503387451, "ensemble-time": 20.25116515159607, "run": 1, "threshold": 0}
Checking for a candidate split...
Splitting on node 77538...
Computing image for weighted majority at step 4...
Computing performance statistics for weighted vote at step 4...
{"benchmark": "wiki-cell", "ensemble": "weighted-vote", "al-step": 4, "examples": 1, "precision": 1.0, "recall": 1.0, "f1": 1.0, "synth-time": 196.96345949172974, "eval-time": 2279.7745089530945, "al-time": 0.729515790939331, "ensemble-time": 20.25116515159607, "run": 1, "threshold": 0}
Checking for a candidate split...
Splitting on node 114711...
Computing image for weighted majority at step 5...
Computing performance statistics for weighted vote at step 5...
{"benchmark": "wiki-cell", "ensemble": "weighted-vote", "al-step": 5, "examples": 1, "precision": 1.0, "recall": 1.0, "f1": 1.0, "synth-time": 196.96345949172974, "eval-time": 2279.7745089530945, "al-time": 0.8464899063110352, "ensemble-time": 20.25116515159607, "run": 1, "threshold": 0}
Checking for a candidate split...
Splitting on node 98812...
Computing image for weighted majority at step 6...
Computing performance statistics for weighted vote at step 6...
{"benchmark": "wiki-cell", "ensemble": "weighted-vote", "al-step": 6, "examples": 1, "precision": 1.0, "recall": 1.0, "f1": 1.0, "synth-time": 196.96345949172974, "eval-time": 2279.7745089530945, "al-time": 0.7817232608795166, "ensemble-time": 20.25116515159607, "run": 1, "threshold": 0}
Checking for a candidate split...
Splitting on node 77538...
Computing image for weighted majority at step 7...
Computing performance statistics for weighted vote at step 7...
{"benchmark": "wiki-cell", "ensemble": "weighted-vote", "al-step": 7, "examples": 1, "precision": 1.0, "recall": 1.0, "f1": 1.0, "synth-time": 196.96345949172974, "eval-time": 2279.7745089530945, "al-time": 0.6136748790740967, "ensemble-time": 20.25116515159607, "run": 1, "threshold": 0}
Checking for a candidate split...
Splitting on node 114711...
Computing image for weighted majority at step 8...
Computing performance statistics for weighted vote at step 8...
{"benchmark": "wiki-cell", "ensemble": "weighted-vote", "al-step": 8, "examples": 1, "precision": 1.0, "recall": 1.0, "f1": 1.0, "synth-time": 196.96345949172974, "eval-time": 2279.7745089530945, "al-time": 0.7050199508666992, "ensemble-time": 20.25116515159607, "run": 1, "threshold": 0}
Checking for a candidate split...
Splitting on node 98812...
Computing image for weighted majority at step 9...
Computing performance statistics for weighted vote at step 9...
{"benchmark": "wiki-cell", "ensemble": "weighted-vote", "al-step": 9, "examples": 1, "precision": 1.0, "recall": 1.0, "f1": 1.0, "synth-time": 196.96345949172974, "eval-time": 2279.7745089530945, "al-time": 0.6293671131134033, "ensemble-time": 20.25116515159607, "run": 1, "threshold": 0}
Checking for a candidate split...
Splitting on node 77538...
Computing image for weighted majority at step 10...
Computing performance statistics for weighted vote at step 10...
{"benchmark": "wiki-cell", "ensemble": "weighted-vote", "al-step": 10, "examples": 1, "precision": 1.0, "recall": 1.0, "f1": 1.0, "synth-time": 196.96345949172974, "eval-time": 2279.7745089530945, "al-time": 0.8474445343017578, "ensemble-time": 20.25116515159607, "run": 1, "threshold": 0}
Checking for a candidate split...
Splitting on node 114711...
EVALUATION DONE
GROUND TRUTH
Ground truth is provided in wiki-cell.
Data split file detected, splitting into train/test...
Train/test split of 15/63...
GROUND TRUTH DONE

PROBLEM FILE
Sampling 2 instances for ground truth...
Writing to file...
PROBLEM FILE DONE

SYNTHESIS
Spinning up Hera for synthesis...
Synthesized 4177 motifs...
SYNTHESIS DONE

EVALUATION
Spinning up Hera for evaluation...
EVALUATION DONE

ANALYSIS
Constructing ensembles...
Extracting target vertices...
Starting evaluation...
Computing disjunction image...
Computing disjunction stats...
{"benchmark": "wiki-cell", "ensemble": "disjunction", "al-step": 0, "examples": 2, "precision": 0.014644351464435146, "recall": 1.0, "f1": 0.028865979381443297, "synth-time": 426.84539818763733, "eval-time": 2938.35679936409, "al-time": 0.5519857406616211, "ensemble-time": 19.739476203918457, "run": 1, "threshold": 0}
Computing majority vote image for threshold 0.0...
Computing performance statistics for majority vote at threshold 0.0...
{"benchmark": "wiki-cell", "ensemble": "majority-vote", "al-step": 0, "examples": 2, "precision": 0.014644351464435146, "recall": 1.0, "f1": 0.028865979381443297, "synth-time": 426.84539818763733, "eval-time": 2938.35679936409, "al-time": 0.44175291061401367, "ensemble-time": 19.739476203918457, "run": 1, "threshold": 0.0}
Computing majority vote image for threshold 0.003333333333333333...
Computing performance statistics for majority vote at threshold 0.003333333333333333...
{"benchmark": "wiki-cell", "ensemble": "majority-vote", "al-step": 0, "examples": 2, "precision": 0.02295918367346939, "recall": 1.0, "f1": 0.04488778054862843, "synth-time": 426.84539818763733, "eval-time": 2938.35679936409, "al-time": 0.30549025535583496, "ensemble-time": 19.739476203918457, "run": 1, "threshold": 0.003333333333333333}
Computing majority vote image for threshold 0.006666666666666666...
Computing performance statistics for majority vote at threshold 0.006666666666666666...
{"benchmark": "wiki-cell", "ensemble": "majority-vote", "al-step": 0, "examples": 2, "precision": 0.23507462686567165, "recall": 1.0, "f1": 0.3806646525679759, "synth-time": 426.84539818763733, "eval-time": 2938.35679936409, "al-time": 0.601832389831543, "ensemble-time": 19.739476203918457, "run": 1, "threshold": 0.006666666666666666}
Computing majority vote image for threshold 0.01...
Computing performance statistics for majority vote at threshold 0.01...
{"benchmark": "wiki-cell", "ensemble": "majority-vote", "al-step": 0, "examples": 2, "precision": 0.4375, "recall": 1.0, "f1": 0.6086956521739131, "synth-time": 426.84539818763733, "eval-time": 2938.35679936409, "al-time": 0.5540132522583008, "ensemble-time": 19.739476203918457, "run": 1, "threshold": 0.01}
Computing majority vote image for threshold 0.013333333333333332...
Computing performance statistics for majority vote at threshold 0.013333333333333332...
{"benchmark": "wiki-cell", "ensemble": "majority-vote", "al-step": 0, "examples": 2, "precision": 0.4405594405594406, "recall": 1.0, "f1": 0.6116504854368932, "synth-time": 426.84539818763733, "eval-time": 2938.35679936409, "al-time": 0.2822127342224121, "ensemble-time": 19.739476203918457, "run": 1, "threshold": 0.013333333333333332}
Computing majority vote image for threshold 0.016666666666666666...
Computing performance statistics for majority vote at threshold 0.016666666666666666...
{"benchmark": "wiki-cell", "ensemble": "majority-vote", "al-step": 0, "examples": 2, "precision": 0.7590361445783133, "recall": 1.0, "f1": 0.8630136986301369, "synth-time": 426.84539818763733, "eval-time": 2938.35679936409, "al-time": 0.27919983863830566, "ensemble-time": 19.739476203918457, "run": 1, "threshold": 0.016666666666666666}
Computing majority vote image for threshold 0.02...
Computing performance statistics for majority vote at threshold 0.02...
{"benchmark": "wiki-cell", "ensemble": "majority-vote", "al-step": 0, "examples": 2, "precision": 0.984375, "recall": 1.0, "f1": 0.9921259842519685, "synth-time": 426.84539818763733, "eval-time": 2938.35679936409, "al-time": 0.31586480140686035, "ensemble-time": 19.739476203918457, "run": 1, "threshold": 0.02}
Computing majority vote image for threshold 0.023333333333333334...
Computing performance statistics for majority vote at threshold 0.023333333333333334...
{"benchmark": "wiki-cell", "ensemble": "majority-vote", "al-step": 0, "examples": 2, "precision": 1.0, "recall": 1.0, "f1": 1.0, "synth-time": 426.84539818763733, "eval-time": 2938.35679936409, "al-time": 0.3146657943725586, "ensemble-time": 19.739476203918457, "run": 1, "threshold": 0.023333333333333334}
Computing majority vote image for threshold 0.026666666666666665...
Computing performance statistics for majority vote at threshold 0.026666666666666665...
{"benchmark": "wiki-cell", "ensemble": "majority-vote", "al-step": 0, "examples": 2, "precision": 1.0, "recall": 1.0, "f1": 1.0, "synth-time": 426.84539818763733, "eval-time": 2938.35679936409, "al-time": 0.31896090507507324, "ensemble-time": 19.739476203918457, "run": 1, "threshold": 0.026666666666666665}
Computing majority vote image for threshold 0.03...
Computing performance statistics for majority vote at threshold 0.03...
{"benchmark": "wiki-cell", "ensemble": "majority-vote", "al-step": 0, "examples": 2, "precision": 1.0, "recall": 1.0, "f1": 1.0, "synth-time": 426.84539818763733, "eval-time": 2938.35679936409, "al-time": 0.31130504608154297, "ensemble-time": 19.739476203918457, "run": 1, "threshold": 0.03}
Computing image for weighted majority at step 0...
Computing performance statistics for weighted vote at step 0...
{"benchmark": "wiki-cell", "ensemble": "weighted-vote", "al-step": 0, "examples": 2, "precision": 0.0, "recall": 0.0, "f1": 0.0, "synth-time": 426.84539818763733, "eval-time": 2938.35679936409, "al-time": 0.925281286239624, "ensemble-time": 19.739476203918457, "run": 1, "threshold": 0}
Checking for a candidate split...
Splitting on node 131674...
Computing image for weighted majority at step 1...
Computing performance statistics for weighted vote at step 1...
{"benchmark": "wiki-cell", "ensemble": "weighted-vote", "al-step": 1, "examples": 2, "precision": 1.0, "recall": 0.38095238095238093, "f1": 0.5517241379310345, "synth-time": 426.84539818763733, "eval-time": 2938.35679936409, "al-time": 1.2281749248504639, "ensemble-time": 19.739476203918457, "run": 1, "threshold": 0}
Checking for a candidate split...
Splitting on node 99688...
Computing image for weighted majority at step 2...
Computing performance statistics for weighted vote at step 2...
{"benchmark": "wiki-cell", "ensemble": "weighted-vote", "al-step": 2, "examples": 2, "precision": 1.0, "recall": 0.9206349206349206, "f1": 0.9586776859504132, "synth-time": 426.84539818763733, "eval-time": 2938.35679936409, "al-time": 0.7642662525177002, "ensemble-time": 19.739476203918457, "run": 1, "threshold": 0}
Checking for a candidate split...
Splitting on node 129678...
Computing image for weighted majority at step 3...
Computing performance statistics for weighted vote at step 3...
{"benchmark": "wiki-cell", "ensemble": "weighted-vote", "al-step": 3, "examples": 2, "precision": 1.0, "recall": 1.0, "f1": 1.0, "synth-time": 426.84539818763733, "eval-time": 2938.35679936409, "al-time": 0.6820557117462158, "ensemble-time": 19.739476203918457, "run": 1, "threshold": 0}
Checking for a candidate split...
Splitting on node 131690...
Computing image for weighted majority at step 4...
Computing performance statistics for weighted vote at step 4...
{"benchmark": "wiki-cell", "ensemble": "weighted-vote", "al-step": 4, "examples": 2, "precision": 1.0, "recall": 1.0, "f1": 1.0, "synth-time": 426.84539818763733, "eval-time": 2938.35679936409, "al-time": 0.5921664237976074, "ensemble-time": 19.739476203918457, "run": 1, "threshold": 0}
Checking for a candidate split...
Splitting on node 114711...
Computing image for weighted majority at step 5...
Computing performance statistics for weighted vote at step 5...
{"benchmark": "wiki-cell", "ensemble": "weighted-vote", "al-step": 5, "examples": 2, "precision": 1.0, "recall": 1.0, "f1": 1.0, "synth-time": 426.84539818763733, "eval-time": 2938.35679936409, "al-time": 0.5950968265533447, "ensemble-time": 19.739476203918457, "run": 1, "threshold": 0}
Checking for a candidate split...
Splitting on node 98812...
Computing image for weighted majority at step 6...
Computing performance statistics for weighted vote at step 6...
{"benchmark": "wiki-cell", "ensemble": "weighted-vote", "al-step": 6, "examples": 2, "precision": 1.0, "recall": 1.0, "f1": 1.0, "synth-time": 426.84539818763733, "eval-time": 2938.35679936409, "al-time": 0.6439957618713379, "ensemble-time": 19.739476203918457, "run": 1, "threshold": 0}
Checking for a candidate split...
Splitting on node 131690...
Computing image for weighted majority at step 7...
Computing performance statistics for weighted vote at step 7...
{"benchmark": "wiki-cell", "ensemble": "weighted-vote", "al-step": 7, "examples": 2, "precision": 1.0, "recall": 1.0, "f1": 1.0, "synth-time": 426.84539818763733, "eval-time": 2938.35679936409, "al-time": 0.7223615646362305, "ensemble-time": 19.739476203918457, "run": 1, "threshold": 0}
Checking for a candidate split...
Splitting on node 114711...
Computing image for weighted majority at step 8...
Computing performance statistics for weighted vote at step 8...
{"benchmark": "wiki-cell", "ensemble": "weighted-vote", "al-step": 8, "examples": 2, "precision": 1.0, "recall": 1.0, "f1": 1.0, "synth-time": 426.84539818763733, "eval-time": 2938.35679936409, "al-time": 0.6746163368225098, "ensemble-time": 19.739476203918457, "run": 1, "threshold": 0}
Checking for a candidate split...
Splitting on node 98812...
Computing image for weighted majority at step 9...
Computing performance statistics for weighted vote at step 9...
{"benchmark": "wiki-cell", "ensemble": "weighted-vote", "al-step": 9, "examples": 2, "precision": 1.0, "recall": 1.0, "f1": 1.0, "synth-time": 426.84539818763733, "eval-time": 2938.35679936409, "al-time": 0.7231619358062744, "ensemble-time": 19.739476203918457, "run": 1, "threshold": 0}
Checking for a candidate split...
Splitting on node 135508...
Computing image for weighted majority at step 10...
Computing performance statistics for weighted vote at step 10...
{"benchmark": "wiki-cell", "ensemble": "weighted-vote", "al-step": 10, "examples": 2, "precision": 1.0, "recall": 1.0, "f1": 1.0, "synth-time": 426.84539818763733, "eval-time": 2938.35679936409, "al-time": 0.6408860683441162, "ensemble-time": 19.739476203918457, "run": 1, "threshold": 0}
Checking for a candidate split...
Splitting on node 88810...
EVALUATION DONE
GROUND TRUTH
Ground truth is provided in wiki-cell.
Data split file detected, splitting into train/test...
Train/test split of 15/63...
GROUND TRUTH DONE

PROBLEM FILE
Sampling 2 instances for ground truth...
Writing to file...
PROBLEM FILE DONE

SYNTHESIS
Spinning up Hera for synthesis...
Synthesized 7153 motifs...
SYNTHESIS DONE

EVALUATION
Spinning up Hera for evaluation...
EVALUATION DONE

ANALYSIS
Constructing ensembles...
Extracting target vertices...
Starting evaluation...
Computing disjunction image...
Computing disjunction stats...
{"benchmark": "wiki-cell", "ensemble": "disjunction", "al-step": 0, "examples": 2, "precision": 0.014651162790697675, "recall": 1.0, "f1": 0.028879211551684617, "synth-time": 204.51567888259888, "eval-time": 4531.132184267044, "al-time": 0.7310631275177002, "ensemble-time": 29.06511616706848, "run": 2, "threshold": 0}
Computing majority vote image for threshold 0.0...
Computing performance statistics for majority vote at threshold 0.0...
{"benchmark": "wiki-cell", "ensemble": "majority-vote", "al-step": 0, "examples": 2, "precision": 0.014651162790697675, "recall": 1.0, "f1": 0.028879211551684617, "synth-time": 204.51567888259888, "eval-time": 4531.132184267044, "al-time": 0.8223586082458496, "ensemble-time": 29.06511616706848, "run": 2, "threshold": 0.0}
Computing majority vote image for threshold 0.003333333333333333...
Computing performance statistics for majority vote at threshold 0.003333333333333333...
{"benchmark": "wiki-cell", "ensemble": "majority-vote", "al-step": 0, "examples": 2, "precision": 0.02303473491773309, "recall": 1.0, "f1": 0.04503216583273767, "synth-time": 204.51567888259888, "eval-time": 4531.132184267044, "al-time": 0.7616944313049316, "ensemble-time": 29.06511616706848, "run": 2, "threshold": 0.003333333333333333}
Computing majority vote image for threshold 0.006666666666666666...
Computing performance statistics for majority vote at threshold 0.006666666666666666...
{"benchmark": "wiki-cell", "ensemble": "majority-vote", "al-step": 0, "examples": 2, "precision": 0.2490118577075099, "recall": 1.0, "f1": 0.3987341772151899, "synth-time": 204.51567888259888, "eval-time": 4531.132184267044, "al-time": 0.7837080955505371, "ensemble-time": 29.06511616706848, "run": 2, "threshold": 0.006666666666666666}
Computing majority vote image for threshold 0.01...
Computing performance statistics for majority vote at threshold 0.01...
{"benchmark": "wiki-cell", "ensemble": "majority-vote", "al-step": 0, "examples": 2, "precision": 0.4846153846153846, "recall": 1.0, "f1": 0.6528497409326425, "synth-time": 204.51567888259888, "eval-time": 4531.132184267044, "al-time": 0.8309097290039062, "ensemble-time": 29.06511616706848, "run": 2, "threshold": 0.01}
Computing majority vote image for threshold 0.013333333333333332...
Computing performance statistics for majority vote at threshold 0.013333333333333332...
{"benchmark": "wiki-cell", "ensemble": "majority-vote", "al-step": 0, "examples": 2, "precision": 0.49606299212598426, "recall": 1.0, "f1": 0.6631578947368421, "synth-time": 204.51567888259888, "eval-time": 4531.132184267044, "al-time": 0.7253780364990234, "ensemble-time": 29.06511616706848, "run": 2, "threshold": 0.013333333333333332}
Computing majority vote image for threshold 0.016666666666666666...
Computing performance statistics for majority vote at threshold 0.016666666666666666...
{"benchmark": "wiki-cell", "ensemble": "majority-vote", "al-step": 0, "examples": 2, "precision": 0.504, "recall": 1.0, "f1": 0.6702127659574468, "synth-time": 204.51567888259888, "eval-time": 4531.132184267044, "al-time": 0.7459261417388916, "ensemble-time": 29.06511616706848, "run": 2, "threshold": 0.016666666666666666}
Computing majority vote image for threshold 0.02...
Computing performance statistics for majority vote at threshold 0.02...
{"benchmark": "wiki-cell", "ensemble": "majority-vote", "al-step": 0, "examples": 2, "precision": 0.4065934065934066, "recall": 0.5873015873015873, "f1": 0.48051948051948057, "synth-time": 204.51567888259888, "eval-time": 4531.132184267044, "al-time": 0.72945237159729, "ensemble-time": 29.06511616706848, "run": 2, "threshold": 0.02}
Computing majority vote image for threshold 0.023333333333333334...
Computing performance statistics for majority vote at threshold 0.023333333333333334...
{"benchmark": "wiki-cell", "ensemble": "majority-vote", "al-step": 0, "examples": 2, "precision": 0.4111111111111111, "recall": 0.5873015873015873, "f1": 0.48366013071895425, "synth-time": 204.51567888259888, "eval-time": 4531.132184267044, "al-time": 0.7316229343414307, "ensemble-time": 29.06511616706848, "run": 2, "threshold": 0.023333333333333334}
Computing majority vote image for threshold 0.026666666666666665...
Computing performance statistics for majority vote at threshold 0.026666666666666665...
{"benchmark": "wiki-cell", "ensemble": "majority-vote", "al-step": 0, "examples": 2, "precision": 0.4111111111111111, "recall": 0.5873015873015873, "f1": 0.48366013071895425, "synth-time": 204.51567888259888, "eval-time": 4531.132184267044, "al-time": 0.7689495086669922, "ensemble-time": 29.06511616706848, "run": 2, "threshold": 0.026666666666666665}
Computing majority vote image for threshold 0.03...
Computing performance statistics for majority vote at threshold 0.03...
{"benchmark": "wiki-cell", "ensemble": "majority-vote", "al-step": 0, "examples": 2, "precision": 0.45454545454545453, "recall": 0.31746031746031744, "f1": 0.37383177570093457, "synth-time": 204.51567888259888, "eval-time": 4531.132184267044, "al-time": 0.7726175785064697, "ensemble-time": 29.06511616706848, "run": 2, "threshold": 0.03}
Computing image for weighted majority at step 0...
Computing performance statistics for weighted vote at step 0...
{"benchmark": "wiki-cell", "ensemble": "weighted-vote", "al-step": 0, "examples": 2, "precision": 0.0, "recall": 0.0, "f1": 0.0, "synth-time": 204.51567888259888, "eval-time": 4531.132184267044, "al-time": 1.917015790939331, "ensemble-time": 29.06511616706848, "run": 2, "threshold": 0}
Checking for a candidate split...
Splitting on node 135490...
Computing image for weighted majority at step 1...
Computing performance statistics for weighted vote at step 1...
{"benchmark": "wiki-cell", "ensemble": "weighted-vote", "al-step": 1, "examples": 2, "precision": 0.2857142857142857, "recall": 0.031746031746031744, "f1": 0.057142857142857134, "synth-time": 204.51567888259888, "eval-time": 4531.132184267044, "al-time": 1.7002341747283936, "ensemble-time": 29.06511616706848, "run": 2, "threshold": 0}
Checking for a candidate split...
Splitting on node 131699...
Computing image for weighted majority at step 2...
Computing performance statistics for weighted vote at step 2...
{"benchmark": "wiki-cell", "ensemble": "weighted-vote", "al-step": 2, "examples": 2, "precision": 1.0, "recall": 0.1111111111111111, "f1": 0.19999999999999998, "synth-time": 204.51567888259888, "eval-time": 4531.132184267044, "al-time": 1.605785846710205, "ensemble-time": 29.06511616706848, "run": 2, "threshold": 0}
Checking for a candidate split...
Splitting on node 114719...
Computing image for weighted majority at step 3...
Computing performance statistics for weighted vote at step 3...
{"benchmark": "wiki-cell", "ensemble": "weighted-vote", "al-step": 3, "examples": 2, "precision": 1.0, "recall": 0.5238095238095238, "f1": 0.6875000000000001, "synth-time": 204.51567888259888, "eval-time": 4531.132184267044, "al-time": 1.8261115550994873, "ensemble-time": 29.06511616706848, "run": 2, "threshold": 0}
Checking for a candidate split...
Splitting on node 131674...
Computing image for weighted majority at step 4...
Computing performance statistics for weighted vote at step 4...
{"benchmark": "wiki-cell", "ensemble": "weighted-vote", "al-step": 4, "examples": 2, "precision": 1.0, "recall": 1.0, "f1": 1.0, "synth-time": 204.51567888259888, "eval-time": 4531.132184267044, "al-time": 0.787320613861084, "ensemble-time": 29.06511616706848, "run": 2, "threshold": 0}
Checking for a candidate split...
Splitting on node 123814...
Computing image for weighted majority at step 5...
Computing performance statistics for weighted vote at step 5...
{"benchmark": "wiki-cell", "ensemble": "weighted-vote", "al-step": 5, "examples": 2, "precision": 1.0, "recall": 1.0, "f1": 1.0, "synth-time": 204.51567888259888, "eval-time": 4531.132184267044, "al-time": 0.7939980030059814, "ensemble-time": 29.06511616706848, "run": 2, "threshold": 0}
Checking for a candidate split...
Splitting on node 119832...
Computing image for weighted majority at step 6...
Computing performance statistics for weighted vote at step 6...
{"benchmark": "wiki-cell", "ensemble": "weighted-vote", "al-step": 6, "examples": 2, "precision": 1.0, "recall": 1.0, "f1": 1.0, "synth-time": 204.51567888259888, "eval-time": 4531.132184267044, "al-time": 0.6913437843322754, "ensemble-time": 29.06511616706848, "run": 2, "threshold": 0}
Checking for a candidate split...
Splitting on node 114711...
Computing image for weighted majority at step 7...
Computing performance statistics for weighted vote at step 7...
{"benchmark": "wiki-cell", "ensemble": "weighted-vote", "al-step": 7, "examples": 2, "precision": 1.0, "recall": 1.0, "f1": 1.0, "synth-time": 204.51567888259888, "eval-time": 4531.132184267044, "al-time": 0.7338790893554688, "ensemble-time": 29.06511616706848, "run": 2, "threshold": 0}
Checking for a candidate split...
Splitting on node 98812...
Computing image for weighted majority at step 8...
Computing performance statistics for weighted vote at step 8...
{"benchmark": "wiki-cell", "ensemble": "weighted-vote", "al-step": 8, "examples": 2, "precision": 1.0, "recall": 1.0, "f1": 1.0, "synth-time": 204.51567888259888, "eval-time": 4531.132184267044, "al-time": 0.7715940475463867, "ensemble-time": 29.06511616706848, "run": 2, "threshold": 0}
Checking for a candidate split...
Splitting on node 119832...
Computing image for weighted majority at step 9...
Computing performance statistics for weighted vote at step 9...
{"benchmark": "wiki-cell", "ensemble": "weighted-vote", "al-step": 9, "examples": 2, "precision": 1.0, "recall": 1.0, "f1": 1.0, "synth-time": 204.51567888259888, "eval-time": 4531.132184267044, "al-time": 0.8030130863189697, "ensemble-time": 29.06511616706848, "run": 2, "threshold": 0}
Checking for a candidate split...
Splitting on node 114711...
Computing image for weighted majority at step 10...
Computing performance statistics for weighted vote at step 10...
{"benchmark": "wiki-cell", "ensemble": "weighted-vote", "al-step": 10, "examples": 2, "precision": 1.0, "recall": 1.0, "f1": 1.0, "synth-time": 204.51567888259888, "eval-time": 4531.132184267044, "al-time": 0.8064064979553223, "ensemble-time": 29.06511616706848, "run": 2, "threshold": 0}
Checking for a candidate split...
Splitting on node 98812...
EVALUATION DONE
GROUND TRUTH
Ground truth is provided in wiki-cell.
Data split file detected, splitting into train/test...
Train/test split of 15/63...
GROUND TRUTH DONE

PROBLEM FILE
Sampling 3 instances for ground truth...
Writing to file...
PROBLEM FILE DONE

SYNTHESIS
Spinning up Hera for synthesis...
Synthesized 9588 motifs...
SYNTHESIS DONE

EVALUATION
Spinning up Hera for evaluation...
EVALUATION DONE

ANALYSIS
Constructing ensembles...
Extracting target vertices...
Starting evaluation...
Computing disjunction image...
Computing disjunction stats...
{"benchmark": "wiki-cell", "ensemble": "disjunction", "al-step": 0, "examples": 3, "precision": 0.014586709886547812, "recall": 1.0, "f1": 0.028753993610223644, "synth-time": 673.5028195381165, "eval-time": 5409.498689413071, "al-time": 0.5507035255432129, "ensemble-time": 24.318078994750977, "run": 3, "threshold": 0}
Computing majority vote image for threshold 0.0...
Computing performance statistics for majority vote at threshold 0.0...
{"benchmark": "wiki-cell", "ensemble": "majority-vote", "al-step": 0, "examples": 3, "precision": 0.014586709886547812, "recall": 1.0, "f1": 0.028753993610223644, "synth-time": 673.5028195381165, "eval-time": 5409.498689413071, "al-time": 0.25964927673339844, "ensemble-time": 24.318078994750977, "run": 3, "threshold": 0.0}
Computing majority vote image for threshold 0.003333333333333333...
Computing performance statistics for majority vote at threshold 0.003333333333333333...
{"benchmark": "wiki-cell", "ensemble": "majority-vote", "al-step": 0, "examples": 3, "precision": 0.022975929978118162, "recall": 1.0, "f1": 0.04491978609625668, "synth-time": 673.5028195381165, "eval-time": 5409.498689413071, "al-time": 0.24559378623962402, "ensemble-time": 24.318078994750977, "run": 3, "threshold": 0.003333333333333333}
Computing majority vote image for threshold 0.006666666666666666...
Computing performance statistics for majority vote at threshold 0.006666666666666666...
{"benchmark": "wiki-cell", "ensemble": "majority-vote", "al-step": 0, "examples": 3, "precision": 0.14189189189189189, "recall": 1.0, "f1": 0.2485207100591716, "synth-time": 673.5028195381165, "eval-time": 5409.498689413071, "al-time": 0.24756908416748047, "ensemble-time": 24.318078994750977, "run": 3, "threshold": 0.006666666666666666}
Computing majority vote image for threshold 0.01...
Computing performance statistics for majority vote at threshold 0.01...
{"benchmark": "wiki-cell", "ensemble": "majority-vote", "al-step": 0, "examples": 3, "precision": 0.2441860465116279, "recall": 1.0, "f1": 0.3925233644859813, "synth-time": 673.5028195381165, "eval-time": 5409.498689413071, "al-time": 0.2459702491760254, "ensemble-time": 24.318078994750977, "run": 3, "threshold": 0.01}
Computing majority vote image for threshold 0.013333333333333332...
Computing performance statistics for majority vote at threshold 0.013333333333333332...
{"benchmark": "wiki-cell", "ensemble": "majority-vote", "al-step": 0, "examples": 3, "precision": 0.2647058823529412, "recall": 1.0, "f1": 0.4186046511627907, "synth-time": 673.5028195381165, "eval-time": 5409.498689413071, "al-time": 0.24572300910949707, "ensemble-time": 24.318078994750977, "run": 3, "threshold": 0.013333333333333332}
Computing majority vote image for threshold 0.016666666666666666...
Computing performance statistics for majority vote at threshold 0.016666666666666666...
{"benchmark": "wiki-cell", "ensemble": "majority-vote", "al-step": 0, "examples": 3, "precision": 0.26582278481012656, "recall": 1.0, "f1": 0.41999999999999993, "synth-time": 673.5028195381165, "eval-time": 5409.498689413071, "al-time": 0.28761768341064453, "ensemble-time": 24.318078994750977, "run": 3, "threshold": 0.016666666666666666}
Computing majority vote image for threshold 0.02...
Computing performance statistics for majority vote at threshold 0.02...
{"benchmark": "wiki-cell", "ensemble": "majority-vote", "al-step": 0, "examples": 3, "precision": 0.4846153846153846, "recall": 1.0, "f1": 0.6528497409326425, "synth-time": 673.5028195381165, "eval-time": 5409.498689413071, "al-time": 0.2875702381134033, "ensemble-time": 24.318078994750977, "run": 3, "threshold": 0.02}
Computing majority vote image for threshold 0.023333333333333334...
Computing performance statistics for majority vote at threshold 0.023333333333333334...
{"benchmark": "wiki-cell", "ensemble": "majority-vote", "al-step": 0, "examples": 3, "precision": 0.47244094488188976, "recall": 0.9523809523809523, "f1": 0.631578947368421, "synth-time": 673.5028195381165, "eval-time": 5409.498689413071, "al-time": 0.32540130615234375, "ensemble-time": 24.318078994750977, "run": 3, "threshold": 0.023333333333333334}
Computing majority vote image for threshold 0.026666666666666665...
Computing performance statistics for majority vote at threshold 0.026666666666666665...
{"benchmark": "wiki-cell", "ensemble": "majority-vote", "al-step": 0, "examples": 3, "precision": 0.4715447154471545, "recall": 0.9206349206349206, "f1": 0.6236559139784946, "synth-time": 673.5028195381165, "eval-time": 5409.498689413071, "al-time": 0.2532618045806885, "ensemble-time": 24.318078994750977, "run": 3, "threshold": 0.026666666666666665}
Computing majority vote image for threshold 0.03...
Computing performance statistics for majority vote at threshold 0.03...
{"benchmark": "wiki-cell", "ensemble": "majority-vote", "al-step": 0, "examples": 3, "precision": 0.4298245614035088, "recall": 0.7777777777777778, "f1": 0.5536723163841808, "synth-time": 673.5028195381165, "eval-time": 5409.498689413071, "al-time": 0.2708263397216797, "ensemble-time": 24.318078994750977, "run": 3, "threshold": 0.03}
Computing image for weighted majority at step 0...
Computing performance statistics for weighted vote at step 0...
{"benchmark": "wiki-cell", "ensemble": "weighted-vote", "al-step": 0, "examples": 3, "precision": 0.0, "recall": 0.0, "f1": 0.0, "synth-time": 673.5028195381165, "eval-time": 5409.498689413071, "al-time": 0.6883056163787842, "ensemble-time": 24.318078994750977, "run": 3, "threshold": 0}
Checking for a candidate split...
Splitting on node 100982...
Computing image for weighted majority at step 1...
Computing performance statistics for weighted vote at step 1...
{"benchmark": "wiki-cell", "ensemble": "weighted-vote", "al-step": 1, "examples": 3, "precision": 1.0, "recall": 0.3968253968253968, "f1": 0.5681818181818182, "synth-time": 673.5028195381165, "eval-time": 5409.498689413071, "al-time": 0.6302335262298584, "ensemble-time": 24.318078994750977, "run": 3, "threshold": 0}
Checking for a candidate split...
Splitting on node 88824...
Computing image for weighted majority at step 2...
Computing performance statistics for weighted vote at step 2...
{"benchmark": "wiki-cell", "ensemble": "weighted-vote", "al-step": 2, "examples": 3, "precision": 1.0, "recall": 1.0, "f1": 1.0, "synth-time": 673.5028195381165, "eval-time": 5409.498689413071, "al-time": 0.6519017219543457, "ensemble-time": 24.318078994750977, "run": 3, "threshold": 0}
Checking for a candidate split...
Splitting on node 98812...
Computing image for weighted majority at step 3...
Computing performance statistics for weighted vote at step 3...
{"benchmark": "wiki-cell", "ensemble": "weighted-vote", "al-step": 3, "examples": 3, "precision": 1.0, "recall": 1.0, "f1": 1.0, "synth-time": 673.5028195381165, "eval-time": 5409.498689413071, "al-time": 0.629185676574707, "ensemble-time": 24.318078994750977, "run": 3, "threshold": 0}
Checking for a candidate split...
Splitting on node 77538...
Computing image for weighted majority at step 4...
Computing performance statistics for weighted vote at step 4...
{"benchmark": "wiki-cell", "ensemble": "weighted-vote", "al-step": 4, "examples": 3, "precision": 1.0, "recall": 1.0, "f1": 1.0, "synth-time": 673.5028195381165, "eval-time": 5409.498689413071, "al-time": 0.6356072425842285, "ensemble-time": 24.318078994750977, "run": 3, "threshold": 0}
Checking for a candidate split...
Splitting on node 114711...
Computing image for weighted majority at step 5...
Computing performance statistics for weighted vote at step 5...
{"benchmark": "wiki-cell", "ensemble": "weighted-vote", "al-step": 5, "examples": 3, "precision": 1.0, "recall": 1.0, "f1": 1.0, "synth-time": 673.5028195381165, "eval-time": 5409.498689413071, "al-time": 0.6914334297180176, "ensemble-time": 24.318078994750977, "run": 3, "threshold": 0}
Checking for a candidate split...
Splitting on node 98812...
Computing image for weighted majority at step 6...
Computing performance statistics for weighted vote at step 6...
{"benchmark": "wiki-cell", "ensemble": "weighted-vote", "al-step": 6, "examples": 3, "precision": 1.0, "recall": 1.0, "f1": 1.0, "synth-time": 673.5028195381165, "eval-time": 5409.498689413071, "al-time": 0.6983439922332764, "ensemble-time": 24.318078994750977, "run": 3, "threshold": 0}
Checking for a candidate split...
Splitting on node 100296...
Computing image for weighted majority at step 7...
Computing performance statistics for weighted vote at step 7...
{"benchmark": "wiki-cell", "ensemble": "weighted-vote", "al-step": 7, "examples": 3, "precision": 1.0, "recall": 1.0, "f1": 1.0, "synth-time": 673.5028195381165, "eval-time": 5409.498689413071, "al-time": 0.7046995162963867, "ensemble-time": 24.318078994750977, "run": 3, "threshold": 0}
Checking for a candidate split...
Splitting on node 114711...
Computing image for weighted majority at step 8...
Computing performance statistics for weighted vote at step 8...
{"benchmark": "wiki-cell", "ensemble": "weighted-vote", "al-step": 8, "examples": 3, "precision": 1.0, "recall": 1.0, "f1": 1.0, "synth-time": 673.5028195381165, "eval-time": 5409.498689413071, "al-time": 0.7059488296508789, "ensemble-time": 24.318078994750977, "run": 3, "threshold": 0}
Checking for a candidate split...
Splitting on node 98812...
Computing image for weighted majority at step 9...
Computing performance statistics for weighted vote at step 9...
{"benchmark": "wiki-cell", "ensemble": "weighted-vote", "al-step": 9, "examples": 3, "precision": 1.0, "recall": 1.0, "f1": 1.0, "synth-time": 673.5028195381165, "eval-time": 5409.498689413071, "al-time": 0.6976437568664551, "ensemble-time": 24.318078994750977, "run": 3, "threshold": 0}
Checking for a candidate split...
Splitting on node 77538...
Computing image for weighted majority at step 10...
Computing performance statistics for weighted vote at step 10...
{"benchmark": "wiki-cell", "ensemble": "weighted-vote", "al-step": 10, "examples": 3, "precision": 1.0, "recall": 1.0, "f1": 1.0, "synth-time": 673.5028195381165, "eval-time": 5409.498689413071, "al-time": 0.713754415512085, "ensemble-time": 24.318078994750977, "run": 3, "threshold": 0}
Checking for a candidate split...
Splitting on node 114711...
EVALUATION DONE
GROUND TRUTH
Ground truth is provided in wiki-cell.
Data split file detected, splitting into train/test...
Train/test split of 15/63...
GROUND TRUTH DONE

PROBLEM FILE
Sampling 2 instances for ground truth...
Writing to file...
PROBLEM FILE DONE

SYNTHESIS
Spinning up Hera for synthesis...
Synthesized 12658 motifs...
SYNTHESIS DONE

EVALUATION
Spinning up Hera for evaluation...
EVALUATION DONE

ANALYSIS
Constructing ensembles...
Extracting target vertices...
Starting evaluation...
Computing disjunction image...
Computing disjunction stats...
{"benchmark": "wiki-cell", "ensemble": "disjunction", "al-step": 0, "examples": 2, "precision": 0.014596848934198332, "recall": 1.0, "f1": 0.028773692623886734, "synth-time": 2198.8141584396362, "eval-time": 5527.10008764267, "al-time": 0.8011484146118164, "ensemble-time": 29.308485507965088, "run": 3, "threshold": 0}
Computing majority vote image for threshold 0.0...
Computing performance statistics for majority vote at threshold 0.0...
{"benchmark": "wiki-cell", "ensemble": "majority-vote", "al-step": 0, "examples": 2, "precision": 0.014596848934198332, "recall": 1.0, "f1": 0.028773692623886734, "synth-time": 2198.8141584396362, "eval-time": 5527.10008764267, "al-time": 0.27448177337646484, "ensemble-time": 29.308485507965088, "run": 3, "threshold": 0.0}
Computing majority vote image for threshold 0.003333333333333333...
Computing performance statistics for majority vote at threshold 0.003333333333333333...
{"benchmark": "wiki-cell", "ensemble": "majority-vote", "al-step": 0, "examples": 2, "precision": 0.11559633027522936, "recall": 1.0, "f1": 0.20723684210526316, "synth-time": 2198.8141584396362, "eval-time": 5527.10008764267, "al-time": 0.27437663078308105, "ensemble-time": 29.308485507965088, "run": 3, "threshold": 0.003333333333333333}
Computing majority vote image for threshold 0.006666666666666666...
Computing performance statistics for majority vote at threshold 0.006666666666666666...
{"benchmark": "wiki-cell", "ensemble": "majority-vote", "al-step": 0, "examples": 2, "precision": 0.4375, "recall": 1.0, "f1": 0.6086956521739131, "synth-time": 2198.8141584396362, "eval-time": 5527.10008764267, "al-time": 0.27420544624328613, "ensemble-time": 29.308485507965088, "run": 3, "threshold": 0.006666666666666666}
Computing majority vote image for threshold 0.01...
Computing performance statistics for majority vote at threshold 0.01...
{"benchmark": "wiki-cell", "ensemble": "majority-vote", "al-step": 0, "examples": 2, "precision": 0.5384615384615384, "recall": 1.0, "f1": 0.7000000000000001, "synth-time": 2198.8141584396362, "eval-time": 5527.10008764267, "al-time": 0.3459949493408203, "ensemble-time": 29.308485507965088, "run": 3, "threshold": 0.01}
Computing majority vote image for threshold 0.013333333333333332...
Computing performance statistics for majority vote at threshold 0.013333333333333332...
{"benchmark": "wiki-cell", "ensemble": "majority-vote", "al-step": 0, "examples": 2, "precision": 0.5700934579439252, "recall": 0.9682539682539683, "f1": 0.7176470588235294, "synth-time": 2198.8141584396362, "eval-time": 5527.10008764267, "al-time": 0.8235170841217041, "ensemble-time": 29.308485507965088, "run": 3, "threshold": 0.013333333333333332}
Computing majority vote image for threshold 0.016666666666666666...
Computing performance statistics for majority vote at threshold 0.016666666666666666...
{"benchmark": "wiki-cell", "ensemble": "majority-vote", "al-step": 0, "examples": 2, "precision": 0.5070422535211268, "recall": 0.5714285714285714, "f1": 0.5373134328358208, "synth-time": 2198.8141584396362, "eval-time": 5527.10008764267, "al-time": 0.3369150161743164, "ensemble-time": 29.308485507965088, "run": 3, "threshold": 0.016666666666666666}
Computing majority vote image for threshold 0.02...
Computing performance statistics for majority vote at threshold 0.02...
{"benchmark": "wiki-cell", "ensemble": "majority-vote", "al-step": 0, "examples": 2, "precision": 0.5, "recall": 0.5238095238095238, "f1": 0.5116279069767442, "synth-time": 2198.8141584396362, "eval-time": 5527.10008764267, "al-time": 0.2775909900665283, "ensemble-time": 29.308485507965088, "run": 3, "threshold": 0.02}
Computing majority vote image for threshold 0.023333333333333334...
Computing performance statistics for majority vote at threshold 0.023333333333333334...
{"benchmark": "wiki-cell", "ensemble": "majority-vote", "al-step": 0, "examples": 2, "precision": 0.4074074074074074, "recall": 0.3492063492063492, "f1": 0.37606837606837606, "synth-time": 2198.8141584396362, "eval-time": 5527.10008764267, "al-time": 0.2788553237915039, "ensemble-time": 29.308485507965088, "run": 3, "threshold": 0.023333333333333334}
Computing majority vote image for threshold 0.026666666666666665...
Computing performance statistics for majority vote at threshold 0.026666666666666665...
{"benchmark": "wiki-cell", "ensemble": "majority-vote", "al-step": 0, "examples": 2, "precision": 0.4117647058823529, "recall": 0.3333333333333333, "f1": 0.36842105263157887, "synth-time": 2198.8141584396362, "eval-time": 5527.10008764267, "al-time": 0.28269195556640625, "ensemble-time": 29.308485507965088, "run": 3, "threshold": 0.026666666666666665}
Computing majority vote image for threshold 0.03...
Computing performance statistics for majority vote at threshold 0.03...
{"benchmark": "wiki-cell", "ensemble": "majority-vote", "al-step": 0, "examples": 2, "precision": 0.3617021276595745, "recall": 0.2698412698412698, "f1": 0.3090909090909091, "synth-time": 2198.8141584396362, "eval-time": 5527.10008764267, "al-time": 0.2799861431121826, "ensemble-time": 29.308485507965088, "run": 3, "threshold": 0.03}
Computing image for weighted majority at step 0...
Computing performance statistics for weighted vote at step 0...
{"benchmark": "wiki-cell", "ensemble": "weighted-vote", "al-step": 0, "examples": 2, "precision": 0.0, "recall": 0.0, "f1": 0.0, "synth-time": 2198.8141584396362, "eval-time": 5527.10008764267, "al-time": 2.5897295475006104, "ensemble-time": 29.308485507965088, "run": 3, "threshold": 0}
Checking for a candidate split...
Splitting on node 100982...
Computing image for weighted majority at step 1...
Computing performance statistics for weighted vote at step 1...
{"benchmark": "wiki-cell", "ensemble": "weighted-vote", "al-step": 1, "examples": 2, "precision": 1.0, "recall": 0.015873015873015872, "f1": 0.03125, "synth-time": 2198.8141584396362, "eval-time": 5527.10008764267, "al-time": 2.8087432384490967, "ensemble-time": 29.308485507965088, "run": 3, "threshold": 0}
Checking for a candidate split...
Splitting on node 145031...
Computing image for weighted majority at step 2...
Computing performance statistics for weighted vote at step 2...
{"benchmark": "wiki-cell", "ensemble": "weighted-vote", "al-step": 2, "examples": 2, "precision": 1.0, "recall": 0.5238095238095238, "f1": 0.6875000000000001, "synth-time": 2198.8141584396362, "eval-time": 5527.10008764267, "al-time": 2.139455795288086, "ensemble-time": 29.308485507965088, "run": 3, "threshold": 0}
Checking for a candidate split...
Splitting on node 86224...
Computing image for weighted majority at step 3...
Computing performance statistics for weighted vote at step 3...
{"benchmark": "wiki-cell", "ensemble": "weighted-vote", "al-step": 3, "examples": 2, "precision": 1.0, "recall": 1.0, "f1": 1.0, "synth-time": 2198.8141584396362, "eval-time": 5527.10008764267, "al-time": 1.0995001792907715, "ensemble-time": 29.308485507965088, "run": 3, "threshold": 0}
Checking for a candidate split...
Splitting on node 98812...
Computing image for weighted majority at step 4...
Computing performance statistics for weighted vote at step 4...
{"benchmark": "wiki-cell", "ensemble": "weighted-vote", "al-step": 4, "examples": 2, "precision": 1.0, "recall": 1.0, "f1": 1.0, "synth-time": 2198.8141584396362, "eval-time": 5527.10008764267, "al-time": 1.1051225662231445, "ensemble-time": 29.308485507965088, "run": 3, "threshold": 0}
Checking for a candidate split...
Splitting on node 141023...
Computing image for weighted majority at step 5...
Computing performance statistics for weighted vote at step 5...
{"benchmark": "wiki-cell", "ensemble": "weighted-vote", "al-step": 5, "examples": 2, "precision": 1.0, "recall": 1.0, "f1": 1.0, "synth-time": 2198.8141584396362, "eval-time": 5527.10008764267, "al-time": 1.1660335063934326, "ensemble-time": 29.308485507965088, "run": 3, "threshold": 0}
Checking for a candidate split...
Splitting on node 86217...
Computing image for weighted majority at step 6...
Computing performance statistics for weighted vote at step 6...
{"benchmark": "wiki-cell", "ensemble": "weighted-vote", "al-step": 6, "examples": 2, "precision": 1.0, "recall": 1.0, "f1": 1.0, "synth-time": 2198.8141584396362, "eval-time": 5527.10008764267, "al-time": 1.0942299365997314, "ensemble-time": 29.308485507965088, "run": 3, "threshold": 0}
Checking for a candidate split...
Splitting on node 98812...
Computing image for weighted majority at step 7...
Computing performance statistics for weighted vote at step 7...
{"benchmark": "wiki-cell", "ensemble": "weighted-vote", "al-step": 7, "examples": 2, "precision": 1.0, "recall": 1.0, "f1": 1.0, "synth-time": 2198.8141584396362, "eval-time": 5527.10008764267, "al-time": 1.0964221954345703, "ensemble-time": 29.308485507965088, "run": 3, "threshold": 0}
Checking for a candidate split...
Splitting on node 141023...
Computing image for weighted majority at step 8...
Computing performance statistics for weighted vote at step 8...
{"benchmark": "wiki-cell", "ensemble": "weighted-vote", "al-step": 8, "examples": 2, "precision": 1.0, "recall": 1.0, "f1": 1.0, "synth-time": 2198.8141584396362, "eval-time": 5527.10008764267, "al-time": 1.0952365398406982, "ensemble-time": 29.308485507965088, "run": 3, "threshold": 0}
Checking for a candidate split...
Splitting on node 86217...
Computing image for weighted majority at step 9...
Computing performance statistics for weighted vote at step 9...
{"benchmark": "wiki-cell", "ensemble": "weighted-vote", "al-step": 9, "examples": 2, "precision": 1.0, "recall": 1.0, "f1": 1.0, "synth-time": 2198.8141584396362, "eval-time": 5527.10008764267, "al-time": 1.093949794769287, "ensemble-time": 29.308485507965088, "run": 3, "threshold": 0}
Checking for a candidate split...
Splitting on node 98812...
Computing image for weighted majority at step 10...
Computing performance statistics for weighted vote at step 10...
{"benchmark": "wiki-cell", "ensemble": "weighted-vote", "al-step": 10, "examples": 2, "precision": 1.0, "recall": 1.0, "f1": 1.0, "synth-time": 2198.8141584396362, "eval-time": 5527.10008764267, "al-time": 1.1960344314575195, "ensemble-time": 29.308485507965088, "run": 3, "threshold": 0}
Checking for a candidate split...
Splitting on node 100296...
EVALUATION DONE
GROUND TRUTH
Ground truth is provided in wiki-cell.
Data split file detected, splitting into train/test...
Train/test split of 15/63...
GROUND TRUTH DONE

PROBLEM FILE
Sampling 3 instances for ground truth...
Writing to file...
PROBLEM FILE DONE

SYNTHESIS
Spinning up Hera for synthesis...
Synthesized 15576 motifs...
SYNTHESIS DONE

EVALUATION
Spinning up Hera for evaluation...
EVALUATION DONE

ANALYSIS
Constructing ensembles...
Extracting target vertices...
Starting evaluation...
Computing disjunction image...
Computing disjunction stats...
{"benchmark": "wiki-cell", "ensemble": "disjunction", "al-step": 0, "examples": 3, "precision": 0.014596848934198332, "recall": 1.0, "f1": 0.028773692623886734, "synth-time": 2116.0524220466614, "eval-time": 6324.237595796585, "al-time": 0.36129045486450195, "ensemble-time": 33.31980538368225, "run": 1, "threshold": 0}
Computing majority vote image for threshold 0.0...
Computing performance statistics for majority vote at threshold 0.0...
{"benchmark": "wiki-cell", "ensemble": "majority-vote", "al-step": 0, "examples": 3, "precision": 0.014596848934198332, "recall": 1.0, "f1": 0.028773692623886734, "synth-time": 2116.0524220466614, "eval-time": 6324.237595796585, "al-time": 0.36486172676086426, "ensemble-time": 33.31980538368225, "run": 1, "threshold": 0.0}
Computing majority vote image for threshold 0.003333333333333333...
Computing performance statistics for majority vote at threshold 0.003333333333333333...
{"benchmark": "wiki-cell", "ensemble": "majority-vote", "al-step": 0, "examples": 3, "precision": 0.10112359550561797, "recall": 1.0, "f1": 0.18367346938775508, "synth-time": 2116.0524220466614, "eval-time": 6324.237595796585, "al-time": 0.3638908863067627, "ensemble-time": 33.31980538368225, "run": 1, "threshold": 0.003333333333333333}
Computing majority vote image for threshold 0.006666666666666666...
Computing performance statistics for majority vote at threshold 0.006666666666666666...
{"benchmark": "wiki-cell", "ensemble": "majority-vote", "al-step": 0, "examples": 3, "precision": 0.24705882352941178, "recall": 1.0, "f1": 0.39622641509433965, "synth-time": 2116.0524220466614, "eval-time": 6324.237595796585, "al-time": 0.36392807960510254, "ensemble-time": 33.31980538368225, "run": 1, "threshold": 0.006666666666666666}
Computing majority vote image for threshold 0.01...
Computing performance statistics for majority vote at threshold 0.01...
{"benchmark": "wiki-cell", "ensemble": "majority-vote", "al-step": 0, "examples": 3, "precision": 0.2647058823529412, "recall": 1.0, "f1": 0.4186046511627907, "synth-time": 2116.0524220466614, "eval-time": 6324.237595796585, "al-time": 0.3641829490661621, "ensemble-time": 33.31980538368225, "run": 1, "threshold": 0.01}
Computing majority vote image for threshold 0.013333333333333332...
Computing performance statistics for majority vote at threshold 0.013333333333333332...
{"benchmark": "wiki-cell", "ensemble": "majority-vote", "al-step": 0, "examples": 3, "precision": 0.4621212121212121, "recall": 0.9682539682539683, "f1": 0.6256410256410256, "synth-time": 2116.0524220466614, "eval-time": 6324.237595796585, "al-time": 0.36347222328186035, "ensemble-time": 33.31980538368225, "run": 1, "threshold": 0.013333333333333332}
Computing majority vote image for threshold 0.016666666666666666...
Computing performance statistics for majority vote at threshold 0.016666666666666666...
{"benchmark": "wiki-cell", "ensemble": "majority-vote", "al-step": 0, "examples": 3, "precision": 0.38181818181818183, "recall": 0.6666666666666666, "f1": 0.4855491329479769, "synth-time": 2116.0524220466614, "eval-time": 6324.237595796585, "al-time": 0.36375880241394043, "ensemble-time": 33.31980538368225, "run": 1, "threshold": 0.016666666666666666}
Computing majority vote image for threshold 0.02...
Computing performance statistics for majority vote at threshold 0.02...
{"benchmark": "wiki-cell", "ensemble": "majority-vote", "al-step": 0, "examples": 3, "precision": 0.33663366336633666, "recall": 0.5396825396825397, "f1": 0.41463414634146345, "synth-time": 2116.0524220466614, "eval-time": 6324.237595796585, "al-time": 0.3650214672088623, "ensemble-time": 33.31980538368225, "run": 1, "threshold": 0.02}
Computing majority vote image for threshold 0.023333333333333334...
Computing performance statistics for majority vote at threshold 0.023333333333333334...
{"benchmark": "wiki-cell", "ensemble": "majority-vote", "al-step": 0, "examples": 3, "precision": 0.175, "recall": 0.2222222222222222, "f1": 0.19580419580419578, "synth-time": 2116.0524220466614, "eval-time": 6324.237595796585, "al-time": 0.3632164001464844, "ensemble-time": 33.31980538368225, "run": 1, "threshold": 0.023333333333333334}
Computing majority vote image for threshold 0.026666666666666665...
Computing performance statistics for majority vote at threshold 0.026666666666666665...
{"benchmark": "wiki-cell", "ensemble": "majority-vote", "al-step": 0, "examples": 3, "precision": 0.7692307692307693, "recall": 0.15873015873015872, "f1": 0.2631578947368421, "synth-time": 2116.0524220466614, "eval-time": 6324.237595796585, "al-time": 0.3635742664337158, "ensemble-time": 33.31980538368225, "run": 1, "threshold": 0.026666666666666665}
Computing majority vote image for threshold 0.03...
Computing performance statistics for majority vote at threshold 0.03...
{"benchmark": "wiki-cell", "ensemble": "majority-vote", "al-step": 0, "examples": 3, "precision": 1.0, "recall": 0.1111111111111111, "f1": 0.19999999999999998, "synth-time": 2116.0524220466614, "eval-time": 6324.237595796585, "al-time": 0.36260557174682617, "ensemble-time": 33.31980538368225, "run": 1, "threshold": 0.03}
Computing image for weighted majority at step 0...
Computing performance statistics for weighted vote at step 0...
{"benchmark": "wiki-cell", "ensemble": "weighted-vote", "al-step": 0, "examples": 3, "precision": 0.0, "recall": 0.0, "f1": 0.0, "synth-time": 2116.0524220466614, "eval-time": 6324.237595796585, "al-time": 0.90618896484375, "ensemble-time": 33.31980538368225, "run": 1, "threshold": 0}
Checking for a candidate split...
Splitting on node 100982...
Computing image for weighted majority at step 1...
Computing performance statistics for weighted vote at step 1...
{"benchmark": "wiki-cell", "ensemble": "weighted-vote", "al-step": 1, "examples": 3, "precision": 1.0, "recall": 0.015873015873015872, "f1": 0.03125, "synth-time": 2116.0524220466614, "eval-time": 6324.237595796585, "al-time": 0.9063184261322021, "ensemble-time": 33.31980538368225, "run": 1, "threshold": 0}
Checking for a candidate split...
Splitting on node 71756...
Computing image for weighted majority at step 2...
Computing performance statistics for weighted vote at step 2...
{"benchmark": "wiki-cell", "ensemble": "weighted-vote", "al-step": 2, "examples": 3, "precision": 1.0, "recall": 0.9206349206349206, "f1": 0.9586776859504132, "synth-time": 2116.0524220466614, "eval-time": 6324.237595796585, "al-time": 0.904322624206543, "ensemble-time": 33.31980538368225, "run": 1, "threshold": 0}
Checking for a candidate split...
Splitting on node 140362...
Computing image for weighted majority at step 3...
Computing performance statistics for weighted vote at step 3...
{"benchmark": "wiki-cell", "ensemble": "weighted-vote", "al-step": 3, "examples": 3, "precision": 1.0, "recall": 1.0, "f1": 1.0, "synth-time": 2116.0524220466614, "eval-time": 6324.237595796585, "al-time": 0.9005706310272217, "ensemble-time": 33.31980538368225, "run": 1, "threshold": 0}
Checking for a candidate split...
Splitting on node 100296...
Computing image for weighted majority at step 4...
Computing performance statistics for weighted vote at step 4...
{"benchmark": "wiki-cell", "ensemble": "weighted-vote", "al-step": 4, "examples": 3, "precision": 1.0, "recall": 1.0, "f1": 1.0, "synth-time": 2116.0524220466614, "eval-time": 6324.237595796585, "al-time": 0.8982915878295898, "ensemble-time": 33.31980538368225, "run": 1, "threshold": 0}
Checking for a candidate split...
Splitting on node 86217...
Computing image for weighted majority at step 5...
Computing performance statistics for weighted vote at step 5...
{"benchmark": "wiki-cell", "ensemble": "weighted-vote", "al-step": 5, "examples": 3, "precision": 1.0, "recall": 1.0, "f1": 1.0, "synth-time": 2116.0524220466614, "eval-time": 6324.237595796585, "al-time": 0.9017744064331055, "ensemble-time": 33.31980538368225, "run": 1, "threshold": 0}
Checking for a candidate split...
Splitting on node 98812...
Computing image for weighted majority at step 6...
Computing performance statistics for weighted vote at step 6...
{"benchmark": "wiki-cell", "ensemble": "weighted-vote", "al-step": 6, "examples": 3, "precision": 1.0, "recall": 1.0, "f1": 1.0, "synth-time": 2116.0524220466614, "eval-time": 6324.237595796585, "al-time": 0.8968508243560791, "ensemble-time": 33.31980538368225, "run": 1, "threshold": 0}
Checking for a candidate split...
Splitting on node 99635...
Computing image for weighted majority at step 7...
Computing performance statistics for weighted vote at step 7...
{"benchmark": "wiki-cell", "ensemble": "weighted-vote", "al-step": 7, "examples": 3, "precision": 1.0, "recall": 1.0, "f1": 1.0, "synth-time": 2116.0524220466614, "eval-time": 6324.237595796585, "al-time": 0.9489929676055908, "ensemble-time": 33.31980538368225, "run": 1, "threshold": 0}
Checking for a candidate split...
Splitting on node 86217...
Computing image for weighted majority at step 8...
Computing performance statistics for weighted vote at step 8...
{"benchmark": "wiki-cell", "ensemble": "weighted-vote", "al-step": 8, "examples": 3, "precision": 1.0, "recall": 1.0, "f1": 1.0, "synth-time": 2116.0524220466614, "eval-time": 6324.237595796585, "al-time": 0.9475507736206055, "ensemble-time": 33.31980538368225, "run": 1, "threshold": 0}
Checking for a candidate split...
Splitting on node 98812...
Computing image for weighted majority at step 9...
Computing performance statistics for weighted vote at step 9...
{"benchmark": "wiki-cell", "ensemble": "weighted-vote", "al-step": 9, "examples": 3, "precision": 1.0, "recall": 1.0, "f1": 1.0, "synth-time": 2116.0524220466614, "eval-time": 6324.237595796585, "al-time": 0.9445948600769043, "ensemble-time": 33.31980538368225, "run": 1, "threshold": 0}
Checking for a candidate split...
Splitting on node 100296...
Computing image for weighted majority at step 10...
Computing performance statistics for weighted vote at step 10...
{"benchmark": "wiki-cell", "ensemble": "weighted-vote", "al-step": 10, "examples": 3, "precision": 1.0, "recall": 1.0, "f1": 1.0, "synth-time": 2116.0524220466614, "eval-time": 6324.237595796585, "al-time": 0.9439723491668701, "ensemble-time": 33.31980538368225, "run": 1, "threshold": 0}
Checking for a candidate split...
Splitting on node 86217...
EVALUATION DONE
GROUND TRUTH
Ground truth is provided in wiki-cell.
Data split file detected, splitting into train/test...
Train/test split of 15/63...
GROUND TRUTH DONE

PROBLEM FILE
Sampling 3 instances for ground truth...
Writing to file...
PROBLEM FILE DONE

SYNTHESIS
Spinning up Hera for synthesis...
Synthesized 19485 motifs...
SYNTHESIS DONE

EVALUATION
Spinning up Hera for evaluation...
EVALUATION DONE

ANALYSIS
Constructing ensembles...
Extracting target vertices...
Starting evaluation...
Computing disjunction image...
Computing disjunction stats...
{"benchmark": "wiki-cell", "ensemble": "disjunction", "al-step": 0, "examples": 3, "precision": 0.014596848934198332, "recall": 1.0, "f1": 0.028773692623886734, "synth-time": 4469.883625984192, "eval-time": 5629.70294380188, "al-time": 0.4925529956817627, "ensemble-time": 46.70000672340393, "run": 2, "threshold": 0}
Computing majority vote image for threshold 0.0...
Computing performance statistics for majority vote at threshold 0.0...
{"benchmark": "wiki-cell", "ensemble": "majority-vote", "al-step": 0, "examples": 3, "precision": 0.014596848934198332, "recall": 1.0, "f1": 0.028773692623886734, "synth-time": 4469.883625984192, "eval-time": 5629.70294380188, "al-time": 0.49875855445861816, "ensemble-time": 46.70000672340393, "run": 2, "threshold": 0.0}
Computing majority vote image for threshold 0.003333333333333333...
Computing performance statistics for majority vote at threshold 0.003333333333333333...
{"benchmark": "wiki-cell", "ensemble": "majority-vote", "al-step": 0, "examples": 3, "precision": 0.02368421052631579, "recall": 1.0, "f1": 0.04627249357326479, "synth-time": 4469.883625984192, "eval-time": 5629.70294380188, "al-time": 0.49904966354370117, "ensemble-time": 46.70000672340393, "run": 2, "threshold": 0.003333333333333333}
Computing majority vote image for threshold 0.006666666666666666...
Computing performance statistics for majority vote at threshold 0.006666666666666666...
{"benchmark": "wiki-cell", "ensemble": "majority-vote", "al-step": 0, "examples": 3, "precision": 0.4666666666666667, "recall": 1.0, "f1": 0.6363636363636364, "synth-time": 4469.883625984192, "eval-time": 5629.70294380188, "al-time": 0.4977295398712158, "ensemble-time": 46.70000672340393, "run": 2, "threshold": 0.006666666666666666}
Computing majority vote image for threshold 0.01...
Computing performance statistics for majority vote at threshold 0.01...
{"benchmark": "wiki-cell", "ensemble": "majority-vote", "al-step": 0, "examples": 3, "precision": 0.5526315789473685, "recall": 1.0, "f1": 0.711864406779661, "synth-time": 4469.883625984192, "eval-time": 5629.70294380188, "al-time": 0.4986743927001953, "ensemble-time": 46.70000672340393, "run": 2, "threshold": 0.01}
Computing majority vote image for threshold 0.013333333333333332...
Computing performance statistics for majority vote at threshold 0.013333333333333332...
{"benchmark": "wiki-cell", "ensemble": "majority-vote", "al-step": 0, "examples": 3, "precision": 0.4588235294117647, "recall": 0.6190476190476191, "f1": 0.5270270270270271, "synth-time": 4469.883625984192, "eval-time": 5629.70294380188, "al-time": 0.4981241226196289, "ensemble-time": 46.70000672340393, "run": 2, "threshold": 0.013333333333333332}
Computing majority vote image for threshold 0.016666666666666666...
Computing performance statistics for majority vote at threshold 0.016666666666666666...
{"benchmark": "wiki-cell", "ensemble": "majority-vote", "al-step": 0, "examples": 3, "precision": 0.4230769230769231, "recall": 0.5238095238095238, "f1": 0.4680851063829788, "synth-time": 4469.883625984192, "eval-time": 5629.70294380188, "al-time": 0.4984555244445801, "ensemble-time": 46.70000672340393, "run": 2, "threshold": 0.016666666666666666}
Computing majority vote image for threshold 0.02...
Computing performance statistics for majority vote at threshold 0.02...
{"benchmark": "wiki-cell", "ensemble": "majority-vote", "al-step": 0, "examples": 3, "precision": 0.39285714285714285, "recall": 0.3492063492063492, "f1": 0.3697478991596638, "synth-time": 4469.883625984192, "eval-time": 5629.70294380188, "al-time": 0.49831080436706543, "ensemble-time": 46.70000672340393, "run": 2, "threshold": 0.02}
Computing majority vote image for threshold 0.023333333333333334...
Computing performance statistics for majority vote at threshold 0.023333333333333334...
{"benchmark": "wiki-cell", "ensemble": "majority-vote", "al-step": 0, "examples": 3, "precision": 0.38181818181818183, "recall": 0.3333333333333333, "f1": 0.3559322033898305, "synth-time": 4469.883625984192, "eval-time": 5629.70294380188, "al-time": 0.4987068176269531, "ensemble-time": 46.70000672340393, "run": 2, "threshold": 0.023333333333333334}
Computing majority vote image for threshold 0.026666666666666665...
Computing performance statistics for majority vote at threshold 0.026666666666666665...
{"benchmark": "wiki-cell", "ensemble": "majority-vote", "al-step": 0, "examples": 3, "precision": 0.32, "recall": 0.25396825396825395, "f1": 0.2831858407079646, "synth-time": 4469.883625984192, "eval-time": 5629.70294380188, "al-time": 0.49834632873535156, "ensemble-time": 46.70000672340393, "run": 2, "threshold": 0.026666666666666665}
Computing majority vote image for threshold 0.03...
Computing performance statistics for majority vote at threshold 0.03...
{"benchmark": "wiki-cell", "ensemble": "majority-vote", "al-step": 0, "examples": 3, "precision": 0.3125, "recall": 0.23809523809523808, "f1": 0.27027027027027023, "synth-time": 4469.883625984192, "eval-time": 5629.70294380188, "al-time": 0.4984731674194336, "ensemble-time": 46.70000672340393, "run": 2, "threshold": 0.03}
Computing image for weighted majority at step 0...
Computing performance statistics for weighted vote at step 0...
{"benchmark": "wiki-cell", "ensemble": "weighted-vote", "al-step": 0, "examples": 3, "precision": 0.0, "recall": 0.0, "f1": 0.0, "synth-time": 4469.883625984192, "eval-time": 5629.70294380188, "al-time": 1.2152726650238037, "ensemble-time": 46.70000672340393, "run": 2, "threshold": 0}
Checking for a candidate split...
Splitting on node 145031...
Computing image for weighted majority at step 1...
Computing performance statistics for weighted vote at step 1...
{"benchmark": "wiki-cell", "ensemble": "weighted-vote", "al-step": 1, "examples": 3, "precision": 0.75, "recall": 0.047619047619047616, "f1": 0.08955223880597014, "synth-time": 4469.883625984192, "eval-time": 5629.70294380188, "al-time": 1.212146282196045, "ensemble-time": 46.70000672340393, "run": 2, "threshold": 0}
Checking for a candidate split...
Splitting on node 119872...
Computing image for weighted majority at step 2...
Computing performance statistics for weighted vote at step 2...
{"benchmark": "wiki-cell", "ensemble": "weighted-vote", "al-step": 2, "examples": 3, "precision": 1.0, "recall": 0.047619047619047616, "f1": 0.0909090909090909, "synth-time": 4469.883625984192, "eval-time": 5629.70294380188, "al-time": 1.2115089893341064, "ensemble-time": 46.70000672340393, "run": 2, "threshold": 0}
Checking for a candidate split...
Splitting on node 87338...
Computing image for weighted majority at step 3...
Computing performance statistics for weighted vote at step 3...
{"benchmark": "wiki-cell", "ensemble": "weighted-vote", "al-step": 3, "examples": 3, "precision": 1.0, "recall": 0.19047619047619047, "f1": 0.32, "synth-time": 4469.883625984192, "eval-time": 5629.70294380188, "al-time": 1.214961290359497, "ensemble-time": 46.70000672340393, "run": 2, "threshold": 0}
Checking for a candidate split...
Splitting on node 100982...
Computing image for weighted majority at step 4...
Computing performance statistics for weighted vote at step 4...
{"benchmark": "wiki-cell", "ensemble": "weighted-vote", "al-step": 4, "examples": 3, "precision": 1.0, "recall": 1.0, "f1": 1.0, "synth-time": 4469.883625984192, "eval-time": 5629.70294380188, "al-time": 1.2120468616485596, "ensemble-time": 46.70000672340393, "run": 2, "threshold": 0}
Checking for a candidate split...
Splitting on node 98812...
Computing image for weighted majority at step 5...
Computing performance statistics for weighted vote at step 5...
{"benchmark": "wiki-cell", "ensemble": "weighted-vote", "al-step": 5, "examples": 3, "precision": 1.0, "recall": 1.0, "f1": 1.0, "synth-time": 4469.883625984192, "eval-time": 5629.70294380188, "al-time": 1.2114145755767822, "ensemble-time": 46.70000672340393, "run": 2, "threshold": 0}
Checking for a candidate split...
Splitting on node 141023...
Computing image for weighted majority at step 6...
Computing performance statistics for weighted vote at step 6...
{"benchmark": "wiki-cell", "ensemble": "weighted-vote", "al-step": 6, "examples": 3, "precision": 1.0, "recall": 1.0, "f1": 1.0, "synth-time": 4469.883625984192, "eval-time": 5629.70294380188, "al-time": 1.2114601135253906, "ensemble-time": 46.70000672340393, "run": 2, "threshold": 0}
Checking for a candidate split...
Splitting on node 86217...
Computing image for weighted majority at step 7...
Computing performance statistics for weighted vote at step 7...
{"benchmark": "wiki-cell", "ensemble": "weighted-vote", "al-step": 7, "examples": 3, "precision": 1.0, "recall": 1.0, "f1": 1.0, "synth-time": 4469.883625984192, "eval-time": 5629.70294380188, "al-time": 1.2113895416259766, "ensemble-time": 46.70000672340393, "run": 2, "threshold": 0}
Checking for a candidate split...
Splitting on node 98812...
Computing image for weighted majority at step 8...
Computing performance statistics for weighted vote at step 8...
{"benchmark": "wiki-cell", "ensemble": "weighted-vote", "al-step": 8, "examples": 3, "precision": 1.0, "recall": 1.0, "f1": 1.0, "synth-time": 4469.883625984192, "eval-time": 5629.70294380188, "al-time": 1.2126352787017822, "ensemble-time": 46.70000672340393, "run": 2, "threshold": 0}
Checking for a candidate split...
Splitting on node 141023...
Computing image for weighted majority at step 9...
Computing performance statistics for weighted vote at step 9...
{"benchmark": "wiki-cell", "ensemble": "weighted-vote", "al-step": 9, "examples": 3, "precision": 1.0, "recall": 1.0, "f1": 1.0, "synth-time": 4469.883625984192, "eval-time": 5629.70294380188, "al-time": 1.213681936264038, "ensemble-time": 46.70000672340393, "run": 2, "threshold": 0}
Checking for a candidate split...
Splitting on node 86217...
Computing image for weighted majority at step 10...
Computing performance statistics for weighted vote at step 10...
{"benchmark": "wiki-cell", "ensemble": "weighted-vote", "al-step": 10, "examples": 3, "precision": 1.0, "recall": 1.0, "f1": 1.0, "synth-time": 4469.883625984192, "eval-time": 5629.70294380188, "al-time": 1.2197868824005127, "ensemble-time": 46.70000672340393, "run": 2, "threshold": 0}
Checking for a candidate split...
Splitting on node 98812...
EVALUATION DONE
